<?xml version="1.0" encoding="UTF-8"?>
<!-- Generated by org.testng.reporters.JUnitXMLReporter -->
<testsuite hostname="DPCD-D6M98R1" ignored="6" name="BliVakker" tests="6" failures="1" timestamp="11 Apr 2018 11:38:07 GMT" time="498.504" errors="0">
  <testcase name="guestPrepayment" time="60.261" classname="src.com.pack.common.tests.CheckOutPageTest"/>
  <testcase name="guestBankaxess" time="110.448" classname="src.com.pack.common.tests.CheckOutPageTest"/>
  <testcase name="guestCheckout" time="60.361" classname="src.com.pack.common.tests.CheckOutPageTest"/>
  <testcase name="mastercguest" time="49.012" classname="src.com.pack.common.tests.CheckOutPageTest"/>
  <testcase name="loggedinuserCheckout" time="113.944" classname="src.com.pack.common.tests.CheckOutPageTest">
    <failure type="org.openqa.selenium.TimeoutException" message="Expected condition failed: waiting for visibility of element located by By.xpath: //h2/a/strong (tried for 45 second(s) with 500 milliseconds interval)">
      <![CDATA[org.openqa.selenium.TimeoutException: Expected condition failed: waiting for visibility of element located by By.xpath: //h2/a/strong (tried for 45 second(s) with 500 milliseconds interval)at org.openqa.selenium.support.ui.WebDriverWait.timeoutException(WebDriverWait.java:82)at org.openqa.selenium.support.ui.FluentWait.until(FluentWait.java:272)at src.com.pack.common.pageobjects.CheckOutPage.orderNumber(CheckOutPage.java:932)at src.com.pack.common.tests.CheckOutPageTest.loggedinuserCheckout(CheckOutPageTest.java:146)Caused by: org.openqa.selenium.NoSuchElementException: Cannot locate an element using By.xpath: //h2/a/strongFor documentation on this error, please visit: http://seleniumhq.org/exceptions/no_such_element.htmlBuild info: version: '3.10.0', revision: '176b4a9', time: '2018-03-02T19:11:12.151Z'System info: host: 'DPCD-D6M98R1', ip: '10.11.16.104', os.name: 'Windows 7', os.arch: 'amd64', os.version: '6.1', java.version: '1.8.0_151'Driver info: driver.version: unknownat org.openqa.selenium.support.ui.ExpectedConditions.lambda$findElement$0(ExpectedConditions.java:896)at java.util.Optional.orElseThrow(Unknown Source)at org.openqa.selenium.support.ui.ExpectedConditions.findElement(ExpectedConditions.java:895)at org.openqa.selenium.support.ui.ExpectedConditions.access$000(ExpectedConditions.java:44)at org.openqa.selenium.support.ui.ExpectedConditions$7.apply(ExpectedConditions.java:206)at org.openqa.selenium.support.ui.ExpectedConditions$7.apply(ExpectedConditions.java:202)at org.openqa.selenium.support.ui.FluentWait.until(FluentWait.java:249)... 28 more... Removed 26 stack frames]]>
    </failure>
  </testcase> <!-- loggedinuserCheckout -->
  <testcase name="loggedinuserCollector" time="52.584" classname="src.com.pack.common.tests.CheckOutPageTest"/>
  <testcase name="loggedinuserDankort" time="0.0" classname="src.com.pack.common.tests.CheckOutPageTest">
    <ignored/>
  </testcase> <!-- loggedinuserDankort -->
  <testcase name="loggedinuserEasyPayment" time="0.0" classname="src.com.pack.common.tests.CheckOutPageTest">
    <ignored/>
  </testcase> <!-- loggedinuserEasyPayment -->
  <testcase name="RegisterMasterPass" time="0.0" classname="src.com.pack.common.tests.CheckOutPageTest">
    <ignored/>
  </testcase> <!-- RegisterMasterPass -->
  <testcase name="loggedinusersofort" time="0.0" classname="src.com.pack.common.tests.CheckOutPageTest">
    <ignored/>
  </testcase> <!-- loggedinusersofort -->
  <testcase name="loggedinuserTrustly" time="0.0" classname="src.com.pack.common.tests.CheckOutPageTest">
    <ignored/>
  </testcase> <!-- loggedinuserTrustly -->
  <testcase name="loggedinuserpaypal" time="0.0" classname="src.com.pack.common.tests.CheckOutPageTest">
    <ignored/>
  </testcase> <!-- loggedinuserpaypal -->
</testsuite> <!-- BliVakker -->
