<?xml version="1.0" encoding="UTF-8"?>
<!-- Generated by org.testng.reporters.JUnitXMLReporter -->
<testsuite hostname="DPCD-D6M98R1" ignored="6" name="CP-Germany" tests="6" failures="1" timestamp="11 Apr 2018 11:46:00 GMT" time="473.349" errors="0">
  <testcase name="guestCheckout" time="58.783" classname="src.com.pack.common.tests.CheckOutPageTest"/>
  <testcase name="mastercguest" time="67.034" classname="src.com.pack.common.tests.CheckOutPageTest"/>
  <testcase name="loggedinuserCheckout" time="71.106" classname="src.com.pack.common.tests.CheckOutPageTest"/>
  <testcase name="loggedinusersofort" time="53.062" classname="src.com.pack.common.tests.CheckOutPageTest"/>
  <testcase name="loggedinuserpaypal" time="120.63" classname="src.com.pack.common.tests.CheckOutPageTest">
    <failure type="org.openqa.selenium.NoSuchFrameException" message="No frame element found by name or id injectedUl
Build info: version: &amp;apos;3.10.0&amp;apos;, revision: &amp;apos;176b4a9&amp;apos;, time: &amp;apos;2018-03-02T19:11:12.151Z&amp;apos;
System info: host: &amp;apos;DPCD-D6M98R1&amp;apos;, ip: &amp;apos;10.11.16.104&amp;apos;, os.name: &amp;apos;Windows 7&amp;apos;, os.arch: &amp;apos;amd64&amp;apos;, os.version: &amp;apos;6.1&amp;apos;, java.version: &amp;apos;1.8.0_151&amp;apos;
Driver info: driver.version: unknown">
      <![CDATA[org.openqa.selenium.NoSuchFrameException: No frame element found by name or id injectedUlBuild info: version: '3.10.0', revision: '176b4a9', time: '2018-03-02T19:11:12.151Z'System info: host: 'DPCD-D6M98R1', ip: '10.11.16.104', os.name: 'Windows 7', os.arch: 'amd64', os.version: '6.1', java.version: '1.8.0_151'Driver info: driver.version: unknownat org.openqa.selenium.remote.RemoteWebDriver$RemoteTargetLocator.frame(RemoteWebDriver.java:940)at src.com.pack.common.pageobjects.CheckOutPage.PayPal(CheckOutPage.java:588)at src.com.pack.common.tests.CheckOutPageTest.loggedinuserpaypal(CheckOutPageTest.java:224)... Removed 26 stack frames]]>
    </failure>
  </testcase> <!-- loggedinuserpaypal -->
  <testcase name="loggedinuserCollector" time="72.904" classname="src.com.pack.common.tests.CheckOutPageTest"/>
  <testcase name="guestPrepayment" time="0.0" classname="src.com.pack.common.tests.CheckOutPageTest">
    <ignored/>
  </testcase> <!-- guestPrepayment -->
  <testcase name="guestBankaxess" time="0.0" classname="src.com.pack.common.tests.CheckOutPageTest">
    <ignored/>
  </testcase> <!-- guestBankaxess -->
  <testcase name="loggedinuserDankort" time="0.0" classname="src.com.pack.common.tests.CheckOutPageTest">
    <ignored/>
  </testcase> <!-- loggedinuserDankort -->
  <testcase name="loggedinuserEasyPayment" time="0.0" classname="src.com.pack.common.tests.CheckOutPageTest">
    <ignored/>
  </testcase> <!-- loggedinuserEasyPayment -->
  <testcase name="RegisterMasterPass" time="0.0" classname="src.com.pack.common.tests.CheckOutPageTest">
    <ignored/>
  </testcase> <!-- RegisterMasterPass -->
  <testcase name="loggedinuserTrustly" time="0.0" classname="src.com.pack.common.tests.CheckOutPageTest">
    <ignored/>
  </testcase> <!-- loggedinuserTrustly -->
</testsuite> <!-- CP-Germany -->
