<?xml version="1.0" encoding="UTF-8"?>
<!-- Generated by org.testng.reporters.JUnitXMLReporter -->
<testsuite hostname="DPCD-D6M98R1" ignored="0" name="Netthandelen" tests="6" failures="0" timestamp="12 Apr 2018 05:12:36 GMT" time="29.982" errors="0">
  <testcase name="@BeforeClass setUp" time="0.001" classname="src.com.pack.common.tests.LiveTest">
    <failure type="org.openqa.selenium.NoSuchSessionException" message="Session ID is null. Using WebDriver after calling quit()?
Build info: version: &amp;apos;3.10.0&amp;apos;, revision: &amp;apos;176b4a9&amp;apos;, time: &amp;apos;2018-03-02T19:11:12.151Z&amp;apos;
System info: host: &amp;apos;DPCD-D6M98R1&amp;apos;, ip: &amp;apos;10.11.16.104&amp;apos;, os.name: &amp;apos;Windows 7&amp;apos;, os.arch: &amp;apos;amd64&amp;apos;, os.version: &amp;apos;6.1&amp;apos;, java.version: &amp;apos;1.8.0_151&amp;apos;
Driver info: driver.version: RemoteWebDriver">
      <![CDATA[org.openqa.selenium.NoSuchSessionException: Session ID is null. Using WebDriver after calling quit()?Build info: version: '3.10.0', revision: '176b4a9', time: '2018-03-02T19:11:12.151Z'System info: host: 'DPCD-D6M98R1', ip: '10.11.16.104', os.name: 'Windows 7', os.arch: 'amd64', os.version: '6.1', java.version: '1.8.0_151'Driver info: driver.version: RemoteWebDriverat org.openqa.selenium.remote.HttpCommandExecutor.execute(HttpCommandExecutor.java:127)at org.openqa.selenium.remote.service.DriverCommandExecutor.execute(DriverCommandExecutor.java:83)at org.openqa.selenium.remote.RemoteWebDriver.execute(RemoteWebDriver.java:601)at org.openqa.selenium.remote.RemoteWebDriver.findElement(RemoteWebDriver.java:371)at org.openqa.selenium.remote.RemoteWebDriver.findElementByXPath(RemoteWebDriver.java:473)at org.openqa.selenium.By$ByXPath.findElement(By.java:361)at org.openqa.selenium.remote.RemoteWebDriver.findElement(RemoteWebDriver.java:363)at org.openqa.selenium.support.pagefactory.DefaultElementLocator.findElement(DefaultElementLocator.java:69)at org.openqa.selenium.support.pagefactory.internal.LocatingElementHandler.invoke(LocatingElementHandler.java:38)at com.sun.proxy.$Proxy11.getAttribute(Unknown Source)at src.com.pack.common.pageobjects.HomePage.<init>(HomePage.java:47)at src.com.pack.common.tests.LiveTest.setUp(LiveTest.java:42)... Removed 27 stack frames]]>
    </failure>
  </testcase> <!-- @BeforeClass setUp -->
  <testcase name="@AfterClass tearDown" time="0.0" classname="src.com.pack.base.TestBaseSetup">
    <skipped/>
  </testcase> <!-- @AfterClass tearDown -->
  <testcase name="HomepageTest" time="0.0" classname="src.com.pack.common.tests.LiveTest">
    <skipped/>
  </testcase> <!-- HomepageTest -->
  <testcase name="SearchFunctionality" time="0.0" classname="src.com.pack.common.tests.LiveTest">
    <skipped/>
  </testcase> <!-- SearchFunctionality -->
  <testcase name="productList" time="0.0" classname="src.com.pack.common.tests.LiveTest">
    <skipped/>
  </testcase> <!-- productList -->
  <testcase name="register" time="0.0" classname="src.com.pack.common.tests.LiveTest">
    <skipped/>
  </testcase> <!-- register -->
  <testcase name="productdetail" time="0.0" classname="src.com.pack.common.tests.LiveTest">
    <skipped/>
  </testcase> <!-- productdetail -->
  <testcase name="cartpage" time="0.0" classname="src.com.pack.common.tests.LiveTest">
    <skipped/>
  </testcase> <!-- cartpage -->
</testsuite> <!-- Netthandelen -->
