<?xml version="1.0" encoding="UTF-8"?>
<testng-results skipped="45" failed="0" ignored="59" total="104" passed="0">
  <reporter-output>
  </reporter-output>
  <suite name="Checkout" duration-ms="37814" started-at="2018-04-23T09:30:28Z" finished-at="2018-04-23T09:31:06Z">
    <groups>
      <group name="dankort">
        <method signature="CheckOutPageTest.loggedinuserDankort()[pri:9, instance:src.com.pack.common.tests.CheckOutPageTest@7276c8cd]" name="loggedinuserDankort" class="src.com.pack.common.tests.CheckOutPageTest"/>
      </group> <!-- dankort -->
      <group name="bankaxess">
        <method signature="CheckOutPageTest.guestBankaxess()[pri:2, instance:src.com.pack.common.tests.CheckOutPageTest@3891771e]" name="guestBankaxess" class="src.com.pack.common.tests.CheckOutPageTest"/>
      </group> <!-- bankaxess -->
      <group name="gmastercard">
        <method signature="CheckOutPageTest.mastercguest()[pri:4, instance:src.com.pack.common.tests.CheckOutPageTest@43738a82]" name="mastercguest" class="src.com.pack.common.tests.CheckOutPageTest"/>
        <method signature="CheckOutPageTest.mastercguest()[pri:4, instance:src.com.pack.common.tests.CheckOutPageTest@3891771e]" name="mastercguest" class="src.com.pack.common.tests.CheckOutPageTest"/>
        <method signature="CheckOutPageTest.mastercguest()[pri:4, instance:src.com.pack.common.tests.CheckOutPageTest@18bf3d14]" name="mastercguest" class="src.com.pack.common.tests.CheckOutPageTest"/>
        <method signature="CheckOutPageTest.mastercguest()[pri:4, instance:src.com.pack.common.tests.CheckOutPageTest@7276c8cd]" name="mastercguest" class="src.com.pack.common.tests.CheckOutPageTest"/>
        <method signature="CheckOutPageTest.mastercguest()[pri:4, instance:src.com.pack.common.tests.CheckOutPageTest@704d6e83]" name="mastercguest" class="src.com.pack.common.tests.CheckOutPageTest"/>
        <method signature="CheckOutPageTest.mastercguest()[pri:4, instance:src.com.pack.common.tests.CheckOutPageTest@67b467e9]" name="mastercguest" class="src.com.pack.common.tests.CheckOutPageTest"/>
        <method signature="CheckOutPageTest.mastercguest()[pri:4, instance:src.com.pack.common.tests.CheckOutPageTest@481a15ff]" name="mastercguest" class="src.com.pack.common.tests.CheckOutPageTest"/>
      </group> <!-- gmastercard -->
      <group name="trustly">
        <method signature="CheckOutPageTest.loggedinuserTrustly()[pri:10, instance:src.com.pack.common.tests.CheckOutPageTest@43738a82]" name="loggedinuserTrustly" class="src.com.pack.common.tests.CheckOutPageTest"/>
        <method signature="CheckOutPageTest.loggedinuserTrustly()[pri:10, instance:src.com.pack.common.tests.CheckOutPageTest@704d6e83]" name="loggedinuserTrustly" class="src.com.pack.common.tests.CheckOutPageTest"/>
      </group> <!-- trustly -->
      <group name="mastercard">
        <method signature="CheckOutPageTest.loggedinuserCheckout()[pri:5, instance:src.com.pack.common.tests.CheckOutPageTest@eafc191]" name="loggedinuserCheckout" class="src.com.pack.common.tests.CheckOutPageTest"/>
        <method signature="CheckOutPageTest.loggedinuserCheckout()[pri:5, instance:src.com.pack.common.tests.CheckOutPageTest@43738a82]" name="loggedinuserCheckout" class="src.com.pack.common.tests.CheckOutPageTest"/>
        <method signature="CheckOutPageTest.loggedinuserCheckout()[pri:5, instance:src.com.pack.common.tests.CheckOutPageTest@3891771e]" name="loggedinuserCheckout" class="src.com.pack.common.tests.CheckOutPageTest"/>
        <method signature="CheckOutPageTest.loggedinuserCheckout()[pri:5, instance:src.com.pack.common.tests.CheckOutPageTest@18bf3d14]" name="loggedinuserCheckout" class="src.com.pack.common.tests.CheckOutPageTest"/>
        <method signature="CheckOutPageTest.loggedinuserCheckout()[pri:5, instance:src.com.pack.common.tests.CheckOutPageTest@7276c8cd]" name="loggedinuserCheckout" class="src.com.pack.common.tests.CheckOutPageTest"/>
        <method signature="CheckOutPageTest.loggedinuserCheckout()[pri:5, instance:src.com.pack.common.tests.CheckOutPageTest@704d6e83]" name="loggedinuserCheckout" class="src.com.pack.common.tests.CheckOutPageTest"/>
        <method signature="CheckOutPageTest.loggedinuserCheckout()[pri:5, instance:src.com.pack.common.tests.CheckOutPageTest@67b467e9]" name="loggedinuserCheckout" class="src.com.pack.common.tests.CheckOutPageTest"/>
        <method signature="CheckOutPageTest.loggedinuserCheckout()[pri:5, instance:src.com.pack.common.tests.CheckOutPageTest@481a15ff]" name="loggedinuserCheckout" class="src.com.pack.common.tests.CheckOutPageTest"/>
      </group> <!-- mastercard -->
      <group name="visacard">
        <method signature="CheckOutPageTest.guestCheckout()[pri:3, instance:src.com.pack.common.tests.CheckOutPageTest@43738a82]" name="guestCheckout" class="src.com.pack.common.tests.CheckOutPageTest"/>
        <method signature="CheckOutPageTest.guestCheckout()[pri:3, instance:src.com.pack.common.tests.CheckOutPageTest@3891771e]" name="guestCheckout" class="src.com.pack.common.tests.CheckOutPageTest"/>
        <method signature="CheckOutPageTest.guestCheckout()[pri:3, instance:src.com.pack.common.tests.CheckOutPageTest@18bf3d14]" name="guestCheckout" class="src.com.pack.common.tests.CheckOutPageTest"/>
        <method signature="CheckOutPageTest.guestCheckout()[pri:3, instance:src.com.pack.common.tests.CheckOutPageTest@7276c8cd]" name="guestCheckout" class="src.com.pack.common.tests.CheckOutPageTest"/>
        <method signature="CheckOutPageTest.guestCheckout()[pri:3, instance:src.com.pack.common.tests.CheckOutPageTest@704d6e83]" name="guestCheckout" class="src.com.pack.common.tests.CheckOutPageTest"/>
        <method signature="CheckOutPageTest.guestCheckout()[pri:3, instance:src.com.pack.common.tests.CheckOutPageTest@67b467e9]" name="guestCheckout" class="src.com.pack.common.tests.CheckOutPageTest"/>
        <method signature="CheckOutPageTest.guestCheckout()[pri:3, instance:src.com.pack.common.tests.CheckOutPageTest@481a15ff]" name="guestCheckout" class="src.com.pack.common.tests.CheckOutPageTest"/>
      </group> <!-- visacard -->
      <group name="paypal">
        <method signature="CheckOutPageTest.loggedinuserpaypal()[pri:7, instance:src.com.pack.common.tests.CheckOutPageTest@18bf3d14]" name="loggedinuserpaypal" class="src.com.pack.common.tests.CheckOutPageTest"/>
      </group> <!-- paypal -->
      <group name="collector">
        <method signature="CheckOutPageTest.loggedinuserCollector()[pri:8, instance:src.com.pack.common.tests.CheckOutPageTest@eafc191]" name="loggedinuserCollector" class="src.com.pack.common.tests.CheckOutPageTest"/>
        <method signature="CheckOutPageTest.loggedinuserCollector()[pri:8, instance:src.com.pack.common.tests.CheckOutPageTest@43738a82]" name="loggedinuserCollector" class="src.com.pack.common.tests.CheckOutPageTest"/>
        <method signature="CheckOutPageTest.loggedinuserCollector()[pri:8, instance:src.com.pack.common.tests.CheckOutPageTest@3891771e]" name="loggedinuserCollector" class="src.com.pack.common.tests.CheckOutPageTest"/>
        <method signature="CheckOutPageTest.loggedinuserCollector()[pri:8, instance:src.com.pack.common.tests.CheckOutPageTest@18bf3d14]" name="loggedinuserCollector" class="src.com.pack.common.tests.CheckOutPageTest"/>
        <method signature="CheckOutPageTest.loggedinuserCollector()[pri:8, instance:src.com.pack.common.tests.CheckOutPageTest@704d6e83]" name="loggedinuserCollector" class="src.com.pack.common.tests.CheckOutPageTest"/>
        <method signature="CheckOutPageTest.loggedinuserCollector()[pri:8, instance:src.com.pack.common.tests.CheckOutPageTest@67b467e9]" name="loggedinuserCollector" class="src.com.pack.common.tests.CheckOutPageTest"/>
      </group> <!-- collector -->
      <group name="prepayment">
        <method signature="CheckOutPageTest.guestPrepayment()[pri:1, instance:src.com.pack.common.tests.CheckOutPageTest@3891771e]" name="guestPrepayment" class="src.com.pack.common.tests.CheckOutPageTest"/>
        <method signature="CheckOutPageTest.guestPrepayment()[pri:1, instance:src.com.pack.common.tests.CheckOutPageTest@67b467e9]" name="guestPrepayment" class="src.com.pack.common.tests.CheckOutPageTest"/>
      </group> <!-- prepayment -->
      <group name="sofort">
        <method signature="CheckOutPageTest.loggedinusersofort()[pri:6, instance:src.com.pack.common.tests.CheckOutPageTest@18bf3d14]" name="loggedinusersofort" class="src.com.pack.common.tests.CheckOutPageTest"/>
        <method signature="CheckOutPageTest.loggedinusersofort()[pri:6, instance:src.com.pack.common.tests.CheckOutPageTest@481a15ff]" name="loggedinusersofort" class="src.com.pack.common.tests.CheckOutPageTest"/>
      </group> <!-- sofort -->
    </groups>
    <test name="Netthandelen" duration-ms="2079" started-at="2018-04-23T09:30:28Z" finished-at="2018-04-23T09:30:31Z">
      <class name="src.com.pack.common.tests.CheckOutPageTest">
        <test-method status="FAIL" signature="initializeTestBaseSetup(java.lang.String, java.lang.String, java.lang.String, java.lang.String, java.lang.String)[pri:0, instance:src.com.pack.common.tests.CheckOutPageTest@eafc191]" name="initializeTestBaseSetup" is-config="true" duration-ms="0" started-at="2018-04-23T15:00:28Z" finished-at="2018-04-23T15:00:28Z">
          <exception class="org.testng.TestNGException">
            <message>
              <![CDATA[Parameter 'env' is required by BeforeClass on method initializeTestBaseSetup but has not been marked @Optional or definedin C:\Users\rajeev.singh\workspace\Selenium_39\checkout.xml]]>
            </message>
            <full-stacktrace>
              <![CDATA[org.testng.TestNGException: Parameter 'env' is required by BeforeClass on method initializeTestBaseSetup but has not been marked @Optional or definedin C:\Users\rajeev.singh\workspace\Selenium_39\checkout.xmlat org.testng.internal.Parameters.createParams(Parameters.java:290)at org.testng.internal.Parameters.createParametersForMethod(Parameters.java:359)at org.testng.internal.Parameters.createParameters(Parameters.java:620)at org.testng.internal.Parameters.createConfigurationParameters(Parameters.java:190)at org.testng.internal.Invoker.invokeConfigurations(Invoker.java:209)at org.testng.internal.Invoker.invokeConfigurations(Invoker.java:142)at org.testng.internal.TestMethodWorker.invokeBeforeClassMethods(TestMethodWorker.java:163)at org.testng.internal.TestMethodWorker.run(TestMethodWorker.java:105)at org.testng.TestRunner.privateRun(TestRunner.java:648)at org.testng.TestRunner.run(TestRunner.java:505)at org.testng.SuiteRunner.runTest(SuiteRunner.java:455)at org.testng.SuiteRunner.runSequentially(SuiteRunner.java:450)at org.testng.SuiteRunner.privateRun(SuiteRunner.java:415)at org.testng.SuiteRunner.run(SuiteRunner.java:364)at org.testng.SuiteRunnerWorker.runSuite(SuiteRunnerWorker.java:52)at org.testng.SuiteRunnerWorker.run(SuiteRunnerWorker.java:84)at org.testng.TestNG.runSuitesSequentially(TestNG.java:1187)at org.testng.TestNG.runSuitesSequentially(TestNG.java:1183)at org.testng.TestNG.runSuitesLocally(TestNG.java:1116)at org.testng.TestNG.runSuites(TestNG.java:1028)at org.testng.TestNG.run(TestNG.java:996)at org.testng.remote.AbstractRemoteTestNG.run(AbstractRemoteTestNG.java:114)at org.testng.remote.RemoteTestNG.initAndRun(RemoteTestNG.java:251)at org.testng.remote.RemoteTestNG.main(RemoteTestNG.java:77)]]>
            </full-stacktrace>
          </exception> <!-- org.testng.TestNGException -->
          <reporter-output>
          </reporter-output>
        </test-method> <!-- initializeTestBaseSetup -->
        <test-method status="SKIP" signature="setUp(org.testng.ITestContext)[pri:0, instance:src.com.pack.common.tests.CheckOutPageTest@eafc191]" name="setUp" is-config="true" duration-ms="0" started-at="2018-04-23T15:00:28Z" finished-at="2018-04-23T15:00:28Z">
          <reporter-output>
          </reporter-output>
        </test-method> <!-- setUp -->
        <test-method status="SKIP" signature="loggedinuserCheckout()[pri:5, instance:src.com.pack.common.tests.CheckOutPageTest@eafc191]" name="loggedinuserCheckout" duration-ms="0" started-at="2018-04-23T15:00:29Z" description="Registered user Apply Gift certificate and pay Master card" finished-at="2018-04-23T15:00:29Z">
          <exception class="org.testng.TestNGException">
            <message>
              <![CDATA[Parameter 'env' is required by BeforeClass on method initializeTestBaseSetup but has not been marked @Optional or definedin C:\Users\rajeev.singh\workspace\Selenium_39\checkout.xml]]>
            </message>
            <full-stacktrace>
              <![CDATA[org.testng.TestNGException: Parameter 'env' is required by BeforeClass on method initializeTestBaseSetup but has not been marked @Optional or definedin C:\Users\rajeev.singh\workspace\Selenium_39\checkout.xmlat org.testng.internal.Parameters.createParams(Parameters.java:290)at org.testng.internal.Parameters.createParametersForMethod(Parameters.java:359)at org.testng.internal.Parameters.createParameters(Parameters.java:620)at org.testng.internal.Parameters.createConfigurationParameters(Parameters.java:190)at org.testng.internal.Invoker.invokeConfigurations(Invoker.java:209)at org.testng.internal.Invoker.invokeConfigurations(Invoker.java:142)at org.testng.internal.TestMethodWorker.invokeBeforeClassMethods(TestMethodWorker.java:163)at org.testng.internal.TestMethodWorker.run(TestMethodWorker.java:105)at org.testng.TestRunner.privateRun(TestRunner.java:648)at org.testng.TestRunner.run(TestRunner.java:505)at org.testng.SuiteRunner.runTest(SuiteRunner.java:455)at org.testng.SuiteRunner.runSequentially(SuiteRunner.java:450)at org.testng.SuiteRunner.privateRun(SuiteRunner.java:415)at org.testng.SuiteRunner.run(SuiteRunner.java:364)at org.testng.SuiteRunnerWorker.runSuite(SuiteRunnerWorker.java:52)at org.testng.SuiteRunnerWorker.run(SuiteRunnerWorker.java:84)at org.testng.TestNG.runSuitesSequentially(TestNG.java:1187)at org.testng.TestNG.runSuitesSequentially(TestNG.java:1183)at org.testng.TestNG.runSuitesLocally(TestNG.java:1116)at org.testng.TestNG.runSuites(TestNG.java:1028)at org.testng.TestNG.run(TestNG.java:996)at org.testng.remote.AbstractRemoteTestNG.run(AbstractRemoteTestNG.java:114)at org.testng.remote.RemoteTestNG.initAndRun(RemoteTestNG.java:251)at org.testng.remote.RemoteTestNG.main(RemoteTestNG.java:77)]]>
            </full-stacktrace>
          </exception> <!-- org.testng.TestNGException -->
          <reporter-output>
          </reporter-output>
        </test-method> <!-- loggedinuserCheckout -->
        <test-method status="PASS" signature="afterMethod(org.testng.ITestResult)[pri:0, instance:src.com.pack.common.tests.CheckOutPageTest@eafc191]" name="afterMethod" is-config="true" duration-ms="1002" started-at="2018-04-23T15:00:29Z" finished-at="2018-04-23T15:00:30Z">
          <params>
            <param index="0">
              <value>
                <![CDATA[[TestResult name={null} status=CREATED method=CheckOutPageTest.loggedinuserCheckout()[pri:5, instance:src.com.pack.common.tests.CheckOutPageTest@eafc191] output={null}]]]>
              </value>
            </param>
          </params>
          <reporter-output>
          </reporter-output>
        </test-method> <!-- afterMethod -->
        <test-method status="SKIP" signature="loggedinuserCollector()[pri:8, instance:src.com.pack.common.tests.CheckOutPageTest@eafc191]" name="loggedinuserCollector" duration-ms="0" started-at="2018-04-23T15:00:30Z" description="Registered user with collector payment" finished-at="2018-04-23T15:00:30Z">
          <exception class="org.testng.TestNGException">
            <message>
              <![CDATA[Parameter 'env' is required by BeforeClass on method initializeTestBaseSetup but has not been marked @Optional or definedin C:\Users\rajeev.singh\workspace\Selenium_39\checkout.xml]]>
            </message>
            <full-stacktrace>
              <![CDATA[org.testng.TestNGException: Parameter 'env' is required by BeforeClass on method initializeTestBaseSetup but has not been marked @Optional or definedin C:\Users\rajeev.singh\workspace\Selenium_39\checkout.xmlat org.testng.internal.Parameters.createParams(Parameters.java:290)at org.testng.internal.Parameters.createParametersForMethod(Parameters.java:359)at org.testng.internal.Parameters.createParameters(Parameters.java:620)at org.testng.internal.Parameters.createConfigurationParameters(Parameters.java:190)at org.testng.internal.Invoker.invokeConfigurations(Invoker.java:209)at org.testng.internal.Invoker.invokeConfigurations(Invoker.java:142)at org.testng.internal.TestMethodWorker.invokeBeforeClassMethods(TestMethodWorker.java:163)at org.testng.internal.TestMethodWorker.run(TestMethodWorker.java:105)at org.testng.TestRunner.privateRun(TestRunner.java:648)at org.testng.TestRunner.run(TestRunner.java:505)at org.testng.SuiteRunner.runTest(SuiteRunner.java:455)at org.testng.SuiteRunner.runSequentially(SuiteRunner.java:450)at org.testng.SuiteRunner.privateRun(SuiteRunner.java:415)at org.testng.SuiteRunner.run(SuiteRunner.java:364)at org.testng.SuiteRunnerWorker.runSuite(SuiteRunnerWorker.java:52)at org.testng.SuiteRunnerWorker.run(SuiteRunnerWorker.java:84)at org.testng.TestNG.runSuitesSequentially(TestNG.java:1187)at org.testng.TestNG.runSuitesSequentially(TestNG.java:1183)at org.testng.TestNG.runSuitesLocally(TestNG.java:1116)at org.testng.TestNG.runSuites(TestNG.java:1028)at org.testng.TestNG.run(TestNG.java:996)at org.testng.remote.AbstractRemoteTestNG.run(AbstractRemoteTestNG.java:114)at org.testng.remote.RemoteTestNG.initAndRun(RemoteTestNG.java:251)at org.testng.remote.RemoteTestNG.main(RemoteTestNG.java:77)]]>
            </full-stacktrace>
          </exception> <!-- org.testng.TestNGException -->
          <reporter-output>
          </reporter-output>
        </test-method> <!-- loggedinuserCollector -->
        <test-method status="PASS" signature="afterMethod(org.testng.ITestResult)[pri:0, instance:src.com.pack.common.tests.CheckOutPageTest@eafc191]" name="afterMethod" is-config="true" duration-ms="1000" started-at="2018-04-23T15:00:30Z" finished-at="2018-04-23T15:00:31Z">
          <params>
            <param index="0">
              <value>
                <![CDATA[[TestResult name={null} status=CREATED method=CheckOutPageTest.loggedinuserCollector()[pri:8, instance:src.com.pack.common.tests.CheckOutPageTest@eafc191] output={null}]]]>
              </value>
            </param>
          </params>
          <reporter-output>
          </reporter-output>
        </test-method> <!-- afterMethod -->
        <test-method status="SKIP" signature="tearDown()[pri:0, instance:src.com.pack.common.tests.CheckOutPageTest@eafc191]" name="tearDown" is-config="true" duration-ms="0" started-at="2018-04-23T15:00:31Z" finished-at="2018-04-23T15:00:31Z">
          <reporter-output>
          </reporter-output>
        </test-method> <!-- tearDown -->
      </class> <!-- src.com.pack.common.tests.CheckOutPageTest -->
    </test> <!-- Netthandelen -->
    <test name="CP-Finland" duration-ms="5019" started-at="2018-04-23T09:30:31Z" finished-at="2018-04-23T09:30:36Z">
      <class name="src.com.pack.common.tests.CheckOutPageTest">
        <test-method status="FAIL" signature="initializeTestBaseSetup(java.lang.String, java.lang.String, java.lang.String, java.lang.String, java.lang.String)[pri:0, instance:src.com.pack.common.tests.CheckOutPageTest@43738a82]" name="initializeTestBaseSetup" is-config="true" duration-ms="0" started-at="2018-04-23T15:00:31Z" finished-at="2018-04-23T15:00:31Z">
          <exception class="org.testng.TestNGException">
            <message>
              <![CDATA[Parameter 'env' is required by BeforeClass on method initializeTestBaseSetup but has not been marked @Optional or definedin C:\Users\rajeev.singh\workspace\Selenium_39\checkout.xml]]>
            </message>
            <full-stacktrace>
              <![CDATA[org.testng.TestNGException: Parameter 'env' is required by BeforeClass on method initializeTestBaseSetup but has not been marked @Optional or definedin C:\Users\rajeev.singh\workspace\Selenium_39\checkout.xmlat org.testng.internal.Parameters.createParams(Parameters.java:290)at org.testng.internal.Parameters.createParametersForMethod(Parameters.java:359)at org.testng.internal.Parameters.createParameters(Parameters.java:620)at org.testng.internal.Parameters.createConfigurationParameters(Parameters.java:190)at org.testng.internal.Invoker.invokeConfigurations(Invoker.java:209)at org.testng.internal.Invoker.invokeConfigurations(Invoker.java:142)at org.testng.internal.TestMethodWorker.invokeBeforeClassMethods(TestMethodWorker.java:163)at org.testng.internal.TestMethodWorker.run(TestMethodWorker.java:105)at org.testng.TestRunner.privateRun(TestRunner.java:648)at org.testng.TestRunner.run(TestRunner.java:505)at org.testng.SuiteRunner.runTest(SuiteRunner.java:455)at org.testng.SuiteRunner.runSequentially(SuiteRunner.java:450)at org.testng.SuiteRunner.privateRun(SuiteRunner.java:415)at org.testng.SuiteRunner.run(SuiteRunner.java:364)at org.testng.SuiteRunnerWorker.runSuite(SuiteRunnerWorker.java:52)at org.testng.SuiteRunnerWorker.run(SuiteRunnerWorker.java:84)at org.testng.TestNG.runSuitesSequentially(TestNG.java:1187)at org.testng.TestNG.runSuitesSequentially(TestNG.java:1183)at org.testng.TestNG.runSuitesLocally(TestNG.java:1116)at org.testng.TestNG.runSuites(TestNG.java:1028)at org.testng.TestNG.run(TestNG.java:996)at org.testng.remote.AbstractRemoteTestNG.run(AbstractRemoteTestNG.java:114)at org.testng.remote.RemoteTestNG.initAndRun(RemoteTestNG.java:251)at org.testng.remote.RemoteTestNG.main(RemoteTestNG.java:77)]]>
            </full-stacktrace>
          </exception> <!-- org.testng.TestNGException -->
          <reporter-output>
          </reporter-output>
        </test-method> <!-- initializeTestBaseSetup -->
        <test-method status="SKIP" signature="setUp(org.testng.ITestContext)[pri:0, instance:src.com.pack.common.tests.CheckOutPageTest@43738a82]" name="setUp" is-config="true" duration-ms="0" started-at="2018-04-23T15:00:31Z" finished-at="2018-04-23T15:00:31Z">
          <reporter-output>
          </reporter-output>
        </test-method> <!-- setUp -->
        <test-method status="SKIP" signature="guestCheckout()[pri:3, instance:src.com.pack.common.tests.CheckOutPageTest@43738a82]" name="guestCheckout" duration-ms="0" started-at="2018-04-23T15:00:31Z" description="Search and Buy Gift as Guest Card Visa Payment" finished-at="2018-04-23T15:00:31Z">
          <exception class="org.testng.TestNGException">
            <message>
              <![CDATA[Parameter 'env' is required by BeforeClass on method initializeTestBaseSetup but has not been marked @Optional or definedin C:\Users\rajeev.singh\workspace\Selenium_39\checkout.xml]]>
            </message>
            <full-stacktrace>
              <![CDATA[org.testng.TestNGException: Parameter 'env' is required by BeforeClass on method initializeTestBaseSetup but has not been marked @Optional or definedin C:\Users\rajeev.singh\workspace\Selenium_39\checkout.xmlat org.testng.internal.Parameters.createParams(Parameters.java:290)at org.testng.internal.Parameters.createParametersForMethod(Parameters.java:359)at org.testng.internal.Parameters.createParameters(Parameters.java:620)at org.testng.internal.Parameters.createConfigurationParameters(Parameters.java:190)at org.testng.internal.Invoker.invokeConfigurations(Invoker.java:209)at org.testng.internal.Invoker.invokeConfigurations(Invoker.java:142)at org.testng.internal.TestMethodWorker.invokeBeforeClassMethods(TestMethodWorker.java:163)at org.testng.internal.TestMethodWorker.run(TestMethodWorker.java:105)at org.testng.TestRunner.privateRun(TestRunner.java:648)at org.testng.TestRunner.run(TestRunner.java:505)at org.testng.SuiteRunner.runTest(SuiteRunner.java:455)at org.testng.SuiteRunner.runSequentially(SuiteRunner.java:450)at org.testng.SuiteRunner.privateRun(SuiteRunner.java:415)at org.testng.SuiteRunner.run(SuiteRunner.java:364)at org.testng.SuiteRunnerWorker.runSuite(SuiteRunnerWorker.java:52)at org.testng.SuiteRunnerWorker.run(SuiteRunnerWorker.java:84)at org.testng.TestNG.runSuitesSequentially(TestNG.java:1187)at org.testng.TestNG.runSuitesSequentially(TestNG.java:1183)at org.testng.TestNG.runSuitesLocally(TestNG.java:1116)at org.testng.TestNG.runSuites(TestNG.java:1028)at org.testng.TestNG.run(TestNG.java:996)at org.testng.remote.AbstractRemoteTestNG.run(AbstractRemoteTestNG.java:114)at org.testng.remote.RemoteTestNG.initAndRun(RemoteTestNG.java:251)at org.testng.remote.RemoteTestNG.main(RemoteTestNG.java:77)]]>
            </full-stacktrace>
          </exception> <!-- org.testng.TestNGException -->
          <reporter-output>
          </reporter-output>
        </test-method> <!-- guestCheckout -->
        <test-method status="PASS" signature="afterMethod(org.testng.ITestResult)[pri:0, instance:src.com.pack.common.tests.CheckOutPageTest@43738a82]" name="afterMethod" is-config="true" duration-ms="1000" started-at="2018-04-23T15:00:31Z" finished-at="2018-04-23T15:00:32Z">
          <params>
            <param index="0">
              <value>
                <![CDATA[[TestResult name={null} status=CREATED method=CheckOutPageTest.guestCheckout()[pri:3, instance:src.com.pack.common.tests.CheckOutPageTest@43738a82] output={null}]]]>
              </value>
            </param>
          </params>
          <reporter-output>
          </reporter-output>
        </test-method> <!-- afterMethod -->
        <test-method status="SKIP" signature="mastercguest()[pri:4, instance:src.com.pack.common.tests.CheckOutPageTest@43738a82]" name="mastercguest" duration-ms="0" started-at="2018-04-23T15:00:32Z" description="Guest Checkout with Card Master Payment" finished-at="2018-04-23T15:00:32Z">
          <exception class="org.testng.TestNGException">
            <message>
              <![CDATA[Parameter 'env' is required by BeforeClass on method initializeTestBaseSetup but has not been marked @Optional or definedin C:\Users\rajeev.singh\workspace\Selenium_39\checkout.xml]]>
            </message>
            <full-stacktrace>
              <![CDATA[org.testng.TestNGException: Parameter 'env' is required by BeforeClass on method initializeTestBaseSetup but has not been marked @Optional or definedin C:\Users\rajeev.singh\workspace\Selenium_39\checkout.xmlat org.testng.internal.Parameters.createParams(Parameters.java:290)at org.testng.internal.Parameters.createParametersForMethod(Parameters.java:359)at org.testng.internal.Parameters.createParameters(Parameters.java:620)at org.testng.internal.Parameters.createConfigurationParameters(Parameters.java:190)at org.testng.internal.Invoker.invokeConfigurations(Invoker.java:209)at org.testng.internal.Invoker.invokeConfigurations(Invoker.java:142)at org.testng.internal.TestMethodWorker.invokeBeforeClassMethods(TestMethodWorker.java:163)at org.testng.internal.TestMethodWorker.run(TestMethodWorker.java:105)at org.testng.TestRunner.privateRun(TestRunner.java:648)at org.testng.TestRunner.run(TestRunner.java:505)at org.testng.SuiteRunner.runTest(SuiteRunner.java:455)at org.testng.SuiteRunner.runSequentially(SuiteRunner.java:450)at org.testng.SuiteRunner.privateRun(SuiteRunner.java:415)at org.testng.SuiteRunner.run(SuiteRunner.java:364)at org.testng.SuiteRunnerWorker.runSuite(SuiteRunnerWorker.java:52)at org.testng.SuiteRunnerWorker.run(SuiteRunnerWorker.java:84)at org.testng.TestNG.runSuitesSequentially(TestNG.java:1187)at org.testng.TestNG.runSuitesSequentially(TestNG.java:1183)at org.testng.TestNG.runSuitesLocally(TestNG.java:1116)at org.testng.TestNG.runSuites(TestNG.java:1028)at org.testng.TestNG.run(TestNG.java:996)at org.testng.remote.AbstractRemoteTestNG.run(AbstractRemoteTestNG.java:114)at org.testng.remote.RemoteTestNG.initAndRun(RemoteTestNG.java:251)at org.testng.remote.RemoteTestNG.main(RemoteTestNG.java:77)]]>
            </full-stacktrace>
          </exception> <!-- org.testng.TestNGException -->
          <reporter-output>
          </reporter-output>
        </test-method> <!-- mastercguest -->
        <test-method status="PASS" signature="afterMethod(org.testng.ITestResult)[pri:0, instance:src.com.pack.common.tests.CheckOutPageTest@43738a82]" name="afterMethod" is-config="true" duration-ms="1000" started-at="2018-04-23T15:00:32Z" finished-at="2018-04-23T15:00:33Z">
          <params>
            <param index="0">
              <value>
                <![CDATA[[TestResult name={null} status=CREATED method=CheckOutPageTest.mastercguest()[pri:4, instance:src.com.pack.common.tests.CheckOutPageTest@43738a82] output={null}]]]>
              </value>
            </param>
          </params>
          <reporter-output>
          </reporter-output>
        </test-method> <!-- afterMethod -->
        <test-method status="SKIP" signature="loggedinuserCheckout()[pri:5, instance:src.com.pack.common.tests.CheckOutPageTest@43738a82]" name="loggedinuserCheckout" duration-ms="0" started-at="2018-04-23T15:00:33Z" description="Registered user Apply Gift certificate and pay Master card" finished-at="2018-04-23T15:00:33Z">
          <exception class="org.testng.TestNGException">
            <message>
              <![CDATA[Parameter 'env' is required by BeforeClass on method initializeTestBaseSetup but has not been marked @Optional or definedin C:\Users\rajeev.singh\workspace\Selenium_39\checkout.xml]]>
            </message>
            <full-stacktrace>
              <![CDATA[org.testng.TestNGException: Parameter 'env' is required by BeforeClass on method initializeTestBaseSetup but has not been marked @Optional or definedin C:\Users\rajeev.singh\workspace\Selenium_39\checkout.xmlat org.testng.internal.Parameters.createParams(Parameters.java:290)at org.testng.internal.Parameters.createParametersForMethod(Parameters.java:359)at org.testng.internal.Parameters.createParameters(Parameters.java:620)at org.testng.internal.Parameters.createConfigurationParameters(Parameters.java:190)at org.testng.internal.Invoker.invokeConfigurations(Invoker.java:209)at org.testng.internal.Invoker.invokeConfigurations(Invoker.java:142)at org.testng.internal.TestMethodWorker.invokeBeforeClassMethods(TestMethodWorker.java:163)at org.testng.internal.TestMethodWorker.run(TestMethodWorker.java:105)at org.testng.TestRunner.privateRun(TestRunner.java:648)at org.testng.TestRunner.run(TestRunner.java:505)at org.testng.SuiteRunner.runTest(SuiteRunner.java:455)at org.testng.SuiteRunner.runSequentially(SuiteRunner.java:450)at org.testng.SuiteRunner.privateRun(SuiteRunner.java:415)at org.testng.SuiteRunner.run(SuiteRunner.java:364)at org.testng.SuiteRunnerWorker.runSuite(SuiteRunnerWorker.java:52)at org.testng.SuiteRunnerWorker.run(SuiteRunnerWorker.java:84)at org.testng.TestNG.runSuitesSequentially(TestNG.java:1187)at org.testng.TestNG.runSuitesSequentially(TestNG.java:1183)at org.testng.TestNG.runSuitesLocally(TestNG.java:1116)at org.testng.TestNG.runSuites(TestNG.java:1028)at org.testng.TestNG.run(TestNG.java:996)at org.testng.remote.AbstractRemoteTestNG.run(AbstractRemoteTestNG.java:114)at org.testng.remote.RemoteTestNG.initAndRun(RemoteTestNG.java:251)at org.testng.remote.RemoteTestNG.main(RemoteTestNG.java:77)]]>
            </full-stacktrace>
          </exception> <!-- org.testng.TestNGException -->
          <reporter-output>
          </reporter-output>
        </test-method> <!-- loggedinuserCheckout -->
        <test-method status="PASS" signature="afterMethod(org.testng.ITestResult)[pri:0, instance:src.com.pack.common.tests.CheckOutPageTest@43738a82]" name="afterMethod" is-config="true" duration-ms="1000" started-at="2018-04-23T15:00:33Z" finished-at="2018-04-23T15:00:34Z">
          <params>
            <param index="0">
              <value>
                <![CDATA[[TestResult name={null} status=CREATED method=CheckOutPageTest.loggedinuserCheckout()[pri:5, instance:src.com.pack.common.tests.CheckOutPageTest@43738a82] output={null}]]]>
              </value>
            </param>
          </params>
          <reporter-output>
          </reporter-output>
        </test-method> <!-- afterMethod -->
        <test-method status="SKIP" signature="loggedinuserCollector()[pri:8, instance:src.com.pack.common.tests.CheckOutPageTest@43738a82]" name="loggedinuserCollector" duration-ms="0" started-at="2018-04-23T15:00:34Z" description="Registered user with collector payment" finished-at="2018-04-23T15:00:34Z">
          <exception class="org.testng.TestNGException">
            <message>
              <![CDATA[Parameter 'env' is required by BeforeClass on method initializeTestBaseSetup but has not been marked @Optional or definedin C:\Users\rajeev.singh\workspace\Selenium_39\checkout.xml]]>
            </message>
            <full-stacktrace>
              <![CDATA[org.testng.TestNGException: Parameter 'env' is required by BeforeClass on method initializeTestBaseSetup but has not been marked @Optional or definedin C:\Users\rajeev.singh\workspace\Selenium_39\checkout.xmlat org.testng.internal.Parameters.createParams(Parameters.java:290)at org.testng.internal.Parameters.createParametersForMethod(Parameters.java:359)at org.testng.internal.Parameters.createParameters(Parameters.java:620)at org.testng.internal.Parameters.createConfigurationParameters(Parameters.java:190)at org.testng.internal.Invoker.invokeConfigurations(Invoker.java:209)at org.testng.internal.Invoker.invokeConfigurations(Invoker.java:142)at org.testng.internal.TestMethodWorker.invokeBeforeClassMethods(TestMethodWorker.java:163)at org.testng.internal.TestMethodWorker.run(TestMethodWorker.java:105)at org.testng.TestRunner.privateRun(TestRunner.java:648)at org.testng.TestRunner.run(TestRunner.java:505)at org.testng.SuiteRunner.runTest(SuiteRunner.java:455)at org.testng.SuiteRunner.runSequentially(SuiteRunner.java:450)at org.testng.SuiteRunner.privateRun(SuiteRunner.java:415)at org.testng.SuiteRunner.run(SuiteRunner.java:364)at org.testng.SuiteRunnerWorker.runSuite(SuiteRunnerWorker.java:52)at org.testng.SuiteRunnerWorker.run(SuiteRunnerWorker.java:84)at org.testng.TestNG.runSuitesSequentially(TestNG.java:1187)at org.testng.TestNG.runSuitesSequentially(TestNG.java:1183)at org.testng.TestNG.runSuitesLocally(TestNG.java:1116)at org.testng.TestNG.runSuites(TestNG.java:1028)at org.testng.TestNG.run(TestNG.java:996)at org.testng.remote.AbstractRemoteTestNG.run(AbstractRemoteTestNG.java:114)at org.testng.remote.RemoteTestNG.initAndRun(RemoteTestNG.java:251)at org.testng.remote.RemoteTestNG.main(RemoteTestNG.java:77)]]>
            </full-stacktrace>
          </exception> <!-- org.testng.TestNGException -->
          <reporter-output>
          </reporter-output>
        </test-method> <!-- loggedinuserCollector -->
        <test-method status="PASS" signature="afterMethod(org.testng.ITestResult)[pri:0, instance:src.com.pack.common.tests.CheckOutPageTest@43738a82]" name="afterMethod" is-config="true" duration-ms="1000" started-at="2018-04-23T15:00:34Z" finished-at="2018-04-23T15:00:35Z">
          <params>
            <param index="0">
              <value>
                <![CDATA[[TestResult name={null} status=CREATED method=CheckOutPageTest.loggedinuserCollector()[pri:8, instance:src.com.pack.common.tests.CheckOutPageTest@43738a82] output={null}]]]>
              </value>
            </param>
          </params>
          <reporter-output>
          </reporter-output>
        </test-method> <!-- afterMethod -->
        <test-method status="SKIP" signature="loggedinuserTrustly()[pri:10, instance:src.com.pack.common.tests.CheckOutPageTest@43738a82]" name="loggedinuserTrustly" duration-ms="0" started-at="2018-04-23T15:00:35Z" description="Registered user with trustly payment" finished-at="2018-04-23T15:00:35Z">
          <exception class="org.testng.TestNGException">
            <message>
              <![CDATA[Parameter 'env' is required by BeforeClass on method initializeTestBaseSetup but has not been marked @Optional or definedin C:\Users\rajeev.singh\workspace\Selenium_39\checkout.xml]]>
            </message>
            <full-stacktrace>
              <![CDATA[org.testng.TestNGException: Parameter 'env' is required by BeforeClass on method initializeTestBaseSetup but has not been marked @Optional or definedin C:\Users\rajeev.singh\workspace\Selenium_39\checkout.xmlat org.testng.internal.Parameters.createParams(Parameters.java:290)at org.testng.internal.Parameters.createParametersForMethod(Parameters.java:359)at org.testng.internal.Parameters.createParameters(Parameters.java:620)at org.testng.internal.Parameters.createConfigurationParameters(Parameters.java:190)at org.testng.internal.Invoker.invokeConfigurations(Invoker.java:209)at org.testng.internal.Invoker.invokeConfigurations(Invoker.java:142)at org.testng.internal.TestMethodWorker.invokeBeforeClassMethods(TestMethodWorker.java:163)at org.testng.internal.TestMethodWorker.run(TestMethodWorker.java:105)at org.testng.TestRunner.privateRun(TestRunner.java:648)at org.testng.TestRunner.run(TestRunner.java:505)at org.testng.SuiteRunner.runTest(SuiteRunner.java:455)at org.testng.SuiteRunner.runSequentially(SuiteRunner.java:450)at org.testng.SuiteRunner.privateRun(SuiteRunner.java:415)at org.testng.SuiteRunner.run(SuiteRunner.java:364)at org.testng.SuiteRunnerWorker.runSuite(SuiteRunnerWorker.java:52)at org.testng.SuiteRunnerWorker.run(SuiteRunnerWorker.java:84)at org.testng.TestNG.runSuitesSequentially(TestNG.java:1187)at org.testng.TestNG.runSuitesSequentially(TestNG.java:1183)at org.testng.TestNG.runSuitesLocally(TestNG.java:1116)at org.testng.TestNG.runSuites(TestNG.java:1028)at org.testng.TestNG.run(TestNG.java:996)at org.testng.remote.AbstractRemoteTestNG.run(AbstractRemoteTestNG.java:114)at org.testng.remote.RemoteTestNG.initAndRun(RemoteTestNG.java:251)at org.testng.remote.RemoteTestNG.main(RemoteTestNG.java:77)]]>
            </full-stacktrace>
          </exception> <!-- org.testng.TestNGException -->
          <reporter-output>
          </reporter-output>
        </test-method> <!-- loggedinuserTrustly -->
        <test-method status="PASS" signature="afterMethod(org.testng.ITestResult)[pri:0, instance:src.com.pack.common.tests.CheckOutPageTest@43738a82]" name="afterMethod" is-config="true" duration-ms="1001" started-at="2018-04-23T15:00:35Z" finished-at="2018-04-23T15:00:36Z">
          <params>
            <param index="0">
              <value>
                <![CDATA[[TestResult name={null} status=CREATED method=CheckOutPageTest.loggedinuserTrustly()[pri:10, instance:src.com.pack.common.tests.CheckOutPageTest@43738a82] output={null}]]]>
              </value>
            </param>
          </params>
          <reporter-output>
          </reporter-output>
        </test-method> <!-- afterMethod -->
        <test-method status="SKIP" signature="tearDown()[pri:0, instance:src.com.pack.common.tests.CheckOutPageTest@43738a82]" name="tearDown" is-config="true" duration-ms="0" started-at="2018-04-23T15:00:36Z" finished-at="2018-04-23T15:00:36Z">
          <reporter-output>
          </reporter-output>
        </test-method> <!-- tearDown -->
      </class> <!-- src.com.pack.common.tests.CheckOutPageTest -->
    </test> <!-- CP-Finland -->
    <test name="BliVakker" duration-ms="6018" started-at="2018-04-23T09:30:36Z" finished-at="2018-04-23T09:30:42Z">
      <class name="src.com.pack.common.tests.CheckOutPageTest">
        <test-method status="FAIL" signature="initializeTestBaseSetup(java.lang.String, java.lang.String, java.lang.String, java.lang.String, java.lang.String)[pri:0, instance:src.com.pack.common.tests.CheckOutPageTest@3891771e]" name="initializeTestBaseSetup" is-config="true" duration-ms="0" started-at="2018-04-23T15:00:36Z" finished-at="2018-04-23T15:00:36Z">
          <exception class="org.testng.TestNGException">
            <message>
              <![CDATA[Parameter 'env' is required by BeforeClass on method initializeTestBaseSetup but has not been marked @Optional or definedin C:\Users\rajeev.singh\workspace\Selenium_39\checkout.xml]]>
            </message>
            <full-stacktrace>
              <![CDATA[org.testng.TestNGException: Parameter 'env' is required by BeforeClass on method initializeTestBaseSetup but has not been marked @Optional or definedin C:\Users\rajeev.singh\workspace\Selenium_39\checkout.xmlat org.testng.internal.Parameters.createParams(Parameters.java:290)at org.testng.internal.Parameters.createParametersForMethod(Parameters.java:359)at org.testng.internal.Parameters.createParameters(Parameters.java:620)at org.testng.internal.Parameters.createConfigurationParameters(Parameters.java:190)at org.testng.internal.Invoker.invokeConfigurations(Invoker.java:209)at org.testng.internal.Invoker.invokeConfigurations(Invoker.java:142)at org.testng.internal.TestMethodWorker.invokeBeforeClassMethods(TestMethodWorker.java:163)at org.testng.internal.TestMethodWorker.run(TestMethodWorker.java:105)at org.testng.TestRunner.privateRun(TestRunner.java:648)at org.testng.TestRunner.run(TestRunner.java:505)at org.testng.SuiteRunner.runTest(SuiteRunner.java:455)at org.testng.SuiteRunner.runSequentially(SuiteRunner.java:450)at org.testng.SuiteRunner.privateRun(SuiteRunner.java:415)at org.testng.SuiteRunner.run(SuiteRunner.java:364)at org.testng.SuiteRunnerWorker.runSuite(SuiteRunnerWorker.java:52)at org.testng.SuiteRunnerWorker.run(SuiteRunnerWorker.java:84)at org.testng.TestNG.runSuitesSequentially(TestNG.java:1187)at org.testng.TestNG.runSuitesSequentially(TestNG.java:1183)at org.testng.TestNG.runSuitesLocally(TestNG.java:1116)at org.testng.TestNG.runSuites(TestNG.java:1028)at org.testng.TestNG.run(TestNG.java:996)at org.testng.remote.AbstractRemoteTestNG.run(AbstractRemoteTestNG.java:114)at org.testng.remote.RemoteTestNG.initAndRun(RemoteTestNG.java:251)at org.testng.remote.RemoteTestNG.main(RemoteTestNG.java:77)]]>
            </full-stacktrace>
          </exception> <!-- org.testng.TestNGException -->
          <reporter-output>
          </reporter-output>
        </test-method> <!-- initializeTestBaseSetup -->
        <test-method status="SKIP" signature="setUp(org.testng.ITestContext)[pri:0, instance:src.com.pack.common.tests.CheckOutPageTest@3891771e]" name="setUp" is-config="true" duration-ms="0" started-at="2018-04-23T15:00:36Z" finished-at="2018-04-23T15:00:36Z">
          <reporter-output>
          </reporter-output>
        </test-method> <!-- setUp -->
        <test-method status="SKIP" signature="guestPrepayment()[pri:1, instance:src.com.pack.common.tests.CheckOutPageTest@3891771e]" name="guestPrepayment" duration-ms="0" started-at="2018-04-23T15:00:36Z" description="Guest user with prepayment payment method" finished-at="2018-04-23T15:00:36Z">
          <exception class="org.testng.TestNGException">
            <message>
              <![CDATA[Parameter 'env' is required by BeforeClass on method initializeTestBaseSetup but has not been marked @Optional or definedin C:\Users\rajeev.singh\workspace\Selenium_39\checkout.xml]]>
            </message>
            <full-stacktrace>
              <![CDATA[org.testng.TestNGException: Parameter 'env' is required by BeforeClass on method initializeTestBaseSetup but has not been marked @Optional or definedin C:\Users\rajeev.singh\workspace\Selenium_39\checkout.xmlat org.testng.internal.Parameters.createParams(Parameters.java:290)at org.testng.internal.Parameters.createParametersForMethod(Parameters.java:359)at org.testng.internal.Parameters.createParameters(Parameters.java:620)at org.testng.internal.Parameters.createConfigurationParameters(Parameters.java:190)at org.testng.internal.Invoker.invokeConfigurations(Invoker.java:209)at org.testng.internal.Invoker.invokeConfigurations(Invoker.java:142)at org.testng.internal.TestMethodWorker.invokeBeforeClassMethods(TestMethodWorker.java:163)at org.testng.internal.TestMethodWorker.run(TestMethodWorker.java:105)at org.testng.TestRunner.privateRun(TestRunner.java:648)at org.testng.TestRunner.run(TestRunner.java:505)at org.testng.SuiteRunner.runTest(SuiteRunner.java:455)at org.testng.SuiteRunner.runSequentially(SuiteRunner.java:450)at org.testng.SuiteRunner.privateRun(SuiteRunner.java:415)at org.testng.SuiteRunner.run(SuiteRunner.java:364)at org.testng.SuiteRunnerWorker.runSuite(SuiteRunnerWorker.java:52)at org.testng.SuiteRunnerWorker.run(SuiteRunnerWorker.java:84)at org.testng.TestNG.runSuitesSequentially(TestNG.java:1187)at org.testng.TestNG.runSuitesSequentially(TestNG.java:1183)at org.testng.TestNG.runSuitesLocally(TestNG.java:1116)at org.testng.TestNG.runSuites(TestNG.java:1028)at org.testng.TestNG.run(TestNG.java:996)at org.testng.remote.AbstractRemoteTestNG.run(AbstractRemoteTestNG.java:114)at org.testng.remote.RemoteTestNG.initAndRun(RemoteTestNG.java:251)at org.testng.remote.RemoteTestNG.main(RemoteTestNG.java:77)]]>
            </full-stacktrace>
          </exception> <!-- org.testng.TestNGException -->
          <reporter-output>
          </reporter-output>
        </test-method> <!-- guestPrepayment -->
        <test-method status="PASS" signature="afterMethod(org.testng.ITestResult)[pri:0, instance:src.com.pack.common.tests.CheckOutPageTest@3891771e]" name="afterMethod" is-config="true" duration-ms="1000" started-at="2018-04-23T15:00:36Z" finished-at="2018-04-23T15:00:37Z">
          <params>
            <param index="0">
              <value>
                <![CDATA[[TestResult name={null} status=CREATED method=CheckOutPageTest.guestPrepayment()[pri:1, instance:src.com.pack.common.tests.CheckOutPageTest@3891771e] output={null}]]]>
              </value>
            </param>
          </params>
          <reporter-output>
          </reporter-output>
        </test-method> <!-- afterMethod -->
        <test-method status="SKIP" signature="guestBankaxess()[pri:2, instance:src.com.pack.common.tests.CheckOutPageTest@3891771e]" name="guestBankaxess" duration-ms="0" started-at="2018-04-23T15:00:37Z" description="Guest user with Bankaxess payment method" finished-at="2018-04-23T15:00:37Z">
          <exception class="org.testng.TestNGException">
            <message>
              <![CDATA[Parameter 'env' is required by BeforeClass on method initializeTestBaseSetup but has not been marked @Optional or definedin C:\Users\rajeev.singh\workspace\Selenium_39\checkout.xml]]>
            </message>
            <full-stacktrace>
              <![CDATA[org.testng.TestNGException: Parameter 'env' is required by BeforeClass on method initializeTestBaseSetup but has not been marked @Optional or definedin C:\Users\rajeev.singh\workspace\Selenium_39\checkout.xmlat org.testng.internal.Parameters.createParams(Parameters.java:290)at org.testng.internal.Parameters.createParametersForMethod(Parameters.java:359)at org.testng.internal.Parameters.createParameters(Parameters.java:620)at org.testng.internal.Parameters.createConfigurationParameters(Parameters.java:190)at org.testng.internal.Invoker.invokeConfigurations(Invoker.java:209)at org.testng.internal.Invoker.invokeConfigurations(Invoker.java:142)at org.testng.internal.TestMethodWorker.invokeBeforeClassMethods(TestMethodWorker.java:163)at org.testng.internal.TestMethodWorker.run(TestMethodWorker.java:105)at org.testng.TestRunner.privateRun(TestRunner.java:648)at org.testng.TestRunner.run(TestRunner.java:505)at org.testng.SuiteRunner.runTest(SuiteRunner.java:455)at org.testng.SuiteRunner.runSequentially(SuiteRunner.java:450)at org.testng.SuiteRunner.privateRun(SuiteRunner.java:415)at org.testng.SuiteRunner.run(SuiteRunner.java:364)at org.testng.SuiteRunnerWorker.runSuite(SuiteRunnerWorker.java:52)at org.testng.SuiteRunnerWorker.run(SuiteRunnerWorker.java:84)at org.testng.TestNG.runSuitesSequentially(TestNG.java:1187)at org.testng.TestNG.runSuitesSequentially(TestNG.java:1183)at org.testng.TestNG.runSuitesLocally(TestNG.java:1116)at org.testng.TestNG.runSuites(TestNG.java:1028)at org.testng.TestNG.run(TestNG.java:996)at org.testng.remote.AbstractRemoteTestNG.run(AbstractRemoteTestNG.java:114)at org.testng.remote.RemoteTestNG.initAndRun(RemoteTestNG.java:251)at org.testng.remote.RemoteTestNG.main(RemoteTestNG.java:77)]]>
            </full-stacktrace>
          </exception> <!-- org.testng.TestNGException -->
          <reporter-output>
          </reporter-output>
        </test-method> <!-- guestBankaxess -->
        <test-method status="PASS" signature="afterMethod(org.testng.ITestResult)[pri:0, instance:src.com.pack.common.tests.CheckOutPageTest@3891771e]" name="afterMethod" is-config="true" duration-ms="1000" started-at="2018-04-23T15:00:37Z" finished-at="2018-04-23T15:00:38Z">
          <params>
            <param index="0">
              <value>
                <![CDATA[[TestResult name={null} status=CREATED method=CheckOutPageTest.guestBankaxess()[pri:2, instance:src.com.pack.common.tests.CheckOutPageTest@3891771e] output={null}]]]>
              </value>
            </param>
          </params>
          <reporter-output>
          </reporter-output>
        </test-method> <!-- afterMethod -->
        <test-method status="SKIP" signature="guestCheckout()[pri:3, instance:src.com.pack.common.tests.CheckOutPageTest@3891771e]" name="guestCheckout" duration-ms="0" started-at="2018-04-23T15:00:38Z" description="Search and Buy Gift as Guest Card Visa Payment" finished-at="2018-04-23T15:00:38Z">
          <exception class="org.testng.TestNGException">
            <message>
              <![CDATA[Parameter 'env' is required by BeforeClass on method initializeTestBaseSetup but has not been marked @Optional or definedin C:\Users\rajeev.singh\workspace\Selenium_39\checkout.xml]]>
            </message>
            <full-stacktrace>
              <![CDATA[org.testng.TestNGException: Parameter 'env' is required by BeforeClass on method initializeTestBaseSetup but has not been marked @Optional or definedin C:\Users\rajeev.singh\workspace\Selenium_39\checkout.xmlat org.testng.internal.Parameters.createParams(Parameters.java:290)at org.testng.internal.Parameters.createParametersForMethod(Parameters.java:359)at org.testng.internal.Parameters.createParameters(Parameters.java:620)at org.testng.internal.Parameters.createConfigurationParameters(Parameters.java:190)at org.testng.internal.Invoker.invokeConfigurations(Invoker.java:209)at org.testng.internal.Invoker.invokeConfigurations(Invoker.java:142)at org.testng.internal.TestMethodWorker.invokeBeforeClassMethods(TestMethodWorker.java:163)at org.testng.internal.TestMethodWorker.run(TestMethodWorker.java:105)at org.testng.TestRunner.privateRun(TestRunner.java:648)at org.testng.TestRunner.run(TestRunner.java:505)at org.testng.SuiteRunner.runTest(SuiteRunner.java:455)at org.testng.SuiteRunner.runSequentially(SuiteRunner.java:450)at org.testng.SuiteRunner.privateRun(SuiteRunner.java:415)at org.testng.SuiteRunner.run(SuiteRunner.java:364)at org.testng.SuiteRunnerWorker.runSuite(SuiteRunnerWorker.java:52)at org.testng.SuiteRunnerWorker.run(SuiteRunnerWorker.java:84)at org.testng.TestNG.runSuitesSequentially(TestNG.java:1187)at org.testng.TestNG.runSuitesSequentially(TestNG.java:1183)at org.testng.TestNG.runSuitesLocally(TestNG.java:1116)at org.testng.TestNG.runSuites(TestNG.java:1028)at org.testng.TestNG.run(TestNG.java:996)at org.testng.remote.AbstractRemoteTestNG.run(AbstractRemoteTestNG.java:114)at org.testng.remote.RemoteTestNG.initAndRun(RemoteTestNG.java:251)at org.testng.remote.RemoteTestNG.main(RemoteTestNG.java:77)]]>
            </full-stacktrace>
          </exception> <!-- org.testng.TestNGException -->
          <reporter-output>
          </reporter-output>
        </test-method> <!-- guestCheckout -->
        <test-method status="PASS" signature="afterMethod(org.testng.ITestResult)[pri:0, instance:src.com.pack.common.tests.CheckOutPageTest@3891771e]" name="afterMethod" is-config="true" duration-ms="1000" started-at="2018-04-23T15:00:38Z" finished-at="2018-04-23T15:00:39Z">
          <params>
            <param index="0">
              <value>
                <![CDATA[[TestResult name={null} status=CREATED method=CheckOutPageTest.guestCheckout()[pri:3, instance:src.com.pack.common.tests.CheckOutPageTest@3891771e] output={null}]]]>
              </value>
            </param>
          </params>
          <reporter-output>
          </reporter-output>
        </test-method> <!-- afterMethod -->
        <test-method status="SKIP" signature="mastercguest()[pri:4, instance:src.com.pack.common.tests.CheckOutPageTest@3891771e]" name="mastercguest" duration-ms="0" started-at="2018-04-23T15:00:39Z" description="Guest Checkout with Card Master Payment" finished-at="2018-04-23T15:00:39Z">
          <exception class="org.testng.TestNGException">
            <message>
              <![CDATA[Parameter 'env' is required by BeforeClass on method initializeTestBaseSetup but has not been marked @Optional or definedin C:\Users\rajeev.singh\workspace\Selenium_39\checkout.xml]]>
            </message>
            <full-stacktrace>
              <![CDATA[org.testng.TestNGException: Parameter 'env' is required by BeforeClass on method initializeTestBaseSetup but has not been marked @Optional or definedin C:\Users\rajeev.singh\workspace\Selenium_39\checkout.xmlat org.testng.internal.Parameters.createParams(Parameters.java:290)at org.testng.internal.Parameters.createParametersForMethod(Parameters.java:359)at org.testng.internal.Parameters.createParameters(Parameters.java:620)at org.testng.internal.Parameters.createConfigurationParameters(Parameters.java:190)at org.testng.internal.Invoker.invokeConfigurations(Invoker.java:209)at org.testng.internal.Invoker.invokeConfigurations(Invoker.java:142)at org.testng.internal.TestMethodWorker.invokeBeforeClassMethods(TestMethodWorker.java:163)at org.testng.internal.TestMethodWorker.run(TestMethodWorker.java:105)at org.testng.TestRunner.privateRun(TestRunner.java:648)at org.testng.TestRunner.run(TestRunner.java:505)at org.testng.SuiteRunner.runTest(SuiteRunner.java:455)at org.testng.SuiteRunner.runSequentially(SuiteRunner.java:450)at org.testng.SuiteRunner.privateRun(SuiteRunner.java:415)at org.testng.SuiteRunner.run(SuiteRunner.java:364)at org.testng.SuiteRunnerWorker.runSuite(SuiteRunnerWorker.java:52)at org.testng.SuiteRunnerWorker.run(SuiteRunnerWorker.java:84)at org.testng.TestNG.runSuitesSequentially(TestNG.java:1187)at org.testng.TestNG.runSuitesSequentially(TestNG.java:1183)at org.testng.TestNG.runSuitesLocally(TestNG.java:1116)at org.testng.TestNG.runSuites(TestNG.java:1028)at org.testng.TestNG.run(TestNG.java:996)at org.testng.remote.AbstractRemoteTestNG.run(AbstractRemoteTestNG.java:114)at org.testng.remote.RemoteTestNG.initAndRun(RemoteTestNG.java:251)at org.testng.remote.RemoteTestNG.main(RemoteTestNG.java:77)]]>
            </full-stacktrace>
          </exception> <!-- org.testng.TestNGException -->
          <reporter-output>
          </reporter-output>
        </test-method> <!-- mastercguest -->
        <test-method status="PASS" signature="afterMethod(org.testng.ITestResult)[pri:0, instance:src.com.pack.common.tests.CheckOutPageTest@3891771e]" name="afterMethod" is-config="true" duration-ms="1000" started-at="2018-04-23T15:00:39Z" finished-at="2018-04-23T15:00:40Z">
          <params>
            <param index="0">
              <value>
                <![CDATA[[TestResult name={null} status=CREATED method=CheckOutPageTest.mastercguest()[pri:4, instance:src.com.pack.common.tests.CheckOutPageTest@3891771e] output={null}]]]>
              </value>
            </param>
          </params>
          <reporter-output>
          </reporter-output>
        </test-method> <!-- afterMethod -->
        <test-method status="SKIP" signature="loggedinuserCheckout()[pri:5, instance:src.com.pack.common.tests.CheckOutPageTest@3891771e]" name="loggedinuserCheckout" duration-ms="0" started-at="2018-04-23T15:00:40Z" description="Registered user Apply Gift certificate and pay Master card" finished-at="2018-04-23T15:00:40Z">
          <exception class="org.testng.TestNGException">
            <message>
              <![CDATA[Parameter 'env' is required by BeforeClass on method initializeTestBaseSetup but has not been marked @Optional or definedin C:\Users\rajeev.singh\workspace\Selenium_39\checkout.xml]]>
            </message>
            <full-stacktrace>
              <![CDATA[org.testng.TestNGException: Parameter 'env' is required by BeforeClass on method initializeTestBaseSetup but has not been marked @Optional or definedin C:\Users\rajeev.singh\workspace\Selenium_39\checkout.xmlat org.testng.internal.Parameters.createParams(Parameters.java:290)at org.testng.internal.Parameters.createParametersForMethod(Parameters.java:359)at org.testng.internal.Parameters.createParameters(Parameters.java:620)at org.testng.internal.Parameters.createConfigurationParameters(Parameters.java:190)at org.testng.internal.Invoker.invokeConfigurations(Invoker.java:209)at org.testng.internal.Invoker.invokeConfigurations(Invoker.java:142)at org.testng.internal.TestMethodWorker.invokeBeforeClassMethods(TestMethodWorker.java:163)at org.testng.internal.TestMethodWorker.run(TestMethodWorker.java:105)at org.testng.TestRunner.privateRun(TestRunner.java:648)at org.testng.TestRunner.run(TestRunner.java:505)at org.testng.SuiteRunner.runTest(SuiteRunner.java:455)at org.testng.SuiteRunner.runSequentially(SuiteRunner.java:450)at org.testng.SuiteRunner.privateRun(SuiteRunner.java:415)at org.testng.SuiteRunner.run(SuiteRunner.java:364)at org.testng.SuiteRunnerWorker.runSuite(SuiteRunnerWorker.java:52)at org.testng.SuiteRunnerWorker.run(SuiteRunnerWorker.java:84)at org.testng.TestNG.runSuitesSequentially(TestNG.java:1187)at org.testng.TestNG.runSuitesSequentially(TestNG.java:1183)at org.testng.TestNG.runSuitesLocally(TestNG.java:1116)at org.testng.TestNG.runSuites(TestNG.java:1028)at org.testng.TestNG.run(TestNG.java:996)at org.testng.remote.AbstractRemoteTestNG.run(AbstractRemoteTestNG.java:114)at org.testng.remote.RemoteTestNG.initAndRun(RemoteTestNG.java:251)at org.testng.remote.RemoteTestNG.main(RemoteTestNG.java:77)]]>
            </full-stacktrace>
          </exception> <!-- org.testng.TestNGException -->
          <reporter-output>
          </reporter-output>
        </test-method> <!-- loggedinuserCheckout -->
        <test-method status="PASS" signature="afterMethod(org.testng.ITestResult)[pri:0, instance:src.com.pack.common.tests.CheckOutPageTest@3891771e]" name="afterMethod" is-config="true" duration-ms="1000" started-at="2018-04-23T15:00:40Z" finished-at="2018-04-23T15:00:41Z">
          <params>
            <param index="0">
              <value>
                <![CDATA[[TestResult name={null} status=CREATED method=CheckOutPageTest.loggedinuserCheckout()[pri:5, instance:src.com.pack.common.tests.CheckOutPageTest@3891771e] output={null}]]]>
              </value>
            </param>
          </params>
          <reporter-output>
          </reporter-output>
        </test-method> <!-- afterMethod -->
        <test-method status="SKIP" signature="loggedinuserCollector()[pri:8, instance:src.com.pack.common.tests.CheckOutPageTest@3891771e]" name="loggedinuserCollector" duration-ms="0" started-at="2018-04-23T15:00:41Z" description="Registered user with collector payment" finished-at="2018-04-23T15:00:41Z">
          <exception class="org.testng.TestNGException">
            <message>
              <![CDATA[Parameter 'env' is required by BeforeClass on method initializeTestBaseSetup but has not been marked @Optional or definedin C:\Users\rajeev.singh\workspace\Selenium_39\checkout.xml]]>
            </message>
            <full-stacktrace>
              <![CDATA[org.testng.TestNGException: Parameter 'env' is required by BeforeClass on method initializeTestBaseSetup but has not been marked @Optional or definedin C:\Users\rajeev.singh\workspace\Selenium_39\checkout.xmlat org.testng.internal.Parameters.createParams(Parameters.java:290)at org.testng.internal.Parameters.createParametersForMethod(Parameters.java:359)at org.testng.internal.Parameters.createParameters(Parameters.java:620)at org.testng.internal.Parameters.createConfigurationParameters(Parameters.java:190)at org.testng.internal.Invoker.invokeConfigurations(Invoker.java:209)at org.testng.internal.Invoker.invokeConfigurations(Invoker.java:142)at org.testng.internal.TestMethodWorker.invokeBeforeClassMethods(TestMethodWorker.java:163)at org.testng.internal.TestMethodWorker.run(TestMethodWorker.java:105)at org.testng.TestRunner.privateRun(TestRunner.java:648)at org.testng.TestRunner.run(TestRunner.java:505)at org.testng.SuiteRunner.runTest(SuiteRunner.java:455)at org.testng.SuiteRunner.runSequentially(SuiteRunner.java:450)at org.testng.SuiteRunner.privateRun(SuiteRunner.java:415)at org.testng.SuiteRunner.run(SuiteRunner.java:364)at org.testng.SuiteRunnerWorker.runSuite(SuiteRunnerWorker.java:52)at org.testng.SuiteRunnerWorker.run(SuiteRunnerWorker.java:84)at org.testng.TestNG.runSuitesSequentially(TestNG.java:1187)at org.testng.TestNG.runSuitesSequentially(TestNG.java:1183)at org.testng.TestNG.runSuitesLocally(TestNG.java:1116)at org.testng.TestNG.runSuites(TestNG.java:1028)at org.testng.TestNG.run(TestNG.java:996)at org.testng.remote.AbstractRemoteTestNG.run(AbstractRemoteTestNG.java:114)at org.testng.remote.RemoteTestNG.initAndRun(RemoteTestNG.java:251)at org.testng.remote.RemoteTestNG.main(RemoteTestNG.java:77)]]>
            </full-stacktrace>
          </exception> <!-- org.testng.TestNGException -->
          <reporter-output>
          </reporter-output>
        </test-method> <!-- loggedinuserCollector -->
        <test-method status="PASS" signature="afterMethod(org.testng.ITestResult)[pri:0, instance:src.com.pack.common.tests.CheckOutPageTest@3891771e]" name="afterMethod" is-config="true" duration-ms="1001" started-at="2018-04-23T15:00:41Z" finished-at="2018-04-23T15:00:42Z">
          <params>
            <param index="0">
              <value>
                <![CDATA[[TestResult name={null} status=CREATED method=CheckOutPageTest.loggedinuserCollector()[pri:8, instance:src.com.pack.common.tests.CheckOutPageTest@3891771e] output={null}]]]>
              </value>
            </param>
          </params>
          <reporter-output>
          </reporter-output>
        </test-method> <!-- afterMethod -->
        <test-method status="SKIP" signature="tearDown()[pri:0, instance:src.com.pack.common.tests.CheckOutPageTest@3891771e]" name="tearDown" is-config="true" duration-ms="0" started-at="2018-04-23T15:00:42Z" finished-at="2018-04-23T15:00:42Z">
          <reporter-output>
          </reporter-output>
        </test-method> <!-- tearDown -->
      </class> <!-- src.com.pack.common.tests.CheckOutPageTest -->
    </test> <!-- BliVakker -->
    <test name="CP-Germany" duration-ms="6021" started-at="2018-04-23T09:30:42Z" finished-at="2018-04-23T09:30:48Z">
      <class name="src.com.pack.common.tests.CheckOutPageTest">
        <test-method status="FAIL" signature="initializeTestBaseSetup(java.lang.String, java.lang.String, java.lang.String, java.lang.String, java.lang.String)[pri:0, instance:src.com.pack.common.tests.CheckOutPageTest@18bf3d14]" name="initializeTestBaseSetup" is-config="true" duration-ms="0" started-at="2018-04-23T15:00:42Z" finished-at="2018-04-23T15:00:42Z">
          <exception class="org.testng.TestNGException">
            <message>
              <![CDATA[Parameter 'env' is required by BeforeClass on method initializeTestBaseSetup but has not been marked @Optional or definedin C:\Users\rajeev.singh\workspace\Selenium_39\checkout.xml]]>
            </message>
            <full-stacktrace>
              <![CDATA[org.testng.TestNGException: Parameter 'env' is required by BeforeClass on method initializeTestBaseSetup but has not been marked @Optional or definedin C:\Users\rajeev.singh\workspace\Selenium_39\checkout.xmlat org.testng.internal.Parameters.createParams(Parameters.java:290)at org.testng.internal.Parameters.createParametersForMethod(Parameters.java:359)at org.testng.internal.Parameters.createParameters(Parameters.java:620)at org.testng.internal.Parameters.createConfigurationParameters(Parameters.java:190)at org.testng.internal.Invoker.invokeConfigurations(Invoker.java:209)at org.testng.internal.Invoker.invokeConfigurations(Invoker.java:142)at org.testng.internal.TestMethodWorker.invokeBeforeClassMethods(TestMethodWorker.java:163)at org.testng.internal.TestMethodWorker.run(TestMethodWorker.java:105)at org.testng.TestRunner.privateRun(TestRunner.java:648)at org.testng.TestRunner.run(TestRunner.java:505)at org.testng.SuiteRunner.runTest(SuiteRunner.java:455)at org.testng.SuiteRunner.runSequentially(SuiteRunner.java:450)at org.testng.SuiteRunner.privateRun(SuiteRunner.java:415)at org.testng.SuiteRunner.run(SuiteRunner.java:364)at org.testng.SuiteRunnerWorker.runSuite(SuiteRunnerWorker.java:52)at org.testng.SuiteRunnerWorker.run(SuiteRunnerWorker.java:84)at org.testng.TestNG.runSuitesSequentially(TestNG.java:1187)at org.testng.TestNG.runSuitesSequentially(TestNG.java:1183)at org.testng.TestNG.runSuitesLocally(TestNG.java:1116)at org.testng.TestNG.runSuites(TestNG.java:1028)at org.testng.TestNG.run(TestNG.java:996)at org.testng.remote.AbstractRemoteTestNG.run(AbstractRemoteTestNG.java:114)at org.testng.remote.RemoteTestNG.initAndRun(RemoteTestNG.java:251)at org.testng.remote.RemoteTestNG.main(RemoteTestNG.java:77)]]>
            </full-stacktrace>
          </exception> <!-- org.testng.TestNGException -->
          <reporter-output>
          </reporter-output>
        </test-method> <!-- initializeTestBaseSetup -->
        <test-method status="SKIP" signature="setUp(org.testng.ITestContext)[pri:0, instance:src.com.pack.common.tests.CheckOutPageTest@18bf3d14]" name="setUp" is-config="true" duration-ms="0" started-at="2018-04-23T15:00:42Z" finished-at="2018-04-23T15:00:42Z">
          <reporter-output>
          </reporter-output>
        </test-method> <!-- setUp -->
        <test-method status="SKIP" signature="guestCheckout()[pri:3, instance:src.com.pack.common.tests.CheckOutPageTest@18bf3d14]" name="guestCheckout" duration-ms="0" started-at="2018-04-23T15:00:42Z" description="Search and Buy Gift as Guest Card Visa Payment" finished-at="2018-04-23T15:00:42Z">
          <exception class="org.testng.TestNGException">
            <message>
              <![CDATA[Parameter 'env' is required by BeforeClass on method initializeTestBaseSetup but has not been marked @Optional or definedin C:\Users\rajeev.singh\workspace\Selenium_39\checkout.xml]]>
            </message>
            <full-stacktrace>
              <![CDATA[org.testng.TestNGException: Parameter 'env' is required by BeforeClass on method initializeTestBaseSetup but has not been marked @Optional or definedin C:\Users\rajeev.singh\workspace\Selenium_39\checkout.xmlat org.testng.internal.Parameters.createParams(Parameters.java:290)at org.testng.internal.Parameters.createParametersForMethod(Parameters.java:359)at org.testng.internal.Parameters.createParameters(Parameters.java:620)at org.testng.internal.Parameters.createConfigurationParameters(Parameters.java:190)at org.testng.internal.Invoker.invokeConfigurations(Invoker.java:209)at org.testng.internal.Invoker.invokeConfigurations(Invoker.java:142)at org.testng.internal.TestMethodWorker.invokeBeforeClassMethods(TestMethodWorker.java:163)at org.testng.internal.TestMethodWorker.run(TestMethodWorker.java:105)at org.testng.TestRunner.privateRun(TestRunner.java:648)at org.testng.TestRunner.run(TestRunner.java:505)at org.testng.SuiteRunner.runTest(SuiteRunner.java:455)at org.testng.SuiteRunner.runSequentially(SuiteRunner.java:450)at org.testng.SuiteRunner.privateRun(SuiteRunner.java:415)at org.testng.SuiteRunner.run(SuiteRunner.java:364)at org.testng.SuiteRunnerWorker.runSuite(SuiteRunnerWorker.java:52)at org.testng.SuiteRunnerWorker.run(SuiteRunnerWorker.java:84)at org.testng.TestNG.runSuitesSequentially(TestNG.java:1187)at org.testng.TestNG.runSuitesSequentially(TestNG.java:1183)at org.testng.TestNG.runSuitesLocally(TestNG.java:1116)at org.testng.TestNG.runSuites(TestNG.java:1028)at org.testng.TestNG.run(TestNG.java:996)at org.testng.remote.AbstractRemoteTestNG.run(AbstractRemoteTestNG.java:114)at org.testng.remote.RemoteTestNG.initAndRun(RemoteTestNG.java:251)at org.testng.remote.RemoteTestNG.main(RemoteTestNG.java:77)]]>
            </full-stacktrace>
          </exception> <!-- org.testng.TestNGException -->
          <reporter-output>
          </reporter-output>
        </test-method> <!-- guestCheckout -->
        <test-method status="PASS" signature="afterMethod(org.testng.ITestResult)[pri:0, instance:src.com.pack.common.tests.CheckOutPageTest@18bf3d14]" name="afterMethod" is-config="true" duration-ms="1000" started-at="2018-04-23T15:00:42Z" finished-at="2018-04-23T15:00:43Z">
          <params>
            <param index="0">
              <value>
                <![CDATA[[TestResult name={null} status=CREATED method=CheckOutPageTest.guestCheckout()[pri:3, instance:src.com.pack.common.tests.CheckOutPageTest@18bf3d14] output={null}]]]>
              </value>
            </param>
          </params>
          <reporter-output>
          </reporter-output>
        </test-method> <!-- afterMethod -->
        <test-method status="SKIP" signature="mastercguest()[pri:4, instance:src.com.pack.common.tests.CheckOutPageTest@18bf3d14]" name="mastercguest" duration-ms="0" started-at="2018-04-23T15:00:43Z" description="Guest Checkout with Card Master Payment" finished-at="2018-04-23T15:00:43Z">
          <exception class="org.testng.TestNGException">
            <message>
              <![CDATA[Parameter 'env' is required by BeforeClass on method initializeTestBaseSetup but has not been marked @Optional or definedin C:\Users\rajeev.singh\workspace\Selenium_39\checkout.xml]]>
            </message>
            <full-stacktrace>
              <![CDATA[org.testng.TestNGException: Parameter 'env' is required by BeforeClass on method initializeTestBaseSetup but has not been marked @Optional or definedin C:\Users\rajeev.singh\workspace\Selenium_39\checkout.xmlat org.testng.internal.Parameters.createParams(Parameters.java:290)at org.testng.internal.Parameters.createParametersForMethod(Parameters.java:359)at org.testng.internal.Parameters.createParameters(Parameters.java:620)at org.testng.internal.Parameters.createConfigurationParameters(Parameters.java:190)at org.testng.internal.Invoker.invokeConfigurations(Invoker.java:209)at org.testng.internal.Invoker.invokeConfigurations(Invoker.java:142)at org.testng.internal.TestMethodWorker.invokeBeforeClassMethods(TestMethodWorker.java:163)at org.testng.internal.TestMethodWorker.run(TestMethodWorker.java:105)at org.testng.TestRunner.privateRun(TestRunner.java:648)at org.testng.TestRunner.run(TestRunner.java:505)at org.testng.SuiteRunner.runTest(SuiteRunner.java:455)at org.testng.SuiteRunner.runSequentially(SuiteRunner.java:450)at org.testng.SuiteRunner.privateRun(SuiteRunner.java:415)at org.testng.SuiteRunner.run(SuiteRunner.java:364)at org.testng.SuiteRunnerWorker.runSuite(SuiteRunnerWorker.java:52)at org.testng.SuiteRunnerWorker.run(SuiteRunnerWorker.java:84)at org.testng.TestNG.runSuitesSequentially(TestNG.java:1187)at org.testng.TestNG.runSuitesSequentially(TestNG.java:1183)at org.testng.TestNG.runSuitesLocally(TestNG.java:1116)at org.testng.TestNG.runSuites(TestNG.java:1028)at org.testng.TestNG.run(TestNG.java:996)at org.testng.remote.AbstractRemoteTestNG.run(AbstractRemoteTestNG.java:114)at org.testng.remote.RemoteTestNG.initAndRun(RemoteTestNG.java:251)at org.testng.remote.RemoteTestNG.main(RemoteTestNG.java:77)]]>
            </full-stacktrace>
          </exception> <!-- org.testng.TestNGException -->
          <reporter-output>
          </reporter-output>
        </test-method> <!-- mastercguest -->
        <test-method status="PASS" signature="afterMethod(org.testng.ITestResult)[pri:0, instance:src.com.pack.common.tests.CheckOutPageTest@18bf3d14]" name="afterMethod" is-config="true" duration-ms="1000" started-at="2018-04-23T15:00:43Z" finished-at="2018-04-23T15:00:44Z">
          <params>
            <param index="0">
              <value>
                <![CDATA[[TestResult name={null} status=CREATED method=CheckOutPageTest.mastercguest()[pri:4, instance:src.com.pack.common.tests.CheckOutPageTest@18bf3d14] output={null}]]]>
              </value>
            </param>
          </params>
          <reporter-output>
          </reporter-output>
        </test-method> <!-- afterMethod -->
        <test-method status="SKIP" signature="loggedinuserCheckout()[pri:5, instance:src.com.pack.common.tests.CheckOutPageTest@18bf3d14]" name="loggedinuserCheckout" duration-ms="0" started-at="2018-04-23T15:00:44Z" description="Registered user Apply Gift certificate and pay Master card" finished-at="2018-04-23T15:00:44Z">
          <exception class="org.testng.TestNGException">
            <message>
              <![CDATA[Parameter 'env' is required by BeforeClass on method initializeTestBaseSetup but has not been marked @Optional or definedin C:\Users\rajeev.singh\workspace\Selenium_39\checkout.xml]]>
            </message>
            <full-stacktrace>
              <![CDATA[org.testng.TestNGException: Parameter 'env' is required by BeforeClass on method initializeTestBaseSetup but has not been marked @Optional or definedin C:\Users\rajeev.singh\workspace\Selenium_39\checkout.xmlat org.testng.internal.Parameters.createParams(Parameters.java:290)at org.testng.internal.Parameters.createParametersForMethod(Parameters.java:359)at org.testng.internal.Parameters.createParameters(Parameters.java:620)at org.testng.internal.Parameters.createConfigurationParameters(Parameters.java:190)at org.testng.internal.Invoker.invokeConfigurations(Invoker.java:209)at org.testng.internal.Invoker.invokeConfigurations(Invoker.java:142)at org.testng.internal.TestMethodWorker.invokeBeforeClassMethods(TestMethodWorker.java:163)at org.testng.internal.TestMethodWorker.run(TestMethodWorker.java:105)at org.testng.TestRunner.privateRun(TestRunner.java:648)at org.testng.TestRunner.run(TestRunner.java:505)at org.testng.SuiteRunner.runTest(SuiteRunner.java:455)at org.testng.SuiteRunner.runSequentially(SuiteRunner.java:450)at org.testng.SuiteRunner.privateRun(SuiteRunner.java:415)at org.testng.SuiteRunner.run(SuiteRunner.java:364)at org.testng.SuiteRunnerWorker.runSuite(SuiteRunnerWorker.java:52)at org.testng.SuiteRunnerWorker.run(SuiteRunnerWorker.java:84)at org.testng.TestNG.runSuitesSequentially(TestNG.java:1187)at org.testng.TestNG.runSuitesSequentially(TestNG.java:1183)at org.testng.TestNG.runSuitesLocally(TestNG.java:1116)at org.testng.TestNG.runSuites(TestNG.java:1028)at org.testng.TestNG.run(TestNG.java:996)at org.testng.remote.AbstractRemoteTestNG.run(AbstractRemoteTestNG.java:114)at org.testng.remote.RemoteTestNG.initAndRun(RemoteTestNG.java:251)at org.testng.remote.RemoteTestNG.main(RemoteTestNG.java:77)]]>
            </full-stacktrace>
          </exception> <!-- org.testng.TestNGException -->
          <reporter-output>
          </reporter-output>
        </test-method> <!-- loggedinuserCheckout -->
        <test-method status="PASS" signature="afterMethod(org.testng.ITestResult)[pri:0, instance:src.com.pack.common.tests.CheckOutPageTest@18bf3d14]" name="afterMethod" is-config="true" duration-ms="1001" started-at="2018-04-23T15:00:44Z" finished-at="2018-04-23T15:00:45Z">
          <params>
            <param index="0">
              <value>
                <![CDATA[[TestResult name={null} status=CREATED method=CheckOutPageTest.loggedinuserCheckout()[pri:5, instance:src.com.pack.common.tests.CheckOutPageTest@18bf3d14] output={null}]]]>
              </value>
            </param>
          </params>
          <reporter-output>
          </reporter-output>
        </test-method> <!-- afterMethod -->
        <test-method status="SKIP" signature="loggedinusersofort()[pri:6, instance:src.com.pack.common.tests.CheckOutPageTest@18bf3d14]" name="loggedinusersofort" duration-ms="0" started-at="2018-04-23T15:00:45Z" description="Registered user checkout with Sofort Payment method" finished-at="2018-04-23T15:00:45Z">
          <exception class="org.testng.TestNGException">
            <message>
              <![CDATA[Parameter 'env' is required by BeforeClass on method initializeTestBaseSetup but has not been marked @Optional or definedin C:\Users\rajeev.singh\workspace\Selenium_39\checkout.xml]]>
            </message>
            <full-stacktrace>
              <![CDATA[org.testng.TestNGException: Parameter 'env' is required by BeforeClass on method initializeTestBaseSetup but has not been marked @Optional or definedin C:\Users\rajeev.singh\workspace\Selenium_39\checkout.xmlat org.testng.internal.Parameters.createParams(Parameters.java:290)at org.testng.internal.Parameters.createParametersForMethod(Parameters.java:359)at org.testng.internal.Parameters.createParameters(Parameters.java:620)at org.testng.internal.Parameters.createConfigurationParameters(Parameters.java:190)at org.testng.internal.Invoker.invokeConfigurations(Invoker.java:209)at org.testng.internal.Invoker.invokeConfigurations(Invoker.java:142)at org.testng.internal.TestMethodWorker.invokeBeforeClassMethods(TestMethodWorker.java:163)at org.testng.internal.TestMethodWorker.run(TestMethodWorker.java:105)at org.testng.TestRunner.privateRun(TestRunner.java:648)at org.testng.TestRunner.run(TestRunner.java:505)at org.testng.SuiteRunner.runTest(SuiteRunner.java:455)at org.testng.SuiteRunner.runSequentially(SuiteRunner.java:450)at org.testng.SuiteRunner.privateRun(SuiteRunner.java:415)at org.testng.SuiteRunner.run(SuiteRunner.java:364)at org.testng.SuiteRunnerWorker.runSuite(SuiteRunnerWorker.java:52)at org.testng.SuiteRunnerWorker.run(SuiteRunnerWorker.java:84)at org.testng.TestNG.runSuitesSequentially(TestNG.java:1187)at org.testng.TestNG.runSuitesSequentially(TestNG.java:1183)at org.testng.TestNG.runSuitesLocally(TestNG.java:1116)at org.testng.TestNG.runSuites(TestNG.java:1028)at org.testng.TestNG.run(TestNG.java:996)at org.testng.remote.AbstractRemoteTestNG.run(AbstractRemoteTestNG.java:114)at org.testng.remote.RemoteTestNG.initAndRun(RemoteTestNG.java:251)at org.testng.remote.RemoteTestNG.main(RemoteTestNG.java:77)]]>
            </full-stacktrace>
          </exception> <!-- org.testng.TestNGException -->
          <reporter-output>
          </reporter-output>
        </test-method> <!-- loggedinusersofort -->
        <test-method status="PASS" signature="afterMethod(org.testng.ITestResult)[pri:0, instance:src.com.pack.common.tests.CheckOutPageTest@18bf3d14]" name="afterMethod" is-config="true" duration-ms="1002" started-at="2018-04-23T15:00:45Z" finished-at="2018-04-23T15:00:46Z">
          <params>
            <param index="0">
              <value>
                <![CDATA[[TestResult name={null} status=CREATED method=CheckOutPageTest.loggedinusersofort()[pri:6, instance:src.com.pack.common.tests.CheckOutPageTest@18bf3d14] output={null}]]]>
              </value>
            </param>
          </params>
          <reporter-output>
          </reporter-output>
        </test-method> <!-- afterMethod -->
        <test-method status="SKIP" signature="loggedinuserpaypal()[pri:7, instance:src.com.pack.common.tests.CheckOutPageTest@18bf3d14]" name="loggedinuserpaypal" duration-ms="0" started-at="2018-04-23T15:00:46Z" description="Registered user checkout with PayPal Payment method" finished-at="2018-04-23T15:00:46Z">
          <exception class="org.testng.TestNGException">
            <message>
              <![CDATA[Parameter 'env' is required by BeforeClass on method initializeTestBaseSetup but has not been marked @Optional or definedin C:\Users\rajeev.singh\workspace\Selenium_39\checkout.xml]]>
            </message>
            <full-stacktrace>
              <![CDATA[org.testng.TestNGException: Parameter 'env' is required by BeforeClass on method initializeTestBaseSetup but has not been marked @Optional or definedin C:\Users\rajeev.singh\workspace\Selenium_39\checkout.xmlat org.testng.internal.Parameters.createParams(Parameters.java:290)at org.testng.internal.Parameters.createParametersForMethod(Parameters.java:359)at org.testng.internal.Parameters.createParameters(Parameters.java:620)at org.testng.internal.Parameters.createConfigurationParameters(Parameters.java:190)at org.testng.internal.Invoker.invokeConfigurations(Invoker.java:209)at org.testng.internal.Invoker.invokeConfigurations(Invoker.java:142)at org.testng.internal.TestMethodWorker.invokeBeforeClassMethods(TestMethodWorker.java:163)at org.testng.internal.TestMethodWorker.run(TestMethodWorker.java:105)at org.testng.TestRunner.privateRun(TestRunner.java:648)at org.testng.TestRunner.run(TestRunner.java:505)at org.testng.SuiteRunner.runTest(SuiteRunner.java:455)at org.testng.SuiteRunner.runSequentially(SuiteRunner.java:450)at org.testng.SuiteRunner.privateRun(SuiteRunner.java:415)at org.testng.SuiteRunner.run(SuiteRunner.java:364)at org.testng.SuiteRunnerWorker.runSuite(SuiteRunnerWorker.java:52)at org.testng.SuiteRunnerWorker.run(SuiteRunnerWorker.java:84)at org.testng.TestNG.runSuitesSequentially(TestNG.java:1187)at org.testng.TestNG.runSuitesSequentially(TestNG.java:1183)at org.testng.TestNG.runSuitesLocally(TestNG.java:1116)at org.testng.TestNG.runSuites(TestNG.java:1028)at org.testng.TestNG.run(TestNG.java:996)at org.testng.remote.AbstractRemoteTestNG.run(AbstractRemoteTestNG.java:114)at org.testng.remote.RemoteTestNG.initAndRun(RemoteTestNG.java:251)at org.testng.remote.RemoteTestNG.main(RemoteTestNG.java:77)]]>
            </full-stacktrace>
          </exception> <!-- org.testng.TestNGException -->
          <reporter-output>
          </reporter-output>
        </test-method> <!-- loggedinuserpaypal -->
        <test-method status="PASS" signature="afterMethod(org.testng.ITestResult)[pri:0, instance:src.com.pack.common.tests.CheckOutPageTest@18bf3d14]" name="afterMethod" is-config="true" duration-ms="1000" started-at="2018-04-23T15:00:46Z" finished-at="2018-04-23T15:00:47Z">
          <params>
            <param index="0">
              <value>
                <![CDATA[[TestResult name={null} status=CREATED method=CheckOutPageTest.loggedinuserpaypal()[pri:7, instance:src.com.pack.common.tests.CheckOutPageTest@18bf3d14] output={null}]]]>
              </value>
            </param>
          </params>
          <reporter-output>
          </reporter-output>
        </test-method> <!-- afterMethod -->
        <test-method status="SKIP" signature="loggedinuserCollector()[pri:8, instance:src.com.pack.common.tests.CheckOutPageTest@18bf3d14]" name="loggedinuserCollector" duration-ms="0" started-at="2018-04-23T15:00:47Z" description="Registered user with collector payment" finished-at="2018-04-23T15:00:47Z">
          <exception class="org.testng.TestNGException">
            <message>
              <![CDATA[Parameter 'env' is required by BeforeClass on method initializeTestBaseSetup but has not been marked @Optional or definedin C:\Users\rajeev.singh\workspace\Selenium_39\checkout.xml]]>
            </message>
            <full-stacktrace>
              <![CDATA[org.testng.TestNGException: Parameter 'env' is required by BeforeClass on method initializeTestBaseSetup but has not been marked @Optional or definedin C:\Users\rajeev.singh\workspace\Selenium_39\checkout.xmlat org.testng.internal.Parameters.createParams(Parameters.java:290)at org.testng.internal.Parameters.createParametersForMethod(Parameters.java:359)at org.testng.internal.Parameters.createParameters(Parameters.java:620)at org.testng.internal.Parameters.createConfigurationParameters(Parameters.java:190)at org.testng.internal.Invoker.invokeConfigurations(Invoker.java:209)at org.testng.internal.Invoker.invokeConfigurations(Invoker.java:142)at org.testng.internal.TestMethodWorker.invokeBeforeClassMethods(TestMethodWorker.java:163)at org.testng.internal.TestMethodWorker.run(TestMethodWorker.java:105)at org.testng.TestRunner.privateRun(TestRunner.java:648)at org.testng.TestRunner.run(TestRunner.java:505)at org.testng.SuiteRunner.runTest(SuiteRunner.java:455)at org.testng.SuiteRunner.runSequentially(SuiteRunner.java:450)at org.testng.SuiteRunner.privateRun(SuiteRunner.java:415)at org.testng.SuiteRunner.run(SuiteRunner.java:364)at org.testng.SuiteRunnerWorker.runSuite(SuiteRunnerWorker.java:52)at org.testng.SuiteRunnerWorker.run(SuiteRunnerWorker.java:84)at org.testng.TestNG.runSuitesSequentially(TestNG.java:1187)at org.testng.TestNG.runSuitesSequentially(TestNG.java:1183)at org.testng.TestNG.runSuitesLocally(TestNG.java:1116)at org.testng.TestNG.runSuites(TestNG.java:1028)at org.testng.TestNG.run(TestNG.java:996)at org.testng.remote.AbstractRemoteTestNG.run(AbstractRemoteTestNG.java:114)at org.testng.remote.RemoteTestNG.initAndRun(RemoteTestNG.java:251)at org.testng.remote.RemoteTestNG.main(RemoteTestNG.java:77)]]>
            </full-stacktrace>
          </exception> <!-- org.testng.TestNGException -->
          <reporter-output>
          </reporter-output>
        </test-method> <!-- loggedinuserCollector -->
        <test-method status="PASS" signature="afterMethod(org.testng.ITestResult)[pri:0, instance:src.com.pack.common.tests.CheckOutPageTest@18bf3d14]" name="afterMethod" is-config="true" duration-ms="1000" started-at="2018-04-23T15:00:47Z" finished-at="2018-04-23T15:00:48Z">
          <params>
            <param index="0">
              <value>
                <![CDATA[[TestResult name={null} status=CREATED method=CheckOutPageTest.loggedinuserCollector()[pri:8, instance:src.com.pack.common.tests.CheckOutPageTest@18bf3d14] output={null}]]]>
              </value>
            </param>
          </params>
          <reporter-output>
          </reporter-output>
        </test-method> <!-- afterMethod -->
        <test-method status="SKIP" signature="tearDown()[pri:0, instance:src.com.pack.common.tests.CheckOutPageTest@18bf3d14]" name="tearDown" is-config="true" duration-ms="0" started-at="2018-04-23T15:00:48Z" finished-at="2018-04-23T15:00:48Z">
          <reporter-output>
          </reporter-output>
        </test-method> <!-- tearDown -->
      </class> <!-- src.com.pack.common.tests.CheckOutPageTest -->
    </test> <!-- CP-Germany -->
    <test name="CP-Denmark" duration-ms="4010" started-at="2018-04-23T09:30:48Z" finished-at="2018-04-23T09:30:52Z">
      <class name="src.com.pack.common.tests.CheckOutPageTest">
        <test-method status="FAIL" signature="initializeTestBaseSetup(java.lang.String, java.lang.String, java.lang.String, java.lang.String, java.lang.String)[pri:0, instance:src.com.pack.common.tests.CheckOutPageTest@7276c8cd]" name="initializeTestBaseSetup" is-config="true" duration-ms="0" started-at="2018-04-23T15:00:48Z" finished-at="2018-04-23T15:00:48Z">
          <exception class="org.testng.TestNGException">
            <message>
              <![CDATA[Parameter 'env' is required by BeforeClass on method initializeTestBaseSetup but has not been marked @Optional or definedin C:\Users\rajeev.singh\workspace\Selenium_39\checkout.xml]]>
            </message>
            <full-stacktrace>
              <![CDATA[org.testng.TestNGException: Parameter 'env' is required by BeforeClass on method initializeTestBaseSetup but has not been marked @Optional or definedin C:\Users\rajeev.singh\workspace\Selenium_39\checkout.xmlat org.testng.internal.Parameters.createParams(Parameters.java:290)at org.testng.internal.Parameters.createParametersForMethod(Parameters.java:359)at org.testng.internal.Parameters.createParameters(Parameters.java:620)at org.testng.internal.Parameters.createConfigurationParameters(Parameters.java:190)at org.testng.internal.Invoker.invokeConfigurations(Invoker.java:209)at org.testng.internal.Invoker.invokeConfigurations(Invoker.java:142)at org.testng.internal.TestMethodWorker.invokeBeforeClassMethods(TestMethodWorker.java:163)at org.testng.internal.TestMethodWorker.run(TestMethodWorker.java:105)at org.testng.TestRunner.privateRun(TestRunner.java:648)at org.testng.TestRunner.run(TestRunner.java:505)at org.testng.SuiteRunner.runTest(SuiteRunner.java:455)at org.testng.SuiteRunner.runSequentially(SuiteRunner.java:450)at org.testng.SuiteRunner.privateRun(SuiteRunner.java:415)at org.testng.SuiteRunner.run(SuiteRunner.java:364)at org.testng.SuiteRunnerWorker.runSuite(SuiteRunnerWorker.java:52)at org.testng.SuiteRunnerWorker.run(SuiteRunnerWorker.java:84)at org.testng.TestNG.runSuitesSequentially(TestNG.java:1187)at org.testng.TestNG.runSuitesSequentially(TestNG.java:1183)at org.testng.TestNG.runSuitesLocally(TestNG.java:1116)at org.testng.TestNG.runSuites(TestNG.java:1028)at org.testng.TestNG.run(TestNG.java:996)at org.testng.remote.AbstractRemoteTestNG.run(AbstractRemoteTestNG.java:114)at org.testng.remote.RemoteTestNG.initAndRun(RemoteTestNG.java:251)at org.testng.remote.RemoteTestNG.main(RemoteTestNG.java:77)]]>
            </full-stacktrace>
          </exception> <!-- org.testng.TestNGException -->
          <reporter-output>
          </reporter-output>
        </test-method> <!-- initializeTestBaseSetup -->
        <test-method status="SKIP" signature="setUp(org.testng.ITestContext)[pri:0, instance:src.com.pack.common.tests.CheckOutPageTest@7276c8cd]" name="setUp" is-config="true" duration-ms="0" started-at="2018-04-23T15:00:48Z" finished-at="2018-04-23T15:00:48Z">
          <reporter-output>
          </reporter-output>
        </test-method> <!-- setUp -->
        <test-method status="SKIP" signature="guestCheckout()[pri:3, instance:src.com.pack.common.tests.CheckOutPageTest@7276c8cd]" name="guestCheckout" duration-ms="0" started-at="2018-04-23T15:00:48Z" description="Search and Buy Gift as Guest Card Visa Payment" finished-at="2018-04-23T15:00:48Z">
          <exception class="org.testng.TestNGException">
            <message>
              <![CDATA[Parameter 'env' is required by BeforeClass on method initializeTestBaseSetup but has not been marked @Optional or definedin C:\Users\rajeev.singh\workspace\Selenium_39\checkout.xml]]>
            </message>
            <full-stacktrace>
              <![CDATA[org.testng.TestNGException: Parameter 'env' is required by BeforeClass on method initializeTestBaseSetup but has not been marked @Optional or definedin C:\Users\rajeev.singh\workspace\Selenium_39\checkout.xmlat org.testng.internal.Parameters.createParams(Parameters.java:290)at org.testng.internal.Parameters.createParametersForMethod(Parameters.java:359)at org.testng.internal.Parameters.createParameters(Parameters.java:620)at org.testng.internal.Parameters.createConfigurationParameters(Parameters.java:190)at org.testng.internal.Invoker.invokeConfigurations(Invoker.java:209)at org.testng.internal.Invoker.invokeConfigurations(Invoker.java:142)at org.testng.internal.TestMethodWorker.invokeBeforeClassMethods(TestMethodWorker.java:163)at org.testng.internal.TestMethodWorker.run(TestMethodWorker.java:105)at org.testng.TestRunner.privateRun(TestRunner.java:648)at org.testng.TestRunner.run(TestRunner.java:505)at org.testng.SuiteRunner.runTest(SuiteRunner.java:455)at org.testng.SuiteRunner.runSequentially(SuiteRunner.java:450)at org.testng.SuiteRunner.privateRun(SuiteRunner.java:415)at org.testng.SuiteRunner.run(SuiteRunner.java:364)at org.testng.SuiteRunnerWorker.runSuite(SuiteRunnerWorker.java:52)at org.testng.SuiteRunnerWorker.run(SuiteRunnerWorker.java:84)at org.testng.TestNG.runSuitesSequentially(TestNG.java:1187)at org.testng.TestNG.runSuitesSequentially(TestNG.java:1183)at org.testng.TestNG.runSuitesLocally(TestNG.java:1116)at org.testng.TestNG.runSuites(TestNG.java:1028)at org.testng.TestNG.run(TestNG.java:996)at org.testng.remote.AbstractRemoteTestNG.run(AbstractRemoteTestNG.java:114)at org.testng.remote.RemoteTestNG.initAndRun(RemoteTestNG.java:251)at org.testng.remote.RemoteTestNG.main(RemoteTestNG.java:77)]]>
            </full-stacktrace>
          </exception> <!-- org.testng.TestNGException -->
          <reporter-output>
          </reporter-output>
        </test-method> <!-- guestCheckout -->
        <test-method status="PASS" signature="afterMethod(org.testng.ITestResult)[pri:0, instance:src.com.pack.common.tests.CheckOutPageTest@7276c8cd]" name="afterMethod" is-config="true" duration-ms="1000" started-at="2018-04-23T15:00:48Z" finished-at="2018-04-23T15:00:49Z">
          <params>
            <param index="0">
              <value>
                <![CDATA[[TestResult name={null} status=CREATED method=CheckOutPageTest.guestCheckout()[pri:3, instance:src.com.pack.common.tests.CheckOutPageTest@7276c8cd] output={null}]]]>
              </value>
            </param>
          </params>
          <reporter-output>
          </reporter-output>
        </test-method> <!-- afterMethod -->
        <test-method status="SKIP" signature="mastercguest()[pri:4, instance:src.com.pack.common.tests.CheckOutPageTest@7276c8cd]" name="mastercguest" duration-ms="0" started-at="2018-04-23T15:00:49Z" description="Guest Checkout with Card Master Payment" finished-at="2018-04-23T15:00:49Z">
          <exception class="org.testng.TestNGException">
            <message>
              <![CDATA[Parameter 'env' is required by BeforeClass on method initializeTestBaseSetup but has not been marked @Optional or definedin C:\Users\rajeev.singh\workspace\Selenium_39\checkout.xml]]>
            </message>
            <full-stacktrace>
              <![CDATA[org.testng.TestNGException: Parameter 'env' is required by BeforeClass on method initializeTestBaseSetup but has not been marked @Optional or definedin C:\Users\rajeev.singh\workspace\Selenium_39\checkout.xmlat org.testng.internal.Parameters.createParams(Parameters.java:290)at org.testng.internal.Parameters.createParametersForMethod(Parameters.java:359)at org.testng.internal.Parameters.createParameters(Parameters.java:620)at org.testng.internal.Parameters.createConfigurationParameters(Parameters.java:190)at org.testng.internal.Invoker.invokeConfigurations(Invoker.java:209)at org.testng.internal.Invoker.invokeConfigurations(Invoker.java:142)at org.testng.internal.TestMethodWorker.invokeBeforeClassMethods(TestMethodWorker.java:163)at org.testng.internal.TestMethodWorker.run(TestMethodWorker.java:105)at org.testng.TestRunner.privateRun(TestRunner.java:648)at org.testng.TestRunner.run(TestRunner.java:505)at org.testng.SuiteRunner.runTest(SuiteRunner.java:455)at org.testng.SuiteRunner.runSequentially(SuiteRunner.java:450)at org.testng.SuiteRunner.privateRun(SuiteRunner.java:415)at org.testng.SuiteRunner.run(SuiteRunner.java:364)at org.testng.SuiteRunnerWorker.runSuite(SuiteRunnerWorker.java:52)at org.testng.SuiteRunnerWorker.run(SuiteRunnerWorker.java:84)at org.testng.TestNG.runSuitesSequentially(TestNG.java:1187)at org.testng.TestNG.runSuitesSequentially(TestNG.java:1183)at org.testng.TestNG.runSuitesLocally(TestNG.java:1116)at org.testng.TestNG.runSuites(TestNG.java:1028)at org.testng.TestNG.run(TestNG.java:996)at org.testng.remote.AbstractRemoteTestNG.run(AbstractRemoteTestNG.java:114)at org.testng.remote.RemoteTestNG.initAndRun(RemoteTestNG.java:251)at org.testng.remote.RemoteTestNG.main(RemoteTestNG.java:77)]]>
            </full-stacktrace>
          </exception> <!-- org.testng.TestNGException -->
          <reporter-output>
          </reporter-output>
        </test-method> <!-- mastercguest -->
        <test-method status="PASS" signature="afterMethod(org.testng.ITestResult)[pri:0, instance:src.com.pack.common.tests.CheckOutPageTest@7276c8cd]" name="afterMethod" is-config="true" duration-ms="1000" started-at="2018-04-23T15:00:49Z" finished-at="2018-04-23T15:00:50Z">
          <params>
            <param index="0">
              <value>
                <![CDATA[[TestResult name={null} status=CREATED method=CheckOutPageTest.mastercguest()[pri:4, instance:src.com.pack.common.tests.CheckOutPageTest@7276c8cd] output={null}]]]>
              </value>
            </param>
          </params>
          <reporter-output>
          </reporter-output>
        </test-method> <!-- afterMethod -->
        <test-method status="SKIP" signature="loggedinuserCheckout()[pri:5, instance:src.com.pack.common.tests.CheckOutPageTest@7276c8cd]" name="loggedinuserCheckout" duration-ms="0" started-at="2018-04-23T15:00:50Z" description="Registered user Apply Gift certificate and pay Master card" finished-at="2018-04-23T15:00:50Z">
          <exception class="org.testng.TestNGException">
            <message>
              <![CDATA[Parameter 'env' is required by BeforeClass on method initializeTestBaseSetup but has not been marked @Optional or definedin C:\Users\rajeev.singh\workspace\Selenium_39\checkout.xml]]>
            </message>
            <full-stacktrace>
              <![CDATA[org.testng.TestNGException: Parameter 'env' is required by BeforeClass on method initializeTestBaseSetup but has not been marked @Optional or definedin C:\Users\rajeev.singh\workspace\Selenium_39\checkout.xmlat org.testng.internal.Parameters.createParams(Parameters.java:290)at org.testng.internal.Parameters.createParametersForMethod(Parameters.java:359)at org.testng.internal.Parameters.createParameters(Parameters.java:620)at org.testng.internal.Parameters.createConfigurationParameters(Parameters.java:190)at org.testng.internal.Invoker.invokeConfigurations(Invoker.java:209)at org.testng.internal.Invoker.invokeConfigurations(Invoker.java:142)at org.testng.internal.TestMethodWorker.invokeBeforeClassMethods(TestMethodWorker.java:163)at org.testng.internal.TestMethodWorker.run(TestMethodWorker.java:105)at org.testng.TestRunner.privateRun(TestRunner.java:648)at org.testng.TestRunner.run(TestRunner.java:505)at org.testng.SuiteRunner.runTest(SuiteRunner.java:455)at org.testng.SuiteRunner.runSequentially(SuiteRunner.java:450)at org.testng.SuiteRunner.privateRun(SuiteRunner.java:415)at org.testng.SuiteRunner.run(SuiteRunner.java:364)at org.testng.SuiteRunnerWorker.runSuite(SuiteRunnerWorker.java:52)at org.testng.SuiteRunnerWorker.run(SuiteRunnerWorker.java:84)at org.testng.TestNG.runSuitesSequentially(TestNG.java:1187)at org.testng.TestNG.runSuitesSequentially(TestNG.java:1183)at org.testng.TestNG.runSuitesLocally(TestNG.java:1116)at org.testng.TestNG.runSuites(TestNG.java:1028)at org.testng.TestNG.run(TestNG.java:996)at org.testng.remote.AbstractRemoteTestNG.run(AbstractRemoteTestNG.java:114)at org.testng.remote.RemoteTestNG.initAndRun(RemoteTestNG.java:251)at org.testng.remote.RemoteTestNG.main(RemoteTestNG.java:77)]]>
            </full-stacktrace>
          </exception> <!-- org.testng.TestNGException -->
          <reporter-output>
          </reporter-output>
        </test-method> <!-- loggedinuserCheckout -->
        <test-method status="PASS" signature="afterMethod(org.testng.ITestResult)[pri:0, instance:src.com.pack.common.tests.CheckOutPageTest@7276c8cd]" name="afterMethod" is-config="true" duration-ms="1000" started-at="2018-04-23T15:00:50Z" finished-at="2018-04-23T15:00:51Z">
          <params>
            <param index="0">
              <value>
                <![CDATA[[TestResult name={null} status=CREATED method=CheckOutPageTest.loggedinuserCheckout()[pri:5, instance:src.com.pack.common.tests.CheckOutPageTest@7276c8cd] output={null}]]]>
              </value>
            </param>
          </params>
          <reporter-output>
          </reporter-output>
        </test-method> <!-- afterMethod -->
        <test-method status="SKIP" signature="loggedinuserDankort()[pri:9, instance:src.com.pack.common.tests.CheckOutPageTest@7276c8cd]" name="loggedinuserDankort" duration-ms="0" started-at="2018-04-23T15:00:51Z" description="Registered user with Dankort Payment Method" finished-at="2018-04-23T15:00:51Z">
          <exception class="org.testng.TestNGException">
            <message>
              <![CDATA[Parameter 'env' is required by BeforeClass on method initializeTestBaseSetup but has not been marked @Optional or definedin C:\Users\rajeev.singh\workspace\Selenium_39\checkout.xml]]>
            </message>
            <full-stacktrace>
              <![CDATA[org.testng.TestNGException: Parameter 'env' is required by BeforeClass on method initializeTestBaseSetup but has not been marked @Optional or definedin C:\Users\rajeev.singh\workspace\Selenium_39\checkout.xmlat org.testng.internal.Parameters.createParams(Parameters.java:290)at org.testng.internal.Parameters.createParametersForMethod(Parameters.java:359)at org.testng.internal.Parameters.createParameters(Parameters.java:620)at org.testng.internal.Parameters.createConfigurationParameters(Parameters.java:190)at org.testng.internal.Invoker.invokeConfigurations(Invoker.java:209)at org.testng.internal.Invoker.invokeConfigurations(Invoker.java:142)at org.testng.internal.TestMethodWorker.invokeBeforeClassMethods(TestMethodWorker.java:163)at org.testng.internal.TestMethodWorker.run(TestMethodWorker.java:105)at org.testng.TestRunner.privateRun(TestRunner.java:648)at org.testng.TestRunner.run(TestRunner.java:505)at org.testng.SuiteRunner.runTest(SuiteRunner.java:455)at org.testng.SuiteRunner.runSequentially(SuiteRunner.java:450)at org.testng.SuiteRunner.privateRun(SuiteRunner.java:415)at org.testng.SuiteRunner.run(SuiteRunner.java:364)at org.testng.SuiteRunnerWorker.runSuite(SuiteRunnerWorker.java:52)at org.testng.SuiteRunnerWorker.run(SuiteRunnerWorker.java:84)at org.testng.TestNG.runSuitesSequentially(TestNG.java:1187)at org.testng.TestNG.runSuitesSequentially(TestNG.java:1183)at org.testng.TestNG.runSuitesLocally(TestNG.java:1116)at org.testng.TestNG.runSuites(TestNG.java:1028)at org.testng.TestNG.run(TestNG.java:996)at org.testng.remote.AbstractRemoteTestNG.run(AbstractRemoteTestNG.java:114)at org.testng.remote.RemoteTestNG.initAndRun(RemoteTestNG.java:251)at org.testng.remote.RemoteTestNG.main(RemoteTestNG.java:77)]]>
            </full-stacktrace>
          </exception> <!-- org.testng.TestNGException -->
          <reporter-output>
          </reporter-output>
        </test-method> <!-- loggedinuserDankort -->
        <test-method status="PASS" signature="afterMethod(org.testng.ITestResult)[pri:0, instance:src.com.pack.common.tests.CheckOutPageTest@7276c8cd]" name="afterMethod" is-config="true" duration-ms="1000" started-at="2018-04-23T15:00:51Z" finished-at="2018-04-23T15:00:52Z">
          <params>
            <param index="0">
              <value>
                <![CDATA[[TestResult name={null} status=CREATED method=CheckOutPageTest.loggedinuserDankort()[pri:9, instance:src.com.pack.common.tests.CheckOutPageTest@7276c8cd] output={null}]]]>
              </value>
            </param>
          </params>
          <reporter-output>
          </reporter-output>
        </test-method> <!-- afterMethod -->
        <test-method status="SKIP" signature="tearDown()[pri:0, instance:src.com.pack.common.tests.CheckOutPageTest@7276c8cd]" name="tearDown" is-config="true" duration-ms="0" started-at="2018-04-23T15:00:52Z" finished-at="2018-04-23T15:00:52Z">
          <reporter-output>
          </reporter-output>
        </test-method> <!-- tearDown -->
      </class> <!-- src.com.pack.common.tests.CheckOutPageTest -->
    </test> <!-- CP-Denmark -->
    <test name="CP-Sweden" duration-ms="5012" started-at="2018-04-23T09:30:52Z" finished-at="2018-04-23T09:30:57Z">
      <class name="src.com.pack.common.tests.CheckOutPageTest">
        <test-method status="FAIL" signature="initializeTestBaseSetup(java.lang.String, java.lang.String, java.lang.String, java.lang.String, java.lang.String)[pri:0, instance:src.com.pack.common.tests.CheckOutPageTest@704d6e83]" name="initializeTestBaseSetup" is-config="true" duration-ms="0" started-at="2018-04-23T15:00:52Z" finished-at="2018-04-23T15:00:52Z">
          <exception class="org.testng.TestNGException">
            <message>
              <![CDATA[Parameter 'env' is required by BeforeClass on method initializeTestBaseSetup but has not been marked @Optional or definedin C:\Users\rajeev.singh\workspace\Selenium_39\checkout.xml]]>
            </message>
            <full-stacktrace>
              <![CDATA[org.testng.TestNGException: Parameter 'env' is required by BeforeClass on method initializeTestBaseSetup but has not been marked @Optional or definedin C:\Users\rajeev.singh\workspace\Selenium_39\checkout.xmlat org.testng.internal.Parameters.createParams(Parameters.java:290)at org.testng.internal.Parameters.createParametersForMethod(Parameters.java:359)at org.testng.internal.Parameters.createParameters(Parameters.java:620)at org.testng.internal.Parameters.createConfigurationParameters(Parameters.java:190)at org.testng.internal.Invoker.invokeConfigurations(Invoker.java:209)at org.testng.internal.Invoker.invokeConfigurations(Invoker.java:142)at org.testng.internal.TestMethodWorker.invokeBeforeClassMethods(TestMethodWorker.java:163)at org.testng.internal.TestMethodWorker.run(TestMethodWorker.java:105)at org.testng.TestRunner.privateRun(TestRunner.java:648)at org.testng.TestRunner.run(TestRunner.java:505)at org.testng.SuiteRunner.runTest(SuiteRunner.java:455)at org.testng.SuiteRunner.runSequentially(SuiteRunner.java:450)at org.testng.SuiteRunner.privateRun(SuiteRunner.java:415)at org.testng.SuiteRunner.run(SuiteRunner.java:364)at org.testng.SuiteRunnerWorker.runSuite(SuiteRunnerWorker.java:52)at org.testng.SuiteRunnerWorker.run(SuiteRunnerWorker.java:84)at org.testng.TestNG.runSuitesSequentially(TestNG.java:1187)at org.testng.TestNG.runSuitesSequentially(TestNG.java:1183)at org.testng.TestNG.runSuitesLocally(TestNG.java:1116)at org.testng.TestNG.runSuites(TestNG.java:1028)at org.testng.TestNG.run(TestNG.java:996)at org.testng.remote.AbstractRemoteTestNG.run(AbstractRemoteTestNG.java:114)at org.testng.remote.RemoteTestNG.initAndRun(RemoteTestNG.java:251)at org.testng.remote.RemoteTestNG.main(RemoteTestNG.java:77)]]>
            </full-stacktrace>
          </exception> <!-- org.testng.TestNGException -->
          <reporter-output>
          </reporter-output>
        </test-method> <!-- initializeTestBaseSetup -->
        <test-method status="SKIP" signature="setUp(org.testng.ITestContext)[pri:0, instance:src.com.pack.common.tests.CheckOutPageTest@704d6e83]" name="setUp" is-config="true" duration-ms="0" started-at="2018-04-23T15:00:52Z" finished-at="2018-04-23T15:00:52Z">
          <reporter-output>
          </reporter-output>
        </test-method> <!-- setUp -->
        <test-method status="SKIP" signature="guestCheckout()[pri:3, instance:src.com.pack.common.tests.CheckOutPageTest@704d6e83]" name="guestCheckout" duration-ms="0" started-at="2018-04-23T15:00:52Z" description="Search and Buy Gift as Guest Card Visa Payment" finished-at="2018-04-23T15:00:52Z">
          <exception class="org.testng.TestNGException">
            <message>
              <![CDATA[Parameter 'env' is required by BeforeClass on method initializeTestBaseSetup but has not been marked @Optional or definedin C:\Users\rajeev.singh\workspace\Selenium_39\checkout.xml]]>
            </message>
            <full-stacktrace>
              <![CDATA[org.testng.TestNGException: Parameter 'env' is required by BeforeClass on method initializeTestBaseSetup but has not been marked @Optional or definedin C:\Users\rajeev.singh\workspace\Selenium_39\checkout.xmlat org.testng.internal.Parameters.createParams(Parameters.java:290)at org.testng.internal.Parameters.createParametersForMethod(Parameters.java:359)at org.testng.internal.Parameters.createParameters(Parameters.java:620)at org.testng.internal.Parameters.createConfigurationParameters(Parameters.java:190)at org.testng.internal.Invoker.invokeConfigurations(Invoker.java:209)at org.testng.internal.Invoker.invokeConfigurations(Invoker.java:142)at org.testng.internal.TestMethodWorker.invokeBeforeClassMethods(TestMethodWorker.java:163)at org.testng.internal.TestMethodWorker.run(TestMethodWorker.java:105)at org.testng.TestRunner.privateRun(TestRunner.java:648)at org.testng.TestRunner.run(TestRunner.java:505)at org.testng.SuiteRunner.runTest(SuiteRunner.java:455)at org.testng.SuiteRunner.runSequentially(SuiteRunner.java:450)at org.testng.SuiteRunner.privateRun(SuiteRunner.java:415)at org.testng.SuiteRunner.run(SuiteRunner.java:364)at org.testng.SuiteRunnerWorker.runSuite(SuiteRunnerWorker.java:52)at org.testng.SuiteRunnerWorker.run(SuiteRunnerWorker.java:84)at org.testng.TestNG.runSuitesSequentially(TestNG.java:1187)at org.testng.TestNG.runSuitesSequentially(TestNG.java:1183)at org.testng.TestNG.runSuitesLocally(TestNG.java:1116)at org.testng.TestNG.runSuites(TestNG.java:1028)at org.testng.TestNG.run(TestNG.java:996)at org.testng.remote.AbstractRemoteTestNG.run(AbstractRemoteTestNG.java:114)at org.testng.remote.RemoteTestNG.initAndRun(RemoteTestNG.java:251)at org.testng.remote.RemoteTestNG.main(RemoteTestNG.java:77)]]>
            </full-stacktrace>
          </exception> <!-- org.testng.TestNGException -->
          <reporter-output>
          </reporter-output>
        </test-method> <!-- guestCheckout -->
        <test-method status="PASS" signature="afterMethod(org.testng.ITestResult)[pri:0, instance:src.com.pack.common.tests.CheckOutPageTest@704d6e83]" name="afterMethod" is-config="true" duration-ms="1000" started-at="2018-04-23T15:00:52Z" finished-at="2018-04-23T15:00:53Z">
          <params>
            <param index="0">
              <value>
                <![CDATA[[TestResult name={null} status=CREATED method=CheckOutPageTest.guestCheckout()[pri:3, instance:src.com.pack.common.tests.CheckOutPageTest@704d6e83] output={null}]]]>
              </value>
            </param>
          </params>
          <reporter-output>
          </reporter-output>
        </test-method> <!-- afterMethod -->
        <test-method status="SKIP" signature="mastercguest()[pri:4, instance:src.com.pack.common.tests.CheckOutPageTest@704d6e83]" name="mastercguest" duration-ms="0" started-at="2018-04-23T15:00:53Z" description="Guest Checkout with Card Master Payment" finished-at="2018-04-23T15:00:53Z">
          <exception class="org.testng.TestNGException">
            <message>
              <![CDATA[Parameter 'env' is required by BeforeClass on method initializeTestBaseSetup but has not been marked @Optional or definedin C:\Users\rajeev.singh\workspace\Selenium_39\checkout.xml]]>
            </message>
            <full-stacktrace>
              <![CDATA[org.testng.TestNGException: Parameter 'env' is required by BeforeClass on method initializeTestBaseSetup but has not been marked @Optional or definedin C:\Users\rajeev.singh\workspace\Selenium_39\checkout.xmlat org.testng.internal.Parameters.createParams(Parameters.java:290)at org.testng.internal.Parameters.createParametersForMethod(Parameters.java:359)at org.testng.internal.Parameters.createParameters(Parameters.java:620)at org.testng.internal.Parameters.createConfigurationParameters(Parameters.java:190)at org.testng.internal.Invoker.invokeConfigurations(Invoker.java:209)at org.testng.internal.Invoker.invokeConfigurations(Invoker.java:142)at org.testng.internal.TestMethodWorker.invokeBeforeClassMethods(TestMethodWorker.java:163)at org.testng.internal.TestMethodWorker.run(TestMethodWorker.java:105)at org.testng.TestRunner.privateRun(TestRunner.java:648)at org.testng.TestRunner.run(TestRunner.java:505)at org.testng.SuiteRunner.runTest(SuiteRunner.java:455)at org.testng.SuiteRunner.runSequentially(SuiteRunner.java:450)at org.testng.SuiteRunner.privateRun(SuiteRunner.java:415)at org.testng.SuiteRunner.run(SuiteRunner.java:364)at org.testng.SuiteRunnerWorker.runSuite(SuiteRunnerWorker.java:52)at org.testng.SuiteRunnerWorker.run(SuiteRunnerWorker.java:84)at org.testng.TestNG.runSuitesSequentially(TestNG.java:1187)at org.testng.TestNG.runSuitesSequentially(TestNG.java:1183)at org.testng.TestNG.runSuitesLocally(TestNG.java:1116)at org.testng.TestNG.runSuites(TestNG.java:1028)at org.testng.TestNG.run(TestNG.java:996)at org.testng.remote.AbstractRemoteTestNG.run(AbstractRemoteTestNG.java:114)at org.testng.remote.RemoteTestNG.initAndRun(RemoteTestNG.java:251)at org.testng.remote.RemoteTestNG.main(RemoteTestNG.java:77)]]>
            </full-stacktrace>
          </exception> <!-- org.testng.TestNGException -->
          <reporter-output>
          </reporter-output>
        </test-method> <!-- mastercguest -->
        <test-method status="PASS" signature="afterMethod(org.testng.ITestResult)[pri:0, instance:src.com.pack.common.tests.CheckOutPageTest@704d6e83]" name="afterMethod" is-config="true" duration-ms="1001" started-at="2018-04-23T15:00:53Z" finished-at="2018-04-23T15:00:54Z">
          <params>
            <param index="0">
              <value>
                <![CDATA[[TestResult name={null} status=CREATED method=CheckOutPageTest.mastercguest()[pri:4, instance:src.com.pack.common.tests.CheckOutPageTest@704d6e83] output={null}]]]>
              </value>
            </param>
          </params>
          <reporter-output>
          </reporter-output>
        </test-method> <!-- afterMethod -->
        <test-method status="SKIP" signature="loggedinuserCheckout()[pri:5, instance:src.com.pack.common.tests.CheckOutPageTest@704d6e83]" name="loggedinuserCheckout" duration-ms="0" started-at="2018-04-23T15:00:54Z" description="Registered user Apply Gift certificate and pay Master card" finished-at="2018-04-23T15:00:54Z">
          <exception class="org.testng.TestNGException">
            <message>
              <![CDATA[Parameter 'env' is required by BeforeClass on method initializeTestBaseSetup but has not been marked @Optional or definedin C:\Users\rajeev.singh\workspace\Selenium_39\checkout.xml]]>
            </message>
            <full-stacktrace>
              <![CDATA[org.testng.TestNGException: Parameter 'env' is required by BeforeClass on method initializeTestBaseSetup but has not been marked @Optional or definedin C:\Users\rajeev.singh\workspace\Selenium_39\checkout.xmlat org.testng.internal.Parameters.createParams(Parameters.java:290)at org.testng.internal.Parameters.createParametersForMethod(Parameters.java:359)at org.testng.internal.Parameters.createParameters(Parameters.java:620)at org.testng.internal.Parameters.createConfigurationParameters(Parameters.java:190)at org.testng.internal.Invoker.invokeConfigurations(Invoker.java:209)at org.testng.internal.Invoker.invokeConfigurations(Invoker.java:142)at org.testng.internal.TestMethodWorker.invokeBeforeClassMethods(TestMethodWorker.java:163)at org.testng.internal.TestMethodWorker.run(TestMethodWorker.java:105)at org.testng.TestRunner.privateRun(TestRunner.java:648)at org.testng.TestRunner.run(TestRunner.java:505)at org.testng.SuiteRunner.runTest(SuiteRunner.java:455)at org.testng.SuiteRunner.runSequentially(SuiteRunner.java:450)at org.testng.SuiteRunner.privateRun(SuiteRunner.java:415)at org.testng.SuiteRunner.run(SuiteRunner.java:364)at org.testng.SuiteRunnerWorker.runSuite(SuiteRunnerWorker.java:52)at org.testng.SuiteRunnerWorker.run(SuiteRunnerWorker.java:84)at org.testng.TestNG.runSuitesSequentially(TestNG.java:1187)at org.testng.TestNG.runSuitesSequentially(TestNG.java:1183)at org.testng.TestNG.runSuitesLocally(TestNG.java:1116)at org.testng.TestNG.runSuites(TestNG.java:1028)at org.testng.TestNG.run(TestNG.java:996)at org.testng.remote.AbstractRemoteTestNG.run(AbstractRemoteTestNG.java:114)at org.testng.remote.RemoteTestNG.initAndRun(RemoteTestNG.java:251)at org.testng.remote.RemoteTestNG.main(RemoteTestNG.java:77)]]>
            </full-stacktrace>
          </exception> <!-- org.testng.TestNGException -->
          <reporter-output>
          </reporter-output>
        </test-method> <!-- loggedinuserCheckout -->
        <test-method status="PASS" signature="afterMethod(org.testng.ITestResult)[pri:0, instance:src.com.pack.common.tests.CheckOutPageTest@704d6e83]" name="afterMethod" is-config="true" duration-ms="1001" started-at="2018-04-23T15:00:54Z" finished-at="2018-04-23T15:00:55Z">
          <params>
            <param index="0">
              <value>
                <![CDATA[[TestResult name={null} status=CREATED method=CheckOutPageTest.loggedinuserCheckout()[pri:5, instance:src.com.pack.common.tests.CheckOutPageTest@704d6e83] output={null}]]]>
              </value>
            </param>
          </params>
          <reporter-output>
          </reporter-output>
        </test-method> <!-- afterMethod -->
        <test-method status="SKIP" signature="loggedinuserCollector()[pri:8, instance:src.com.pack.common.tests.CheckOutPageTest@704d6e83]" name="loggedinuserCollector" duration-ms="0" started-at="2018-04-23T15:00:55Z" description="Registered user with collector payment" finished-at="2018-04-23T15:00:55Z">
          <exception class="org.testng.TestNGException">
            <message>
              <![CDATA[Parameter 'env' is required by BeforeClass on method initializeTestBaseSetup but has not been marked @Optional or definedin C:\Users\rajeev.singh\workspace\Selenium_39\checkout.xml]]>
            </message>
            <full-stacktrace>
              <![CDATA[org.testng.TestNGException: Parameter 'env' is required by BeforeClass on method initializeTestBaseSetup but has not been marked @Optional or definedin C:\Users\rajeev.singh\workspace\Selenium_39\checkout.xmlat org.testng.internal.Parameters.createParams(Parameters.java:290)at org.testng.internal.Parameters.createParametersForMethod(Parameters.java:359)at org.testng.internal.Parameters.createParameters(Parameters.java:620)at org.testng.internal.Parameters.createConfigurationParameters(Parameters.java:190)at org.testng.internal.Invoker.invokeConfigurations(Invoker.java:209)at org.testng.internal.Invoker.invokeConfigurations(Invoker.java:142)at org.testng.internal.TestMethodWorker.invokeBeforeClassMethods(TestMethodWorker.java:163)at org.testng.internal.TestMethodWorker.run(TestMethodWorker.java:105)at org.testng.TestRunner.privateRun(TestRunner.java:648)at org.testng.TestRunner.run(TestRunner.java:505)at org.testng.SuiteRunner.runTest(SuiteRunner.java:455)at org.testng.SuiteRunner.runSequentially(SuiteRunner.java:450)at org.testng.SuiteRunner.privateRun(SuiteRunner.java:415)at org.testng.SuiteRunner.run(SuiteRunner.java:364)at org.testng.SuiteRunnerWorker.runSuite(SuiteRunnerWorker.java:52)at org.testng.SuiteRunnerWorker.run(SuiteRunnerWorker.java:84)at org.testng.TestNG.runSuitesSequentially(TestNG.java:1187)at org.testng.TestNG.runSuitesSequentially(TestNG.java:1183)at org.testng.TestNG.runSuitesLocally(TestNG.java:1116)at org.testng.TestNG.runSuites(TestNG.java:1028)at org.testng.TestNG.run(TestNG.java:996)at org.testng.remote.AbstractRemoteTestNG.run(AbstractRemoteTestNG.java:114)at org.testng.remote.RemoteTestNG.initAndRun(RemoteTestNG.java:251)at org.testng.remote.RemoteTestNG.main(RemoteTestNG.java:77)]]>
            </full-stacktrace>
          </exception> <!-- org.testng.TestNGException -->
          <reporter-output>
          </reporter-output>
        </test-method> <!-- loggedinuserCollector -->
        <test-method status="PASS" signature="afterMethod(org.testng.ITestResult)[pri:0, instance:src.com.pack.common.tests.CheckOutPageTest@704d6e83]" name="afterMethod" is-config="true" duration-ms="1001" started-at="2018-04-23T15:00:55Z" finished-at="2018-04-23T15:00:56Z">
          <params>
            <param index="0">
              <value>
                <![CDATA[[TestResult name={null} status=CREATED method=CheckOutPageTest.loggedinuserCollector()[pri:8, instance:src.com.pack.common.tests.CheckOutPageTest@704d6e83] output={null}]]]>
              </value>
            </param>
          </params>
          <reporter-output>
          </reporter-output>
        </test-method> <!-- afterMethod -->
        <test-method status="SKIP" signature="loggedinuserTrustly()[pri:10, instance:src.com.pack.common.tests.CheckOutPageTest@704d6e83]" name="loggedinuserTrustly" duration-ms="0" started-at="2018-04-23T15:00:56Z" description="Registered user with trustly payment" finished-at="2018-04-23T15:00:56Z">
          <exception class="org.testng.TestNGException">
            <message>
              <![CDATA[Parameter 'env' is required by BeforeClass on method initializeTestBaseSetup but has not been marked @Optional or definedin C:\Users\rajeev.singh\workspace\Selenium_39\checkout.xml]]>
            </message>
            <full-stacktrace>
              <![CDATA[org.testng.TestNGException: Parameter 'env' is required by BeforeClass on method initializeTestBaseSetup but has not been marked @Optional or definedin C:\Users\rajeev.singh\workspace\Selenium_39\checkout.xmlat org.testng.internal.Parameters.createParams(Parameters.java:290)at org.testng.internal.Parameters.createParametersForMethod(Parameters.java:359)at org.testng.internal.Parameters.createParameters(Parameters.java:620)at org.testng.internal.Parameters.createConfigurationParameters(Parameters.java:190)at org.testng.internal.Invoker.invokeConfigurations(Invoker.java:209)at org.testng.internal.Invoker.invokeConfigurations(Invoker.java:142)at org.testng.internal.TestMethodWorker.invokeBeforeClassMethods(TestMethodWorker.java:163)at org.testng.internal.TestMethodWorker.run(TestMethodWorker.java:105)at org.testng.TestRunner.privateRun(TestRunner.java:648)at org.testng.TestRunner.run(TestRunner.java:505)at org.testng.SuiteRunner.runTest(SuiteRunner.java:455)at org.testng.SuiteRunner.runSequentially(SuiteRunner.java:450)at org.testng.SuiteRunner.privateRun(SuiteRunner.java:415)at org.testng.SuiteRunner.run(SuiteRunner.java:364)at org.testng.SuiteRunnerWorker.runSuite(SuiteRunnerWorker.java:52)at org.testng.SuiteRunnerWorker.run(SuiteRunnerWorker.java:84)at org.testng.TestNG.runSuitesSequentially(TestNG.java:1187)at org.testng.TestNG.runSuitesSequentially(TestNG.java:1183)at org.testng.TestNG.runSuitesLocally(TestNG.java:1116)at org.testng.TestNG.runSuites(TestNG.java:1028)at org.testng.TestNG.run(TestNG.java:996)at org.testng.remote.AbstractRemoteTestNG.run(AbstractRemoteTestNG.java:114)at org.testng.remote.RemoteTestNG.initAndRun(RemoteTestNG.java:251)at org.testng.remote.RemoteTestNG.main(RemoteTestNG.java:77)]]>
            </full-stacktrace>
          </exception> <!-- org.testng.TestNGException -->
          <reporter-output>
          </reporter-output>
        </test-method> <!-- loggedinuserTrustly -->
        <test-method status="PASS" signature="afterMethod(org.testng.ITestResult)[pri:0, instance:src.com.pack.common.tests.CheckOutPageTest@704d6e83]" name="afterMethod" is-config="true" duration-ms="1000" started-at="2018-04-23T15:00:56Z" finished-at="2018-04-23T15:00:57Z">
          <params>
            <param index="0">
              <value>
                <![CDATA[[TestResult name={null} status=CREATED method=CheckOutPageTest.loggedinuserTrustly()[pri:10, instance:src.com.pack.common.tests.CheckOutPageTest@704d6e83] output={null}]]]>
              </value>
            </param>
          </params>
          <reporter-output>
          </reporter-output>
        </test-method> <!-- afterMethod -->
        <test-method status="SKIP" signature="tearDown()[pri:0, instance:src.com.pack.common.tests.CheckOutPageTest@704d6e83]" name="tearDown" is-config="true" duration-ms="0" started-at="2018-04-23T15:00:57Z" finished-at="2018-04-23T15:00:57Z">
          <reporter-output>
          </reporter-output>
        </test-method> <!-- tearDown -->
      </class> <!-- src.com.pack.common.tests.CheckOutPageTest -->
    </test> <!-- CP-Sweden -->
    <test name="Brandsdal" duration-ms="5012" started-at="2018-04-23T09:30:57Z" finished-at="2018-04-23T09:31:02Z">
      <class name="src.com.pack.common.tests.CheckOutPageTest">
        <test-method status="FAIL" signature="initializeTestBaseSetup(java.lang.String, java.lang.String, java.lang.String, java.lang.String, java.lang.String)[pri:0, instance:src.com.pack.common.tests.CheckOutPageTest@67b467e9]" name="initializeTestBaseSetup" is-config="true" duration-ms="0" started-at="2018-04-23T15:00:57Z" finished-at="2018-04-23T15:00:57Z">
          <exception class="org.testng.TestNGException">
            <message>
              <![CDATA[Parameter 'env' is required by BeforeClass on method initializeTestBaseSetup but has not been marked @Optional or definedin C:\Users\rajeev.singh\workspace\Selenium_39\checkout.xml]]>
            </message>
            <full-stacktrace>
              <![CDATA[org.testng.TestNGException: Parameter 'env' is required by BeforeClass on method initializeTestBaseSetup but has not been marked @Optional or definedin C:\Users\rajeev.singh\workspace\Selenium_39\checkout.xmlat org.testng.internal.Parameters.createParams(Parameters.java:290)at org.testng.internal.Parameters.createParametersForMethod(Parameters.java:359)at org.testng.internal.Parameters.createParameters(Parameters.java:620)at org.testng.internal.Parameters.createConfigurationParameters(Parameters.java:190)at org.testng.internal.Invoker.invokeConfigurations(Invoker.java:209)at org.testng.internal.Invoker.invokeConfigurations(Invoker.java:142)at org.testng.internal.TestMethodWorker.invokeBeforeClassMethods(TestMethodWorker.java:163)at org.testng.internal.TestMethodWorker.run(TestMethodWorker.java:105)at org.testng.TestRunner.privateRun(TestRunner.java:648)at org.testng.TestRunner.run(TestRunner.java:505)at org.testng.SuiteRunner.runTest(SuiteRunner.java:455)at org.testng.SuiteRunner.runSequentially(SuiteRunner.java:450)at org.testng.SuiteRunner.privateRun(SuiteRunner.java:415)at org.testng.SuiteRunner.run(SuiteRunner.java:364)at org.testng.SuiteRunnerWorker.runSuite(SuiteRunnerWorker.java:52)at org.testng.SuiteRunnerWorker.run(SuiteRunnerWorker.java:84)at org.testng.TestNG.runSuitesSequentially(TestNG.java:1187)at org.testng.TestNG.runSuitesSequentially(TestNG.java:1183)at org.testng.TestNG.runSuitesLocally(TestNG.java:1116)at org.testng.TestNG.runSuites(TestNG.java:1028)at org.testng.TestNG.run(TestNG.java:996)at org.testng.remote.AbstractRemoteTestNG.run(AbstractRemoteTestNG.java:114)at org.testng.remote.RemoteTestNG.initAndRun(RemoteTestNG.java:251)at org.testng.remote.RemoteTestNG.main(RemoteTestNG.java:77)]]>
            </full-stacktrace>
          </exception> <!-- org.testng.TestNGException -->
          <reporter-output>
          </reporter-output>
        </test-method> <!-- initializeTestBaseSetup -->
        <test-method status="SKIP" signature="setUp(org.testng.ITestContext)[pri:0, instance:src.com.pack.common.tests.CheckOutPageTest@67b467e9]" name="setUp" is-config="true" duration-ms="0" started-at="2018-04-23T15:00:57Z" finished-at="2018-04-23T15:00:57Z">
          <reporter-output>
          </reporter-output>
        </test-method> <!-- setUp -->
        <test-method status="SKIP" signature="guestPrepayment()[pri:1, instance:src.com.pack.common.tests.CheckOutPageTest@67b467e9]" name="guestPrepayment" duration-ms="0" started-at="2018-04-23T15:00:57Z" description="Guest user with prepayment payment method" finished-at="2018-04-23T15:00:57Z">
          <exception class="org.testng.TestNGException">
            <message>
              <![CDATA[Parameter 'env' is required by BeforeClass on method initializeTestBaseSetup but has not been marked @Optional or definedin C:\Users\rajeev.singh\workspace\Selenium_39\checkout.xml]]>
            </message>
            <full-stacktrace>
              <![CDATA[org.testng.TestNGException: Parameter 'env' is required by BeforeClass on method initializeTestBaseSetup but has not been marked @Optional or definedin C:\Users\rajeev.singh\workspace\Selenium_39\checkout.xmlat org.testng.internal.Parameters.createParams(Parameters.java:290)at org.testng.internal.Parameters.createParametersForMethod(Parameters.java:359)at org.testng.internal.Parameters.createParameters(Parameters.java:620)at org.testng.internal.Parameters.createConfigurationParameters(Parameters.java:190)at org.testng.internal.Invoker.invokeConfigurations(Invoker.java:209)at org.testng.internal.Invoker.invokeConfigurations(Invoker.java:142)at org.testng.internal.TestMethodWorker.invokeBeforeClassMethods(TestMethodWorker.java:163)at org.testng.internal.TestMethodWorker.run(TestMethodWorker.java:105)at org.testng.TestRunner.privateRun(TestRunner.java:648)at org.testng.TestRunner.run(TestRunner.java:505)at org.testng.SuiteRunner.runTest(SuiteRunner.java:455)at org.testng.SuiteRunner.runSequentially(SuiteRunner.java:450)at org.testng.SuiteRunner.privateRun(SuiteRunner.java:415)at org.testng.SuiteRunner.run(SuiteRunner.java:364)at org.testng.SuiteRunnerWorker.runSuite(SuiteRunnerWorker.java:52)at org.testng.SuiteRunnerWorker.run(SuiteRunnerWorker.java:84)at org.testng.TestNG.runSuitesSequentially(TestNG.java:1187)at org.testng.TestNG.runSuitesSequentially(TestNG.java:1183)at org.testng.TestNG.runSuitesLocally(TestNG.java:1116)at org.testng.TestNG.runSuites(TestNG.java:1028)at org.testng.TestNG.run(TestNG.java:996)at org.testng.remote.AbstractRemoteTestNG.run(AbstractRemoteTestNG.java:114)at org.testng.remote.RemoteTestNG.initAndRun(RemoteTestNG.java:251)at org.testng.remote.RemoteTestNG.main(RemoteTestNG.java:77)]]>
            </full-stacktrace>
          </exception> <!-- org.testng.TestNGException -->
          <reporter-output>
          </reporter-output>
        </test-method> <!-- guestPrepayment -->
        <test-method status="PASS" signature="afterMethod(org.testng.ITestResult)[pri:0, instance:src.com.pack.common.tests.CheckOutPageTest@67b467e9]" name="afterMethod" is-config="true" duration-ms="1000" started-at="2018-04-23T15:00:57Z" finished-at="2018-04-23T15:00:58Z">
          <params>
            <param index="0">
              <value>
                <![CDATA[[TestResult name={null} status=CREATED method=CheckOutPageTest.guestPrepayment()[pri:1, instance:src.com.pack.common.tests.CheckOutPageTest@67b467e9] output={null}]]]>
              </value>
            </param>
          </params>
          <reporter-output>
          </reporter-output>
        </test-method> <!-- afterMethod -->
        <test-method status="SKIP" signature="guestCheckout()[pri:3, instance:src.com.pack.common.tests.CheckOutPageTest@67b467e9]" name="guestCheckout" duration-ms="0" started-at="2018-04-23T15:00:58Z" description="Search and Buy Gift as Guest Card Visa Payment" finished-at="2018-04-23T15:00:58Z">
          <exception class="org.testng.TestNGException">
            <message>
              <![CDATA[Parameter 'env' is required by BeforeClass on method initializeTestBaseSetup but has not been marked @Optional or definedin C:\Users\rajeev.singh\workspace\Selenium_39\checkout.xml]]>
            </message>
            <full-stacktrace>
              <![CDATA[org.testng.TestNGException: Parameter 'env' is required by BeforeClass on method initializeTestBaseSetup but has not been marked @Optional or definedin C:\Users\rajeev.singh\workspace\Selenium_39\checkout.xmlat org.testng.internal.Parameters.createParams(Parameters.java:290)at org.testng.internal.Parameters.createParametersForMethod(Parameters.java:359)at org.testng.internal.Parameters.createParameters(Parameters.java:620)at org.testng.internal.Parameters.createConfigurationParameters(Parameters.java:190)at org.testng.internal.Invoker.invokeConfigurations(Invoker.java:209)at org.testng.internal.Invoker.invokeConfigurations(Invoker.java:142)at org.testng.internal.TestMethodWorker.invokeBeforeClassMethods(TestMethodWorker.java:163)at org.testng.internal.TestMethodWorker.run(TestMethodWorker.java:105)at org.testng.TestRunner.privateRun(TestRunner.java:648)at org.testng.TestRunner.run(TestRunner.java:505)at org.testng.SuiteRunner.runTest(SuiteRunner.java:455)at org.testng.SuiteRunner.runSequentially(SuiteRunner.java:450)at org.testng.SuiteRunner.privateRun(SuiteRunner.java:415)at org.testng.SuiteRunner.run(SuiteRunner.java:364)at org.testng.SuiteRunnerWorker.runSuite(SuiteRunnerWorker.java:52)at org.testng.SuiteRunnerWorker.run(SuiteRunnerWorker.java:84)at org.testng.TestNG.runSuitesSequentially(TestNG.java:1187)at org.testng.TestNG.runSuitesSequentially(TestNG.java:1183)at org.testng.TestNG.runSuitesLocally(TestNG.java:1116)at org.testng.TestNG.runSuites(TestNG.java:1028)at org.testng.TestNG.run(TestNG.java:996)at org.testng.remote.AbstractRemoteTestNG.run(AbstractRemoteTestNG.java:114)at org.testng.remote.RemoteTestNG.initAndRun(RemoteTestNG.java:251)at org.testng.remote.RemoteTestNG.main(RemoteTestNG.java:77)]]>
            </full-stacktrace>
          </exception> <!-- org.testng.TestNGException -->
          <reporter-output>
          </reporter-output>
        </test-method> <!-- guestCheckout -->
        <test-method status="PASS" signature="afterMethod(org.testng.ITestResult)[pri:0, instance:src.com.pack.common.tests.CheckOutPageTest@67b467e9]" name="afterMethod" is-config="true" duration-ms="1000" started-at="2018-04-23T15:00:58Z" finished-at="2018-04-23T15:00:59Z">
          <params>
            <param index="0">
              <value>
                <![CDATA[[TestResult name={null} status=CREATED method=CheckOutPageTest.guestCheckout()[pri:3, instance:src.com.pack.common.tests.CheckOutPageTest@67b467e9] output={null}]]]>
              </value>
            </param>
          </params>
          <reporter-output>
          </reporter-output>
        </test-method> <!-- afterMethod -->
        <test-method status="SKIP" signature="mastercguest()[pri:4, instance:src.com.pack.common.tests.CheckOutPageTest@67b467e9]" name="mastercguest" duration-ms="0" started-at="2018-04-23T15:00:59Z" description="Guest Checkout with Card Master Payment" finished-at="2018-04-23T15:00:59Z">
          <exception class="org.testng.TestNGException">
            <message>
              <![CDATA[Parameter 'env' is required by BeforeClass on method initializeTestBaseSetup but has not been marked @Optional or definedin C:\Users\rajeev.singh\workspace\Selenium_39\checkout.xml]]>
            </message>
            <full-stacktrace>
              <![CDATA[org.testng.TestNGException: Parameter 'env' is required by BeforeClass on method initializeTestBaseSetup but has not been marked @Optional or definedin C:\Users\rajeev.singh\workspace\Selenium_39\checkout.xmlat org.testng.internal.Parameters.createParams(Parameters.java:290)at org.testng.internal.Parameters.createParametersForMethod(Parameters.java:359)at org.testng.internal.Parameters.createParameters(Parameters.java:620)at org.testng.internal.Parameters.createConfigurationParameters(Parameters.java:190)at org.testng.internal.Invoker.invokeConfigurations(Invoker.java:209)at org.testng.internal.Invoker.invokeConfigurations(Invoker.java:142)at org.testng.internal.TestMethodWorker.invokeBeforeClassMethods(TestMethodWorker.java:163)at org.testng.internal.TestMethodWorker.run(TestMethodWorker.java:105)at org.testng.TestRunner.privateRun(TestRunner.java:648)at org.testng.TestRunner.run(TestRunner.java:505)at org.testng.SuiteRunner.runTest(SuiteRunner.java:455)at org.testng.SuiteRunner.runSequentially(SuiteRunner.java:450)at org.testng.SuiteRunner.privateRun(SuiteRunner.java:415)at org.testng.SuiteRunner.run(SuiteRunner.java:364)at org.testng.SuiteRunnerWorker.runSuite(SuiteRunnerWorker.java:52)at org.testng.SuiteRunnerWorker.run(SuiteRunnerWorker.java:84)at org.testng.TestNG.runSuitesSequentially(TestNG.java:1187)at org.testng.TestNG.runSuitesSequentially(TestNG.java:1183)at org.testng.TestNG.runSuitesLocally(TestNG.java:1116)at org.testng.TestNG.runSuites(TestNG.java:1028)at org.testng.TestNG.run(TestNG.java:996)at org.testng.remote.AbstractRemoteTestNG.run(AbstractRemoteTestNG.java:114)at org.testng.remote.RemoteTestNG.initAndRun(RemoteTestNG.java:251)at org.testng.remote.RemoteTestNG.main(RemoteTestNG.java:77)]]>
            </full-stacktrace>
          </exception> <!-- org.testng.TestNGException -->
          <reporter-output>
          </reporter-output>
        </test-method> <!-- mastercguest -->
        <test-method status="PASS" signature="afterMethod(org.testng.ITestResult)[pri:0, instance:src.com.pack.common.tests.CheckOutPageTest@67b467e9]" name="afterMethod" is-config="true" duration-ms="1000" started-at="2018-04-23T15:00:59Z" finished-at="2018-04-23T15:01:00Z">
          <params>
            <param index="0">
              <value>
                <![CDATA[[TestResult name={null} status=CREATED method=CheckOutPageTest.mastercguest()[pri:4, instance:src.com.pack.common.tests.CheckOutPageTest@67b467e9] output={null}]]]>
              </value>
            </param>
          </params>
          <reporter-output>
          </reporter-output>
        </test-method> <!-- afterMethod -->
        <test-method status="SKIP" signature="loggedinuserCheckout()[pri:5, instance:src.com.pack.common.tests.CheckOutPageTest@67b467e9]" name="loggedinuserCheckout" duration-ms="0" started-at="2018-04-23T15:01:00Z" description="Registered user Apply Gift certificate and pay Master card" finished-at="2018-04-23T15:01:00Z">
          <exception class="org.testng.TestNGException">
            <message>
              <![CDATA[Parameter 'env' is required by BeforeClass on method initializeTestBaseSetup but has not been marked @Optional or definedin C:\Users\rajeev.singh\workspace\Selenium_39\checkout.xml]]>
            </message>
            <full-stacktrace>
              <![CDATA[org.testng.TestNGException: Parameter 'env' is required by BeforeClass on method initializeTestBaseSetup but has not been marked @Optional or definedin C:\Users\rajeev.singh\workspace\Selenium_39\checkout.xmlat org.testng.internal.Parameters.createParams(Parameters.java:290)at org.testng.internal.Parameters.createParametersForMethod(Parameters.java:359)at org.testng.internal.Parameters.createParameters(Parameters.java:620)at org.testng.internal.Parameters.createConfigurationParameters(Parameters.java:190)at org.testng.internal.Invoker.invokeConfigurations(Invoker.java:209)at org.testng.internal.Invoker.invokeConfigurations(Invoker.java:142)at org.testng.internal.TestMethodWorker.invokeBeforeClassMethods(TestMethodWorker.java:163)at org.testng.internal.TestMethodWorker.run(TestMethodWorker.java:105)at org.testng.TestRunner.privateRun(TestRunner.java:648)at org.testng.TestRunner.run(TestRunner.java:505)at org.testng.SuiteRunner.runTest(SuiteRunner.java:455)at org.testng.SuiteRunner.runSequentially(SuiteRunner.java:450)at org.testng.SuiteRunner.privateRun(SuiteRunner.java:415)at org.testng.SuiteRunner.run(SuiteRunner.java:364)at org.testng.SuiteRunnerWorker.runSuite(SuiteRunnerWorker.java:52)at org.testng.SuiteRunnerWorker.run(SuiteRunnerWorker.java:84)at org.testng.TestNG.runSuitesSequentially(TestNG.java:1187)at org.testng.TestNG.runSuitesSequentially(TestNG.java:1183)at org.testng.TestNG.runSuitesLocally(TestNG.java:1116)at org.testng.TestNG.runSuites(TestNG.java:1028)at org.testng.TestNG.run(TestNG.java:996)at org.testng.remote.AbstractRemoteTestNG.run(AbstractRemoteTestNG.java:114)at org.testng.remote.RemoteTestNG.initAndRun(RemoteTestNG.java:251)at org.testng.remote.RemoteTestNG.main(RemoteTestNG.java:77)]]>
            </full-stacktrace>
          </exception> <!-- org.testng.TestNGException -->
          <reporter-output>
          </reporter-output>
        </test-method> <!-- loggedinuserCheckout -->
        <test-method status="PASS" signature="afterMethod(org.testng.ITestResult)[pri:0, instance:src.com.pack.common.tests.CheckOutPageTest@67b467e9]" name="afterMethod" is-config="true" duration-ms="1000" started-at="2018-04-23T15:01:00Z" finished-at="2018-04-23T15:01:01Z">
          <params>
            <param index="0">
              <value>
                <![CDATA[[TestResult name={null} status=CREATED method=CheckOutPageTest.loggedinuserCheckout()[pri:5, instance:src.com.pack.common.tests.CheckOutPageTest@67b467e9] output={null}]]]>
              </value>
            </param>
          </params>
          <reporter-output>
          </reporter-output>
        </test-method> <!-- afterMethod -->
        <test-method status="SKIP" signature="loggedinuserCollector()[pri:8, instance:src.com.pack.common.tests.CheckOutPageTest@67b467e9]" name="loggedinuserCollector" duration-ms="0" started-at="2018-04-23T15:01:01Z" description="Registered user with collector payment" finished-at="2018-04-23T15:01:01Z">
          <exception class="org.testng.TestNGException">
            <message>
              <![CDATA[Parameter 'env' is required by BeforeClass on method initializeTestBaseSetup but has not been marked @Optional or definedin C:\Users\rajeev.singh\workspace\Selenium_39\checkout.xml]]>
            </message>
            <full-stacktrace>
              <![CDATA[org.testng.TestNGException: Parameter 'env' is required by BeforeClass on method initializeTestBaseSetup but has not been marked @Optional or definedin C:\Users\rajeev.singh\workspace\Selenium_39\checkout.xmlat org.testng.internal.Parameters.createParams(Parameters.java:290)at org.testng.internal.Parameters.createParametersForMethod(Parameters.java:359)at org.testng.internal.Parameters.createParameters(Parameters.java:620)at org.testng.internal.Parameters.createConfigurationParameters(Parameters.java:190)at org.testng.internal.Invoker.invokeConfigurations(Invoker.java:209)at org.testng.internal.Invoker.invokeConfigurations(Invoker.java:142)at org.testng.internal.TestMethodWorker.invokeBeforeClassMethods(TestMethodWorker.java:163)at org.testng.internal.TestMethodWorker.run(TestMethodWorker.java:105)at org.testng.TestRunner.privateRun(TestRunner.java:648)at org.testng.TestRunner.run(TestRunner.java:505)at org.testng.SuiteRunner.runTest(SuiteRunner.java:455)at org.testng.SuiteRunner.runSequentially(SuiteRunner.java:450)at org.testng.SuiteRunner.privateRun(SuiteRunner.java:415)at org.testng.SuiteRunner.run(SuiteRunner.java:364)at org.testng.SuiteRunnerWorker.runSuite(SuiteRunnerWorker.java:52)at org.testng.SuiteRunnerWorker.run(SuiteRunnerWorker.java:84)at org.testng.TestNG.runSuitesSequentially(TestNG.java:1187)at org.testng.TestNG.runSuitesSequentially(TestNG.java:1183)at org.testng.TestNG.runSuitesLocally(TestNG.java:1116)at org.testng.TestNG.runSuites(TestNG.java:1028)at org.testng.TestNG.run(TestNG.java:996)at org.testng.remote.AbstractRemoteTestNG.run(AbstractRemoteTestNG.java:114)at org.testng.remote.RemoteTestNG.initAndRun(RemoteTestNG.java:251)at org.testng.remote.RemoteTestNG.main(RemoteTestNG.java:77)]]>
            </full-stacktrace>
          </exception> <!-- org.testng.TestNGException -->
          <reporter-output>
          </reporter-output>
        </test-method> <!-- loggedinuserCollector -->
        <test-method status="PASS" signature="afterMethod(org.testng.ITestResult)[pri:0, instance:src.com.pack.common.tests.CheckOutPageTest@67b467e9]" name="afterMethod" is-config="true" duration-ms="1000" started-at="2018-04-23T15:01:01Z" finished-at="2018-04-23T15:01:02Z">
          <params>
            <param index="0">
              <value>
                <![CDATA[[TestResult name={null} status=CREATED method=CheckOutPageTest.loggedinuserCollector()[pri:8, instance:src.com.pack.common.tests.CheckOutPageTest@67b467e9] output={null}]]]>
              </value>
            </param>
          </params>
          <reporter-output>
          </reporter-output>
        </test-method> <!-- afterMethod -->
        <test-method status="SKIP" signature="tearDown()[pri:0, instance:src.com.pack.common.tests.CheckOutPageTest@67b467e9]" name="tearDown" is-config="true" duration-ms="0" started-at="2018-04-23T15:01:02Z" finished-at="2018-04-23T15:01:02Z">
          <reporter-output>
          </reporter-output>
        </test-method> <!-- tearDown -->
      </class> <!-- src.com.pack.common.tests.CheckOutPageTest -->
    </test> <!-- Brandsdal -->
    <test name="CP-Austria" duration-ms="4011" started-at="2018-04-23T09:31:02Z" finished-at="2018-04-23T09:31:06Z">
      <class name="src.com.pack.common.tests.CheckOutPageTest">
        <test-method status="FAIL" signature="initializeTestBaseSetup(java.lang.String, java.lang.String, java.lang.String, java.lang.String, java.lang.String)[pri:0, instance:src.com.pack.common.tests.CheckOutPageTest@481a15ff]" name="initializeTestBaseSetup" is-config="true" duration-ms="0" started-at="2018-04-23T15:01:02Z" finished-at="2018-04-23T15:01:02Z">
          <exception class="org.testng.TestNGException">
            <message>
              <![CDATA[Parameter 'env' is required by BeforeClass on method initializeTestBaseSetup but has not been marked @Optional or definedin C:\Users\rajeev.singh\workspace\Selenium_39\checkout.xml]]>
            </message>
            <full-stacktrace>
              <![CDATA[org.testng.TestNGException: Parameter 'env' is required by BeforeClass on method initializeTestBaseSetup but has not been marked @Optional or definedin C:\Users\rajeev.singh\workspace\Selenium_39\checkout.xmlat org.testng.internal.Parameters.createParams(Parameters.java:290)at org.testng.internal.Parameters.createParametersForMethod(Parameters.java:359)at org.testng.internal.Parameters.createParameters(Parameters.java:620)at org.testng.internal.Parameters.createConfigurationParameters(Parameters.java:190)at org.testng.internal.Invoker.invokeConfigurations(Invoker.java:209)at org.testng.internal.Invoker.invokeConfigurations(Invoker.java:142)at org.testng.internal.TestMethodWorker.invokeBeforeClassMethods(TestMethodWorker.java:163)at org.testng.internal.TestMethodWorker.run(TestMethodWorker.java:105)at org.testng.TestRunner.privateRun(TestRunner.java:648)at org.testng.TestRunner.run(TestRunner.java:505)at org.testng.SuiteRunner.runTest(SuiteRunner.java:455)at org.testng.SuiteRunner.runSequentially(SuiteRunner.java:450)at org.testng.SuiteRunner.privateRun(SuiteRunner.java:415)at org.testng.SuiteRunner.run(SuiteRunner.java:364)at org.testng.SuiteRunnerWorker.runSuite(SuiteRunnerWorker.java:52)at org.testng.SuiteRunnerWorker.run(SuiteRunnerWorker.java:84)at org.testng.TestNG.runSuitesSequentially(TestNG.java:1187)at org.testng.TestNG.runSuitesSequentially(TestNG.java:1183)at org.testng.TestNG.runSuitesLocally(TestNG.java:1116)at org.testng.TestNG.runSuites(TestNG.java:1028)at org.testng.TestNG.run(TestNG.java:996)at org.testng.remote.AbstractRemoteTestNG.run(AbstractRemoteTestNG.java:114)at org.testng.remote.RemoteTestNG.initAndRun(RemoteTestNG.java:251)at org.testng.remote.RemoteTestNG.main(RemoteTestNG.java:77)]]>
            </full-stacktrace>
          </exception> <!-- org.testng.TestNGException -->
          <reporter-output>
          </reporter-output>
        </test-method> <!-- initializeTestBaseSetup -->
        <test-method status="SKIP" signature="setUp(org.testng.ITestContext)[pri:0, instance:src.com.pack.common.tests.CheckOutPageTest@481a15ff]" name="setUp" is-config="true" duration-ms="0" started-at="2018-04-23T15:01:02Z" finished-at="2018-04-23T15:01:02Z">
          <reporter-output>
          </reporter-output>
        </test-method> <!-- setUp -->
        <test-method status="SKIP" signature="guestCheckout()[pri:3, instance:src.com.pack.common.tests.CheckOutPageTest@481a15ff]" name="guestCheckout" duration-ms="0" started-at="2018-04-23T15:01:02Z" description="Search and Buy Gift as Guest Card Visa Payment" finished-at="2018-04-23T15:01:02Z">
          <exception class="org.testng.TestNGException">
            <message>
              <![CDATA[Parameter 'env' is required by BeforeClass on method initializeTestBaseSetup but has not been marked @Optional or definedin C:\Users\rajeev.singh\workspace\Selenium_39\checkout.xml]]>
            </message>
            <full-stacktrace>
              <![CDATA[org.testng.TestNGException: Parameter 'env' is required by BeforeClass on method initializeTestBaseSetup but has not been marked @Optional or definedin C:\Users\rajeev.singh\workspace\Selenium_39\checkout.xmlat org.testng.internal.Parameters.createParams(Parameters.java:290)at org.testng.internal.Parameters.createParametersForMethod(Parameters.java:359)at org.testng.internal.Parameters.createParameters(Parameters.java:620)at org.testng.internal.Parameters.createConfigurationParameters(Parameters.java:190)at org.testng.internal.Invoker.invokeConfigurations(Invoker.java:209)at org.testng.internal.Invoker.invokeConfigurations(Invoker.java:142)at org.testng.internal.TestMethodWorker.invokeBeforeClassMethods(TestMethodWorker.java:163)at org.testng.internal.TestMethodWorker.run(TestMethodWorker.java:105)at org.testng.TestRunner.privateRun(TestRunner.java:648)at org.testng.TestRunner.run(TestRunner.java:505)at org.testng.SuiteRunner.runTest(SuiteRunner.java:455)at org.testng.SuiteRunner.runSequentially(SuiteRunner.java:450)at org.testng.SuiteRunner.privateRun(SuiteRunner.java:415)at org.testng.SuiteRunner.run(SuiteRunner.java:364)at org.testng.SuiteRunnerWorker.runSuite(SuiteRunnerWorker.java:52)at org.testng.SuiteRunnerWorker.run(SuiteRunnerWorker.java:84)at org.testng.TestNG.runSuitesSequentially(TestNG.java:1187)at org.testng.TestNG.runSuitesSequentially(TestNG.java:1183)at org.testng.TestNG.runSuitesLocally(TestNG.java:1116)at org.testng.TestNG.runSuites(TestNG.java:1028)at org.testng.TestNG.run(TestNG.java:996)at org.testng.remote.AbstractRemoteTestNG.run(AbstractRemoteTestNG.java:114)at org.testng.remote.RemoteTestNG.initAndRun(RemoteTestNG.java:251)at org.testng.remote.RemoteTestNG.main(RemoteTestNG.java:77)]]>
            </full-stacktrace>
          </exception> <!-- org.testng.TestNGException -->
          <reporter-output>
          </reporter-output>
        </test-method> <!-- guestCheckout -->
        <test-method status="PASS" signature="afterMethod(org.testng.ITestResult)[pri:0, instance:src.com.pack.common.tests.CheckOutPageTest@481a15ff]" name="afterMethod" is-config="true" duration-ms="1000" started-at="2018-04-23T15:01:02Z" finished-at="2018-04-23T15:01:03Z">
          <params>
            <param index="0">
              <value>
                <![CDATA[[TestResult name={null} status=CREATED method=CheckOutPageTest.guestCheckout()[pri:3, instance:src.com.pack.common.tests.CheckOutPageTest@481a15ff] output={null}]]]>
              </value>
            </param>
          </params>
          <reporter-output>
          </reporter-output>
        </test-method> <!-- afterMethod -->
        <test-method status="SKIP" signature="mastercguest()[pri:4, instance:src.com.pack.common.tests.CheckOutPageTest@481a15ff]" name="mastercguest" duration-ms="0" started-at="2018-04-23T15:01:03Z" description="Guest Checkout with Card Master Payment" finished-at="2018-04-23T15:01:03Z">
          <exception class="org.testng.TestNGException">
            <message>
              <![CDATA[Parameter 'env' is required by BeforeClass on method initializeTestBaseSetup but has not been marked @Optional or definedin C:\Users\rajeev.singh\workspace\Selenium_39\checkout.xml]]>
            </message>
            <full-stacktrace>
              <![CDATA[org.testng.TestNGException: Parameter 'env' is required by BeforeClass on method initializeTestBaseSetup but has not been marked @Optional or definedin C:\Users\rajeev.singh\workspace\Selenium_39\checkout.xmlat org.testng.internal.Parameters.createParams(Parameters.java:290)at org.testng.internal.Parameters.createParametersForMethod(Parameters.java:359)at org.testng.internal.Parameters.createParameters(Parameters.java:620)at org.testng.internal.Parameters.createConfigurationParameters(Parameters.java:190)at org.testng.internal.Invoker.invokeConfigurations(Invoker.java:209)at org.testng.internal.Invoker.invokeConfigurations(Invoker.java:142)at org.testng.internal.TestMethodWorker.invokeBeforeClassMethods(TestMethodWorker.java:163)at org.testng.internal.TestMethodWorker.run(TestMethodWorker.java:105)at org.testng.TestRunner.privateRun(TestRunner.java:648)at org.testng.TestRunner.run(TestRunner.java:505)at org.testng.SuiteRunner.runTest(SuiteRunner.java:455)at org.testng.SuiteRunner.runSequentially(SuiteRunner.java:450)at org.testng.SuiteRunner.privateRun(SuiteRunner.java:415)at org.testng.SuiteRunner.run(SuiteRunner.java:364)at org.testng.SuiteRunnerWorker.runSuite(SuiteRunnerWorker.java:52)at org.testng.SuiteRunnerWorker.run(SuiteRunnerWorker.java:84)at org.testng.TestNG.runSuitesSequentially(TestNG.java:1187)at org.testng.TestNG.runSuitesSequentially(TestNG.java:1183)at org.testng.TestNG.runSuitesLocally(TestNG.java:1116)at org.testng.TestNG.runSuites(TestNG.java:1028)at org.testng.TestNG.run(TestNG.java:996)at org.testng.remote.AbstractRemoteTestNG.run(AbstractRemoteTestNG.java:114)at org.testng.remote.RemoteTestNG.initAndRun(RemoteTestNG.java:251)at org.testng.remote.RemoteTestNG.main(RemoteTestNG.java:77)]]>
            </full-stacktrace>
          </exception> <!-- org.testng.TestNGException -->
          <reporter-output>
          </reporter-output>
        </test-method> <!-- mastercguest -->
        <test-method status="PASS" signature="afterMethod(org.testng.ITestResult)[pri:0, instance:src.com.pack.common.tests.CheckOutPageTest@481a15ff]" name="afterMethod" is-config="true" duration-ms="1000" started-at="2018-04-23T15:01:03Z" finished-at="2018-04-23T15:01:04Z">
          <params>
            <param index="0">
              <value>
                <![CDATA[[TestResult name={null} status=CREATED method=CheckOutPageTest.mastercguest()[pri:4, instance:src.com.pack.common.tests.CheckOutPageTest@481a15ff] output={null}]]]>
              </value>
            </param>
          </params>
          <reporter-output>
          </reporter-output>
        </test-method> <!-- afterMethod -->
        <test-method status="SKIP" signature="loggedinuserCheckout()[pri:5, instance:src.com.pack.common.tests.CheckOutPageTest@481a15ff]" name="loggedinuserCheckout" duration-ms="0" started-at="2018-04-23T15:01:04Z" description="Registered user Apply Gift certificate and pay Master card" finished-at="2018-04-23T15:01:04Z">
          <exception class="org.testng.TestNGException">
            <message>
              <![CDATA[Parameter 'env' is required by BeforeClass on method initializeTestBaseSetup but has not been marked @Optional or definedin C:\Users\rajeev.singh\workspace\Selenium_39\checkout.xml]]>
            </message>
            <full-stacktrace>
              <![CDATA[org.testng.TestNGException: Parameter 'env' is required by BeforeClass on method initializeTestBaseSetup but has not been marked @Optional or definedin C:\Users\rajeev.singh\workspace\Selenium_39\checkout.xmlat org.testng.internal.Parameters.createParams(Parameters.java:290)at org.testng.internal.Parameters.createParametersForMethod(Parameters.java:359)at org.testng.internal.Parameters.createParameters(Parameters.java:620)at org.testng.internal.Parameters.createConfigurationParameters(Parameters.java:190)at org.testng.internal.Invoker.invokeConfigurations(Invoker.java:209)at org.testng.internal.Invoker.invokeConfigurations(Invoker.java:142)at org.testng.internal.TestMethodWorker.invokeBeforeClassMethods(TestMethodWorker.java:163)at org.testng.internal.TestMethodWorker.run(TestMethodWorker.java:105)at org.testng.TestRunner.privateRun(TestRunner.java:648)at org.testng.TestRunner.run(TestRunner.java:505)at org.testng.SuiteRunner.runTest(SuiteRunner.java:455)at org.testng.SuiteRunner.runSequentially(SuiteRunner.java:450)at org.testng.SuiteRunner.privateRun(SuiteRunner.java:415)at org.testng.SuiteRunner.run(SuiteRunner.java:364)at org.testng.SuiteRunnerWorker.runSuite(SuiteRunnerWorker.java:52)at org.testng.SuiteRunnerWorker.run(SuiteRunnerWorker.java:84)at org.testng.TestNG.runSuitesSequentially(TestNG.java:1187)at org.testng.TestNG.runSuitesSequentially(TestNG.java:1183)at org.testng.TestNG.runSuitesLocally(TestNG.java:1116)at org.testng.TestNG.runSuites(TestNG.java:1028)at org.testng.TestNG.run(TestNG.java:996)at org.testng.remote.AbstractRemoteTestNG.run(AbstractRemoteTestNG.java:114)at org.testng.remote.RemoteTestNG.initAndRun(RemoteTestNG.java:251)at org.testng.remote.RemoteTestNG.main(RemoteTestNG.java:77)]]>
            </full-stacktrace>
          </exception> <!-- org.testng.TestNGException -->
          <reporter-output>
          </reporter-output>
        </test-method> <!-- loggedinuserCheckout -->
        <test-method status="PASS" signature="afterMethod(org.testng.ITestResult)[pri:0, instance:src.com.pack.common.tests.CheckOutPageTest@481a15ff]" name="afterMethod" is-config="true" duration-ms="1001" started-at="2018-04-23T15:01:04Z" finished-at="2018-04-23T15:01:05Z">
          <params>
            <param index="0">
              <value>
                <![CDATA[[TestResult name={null} status=CREATED method=CheckOutPageTest.loggedinuserCheckout()[pri:5, instance:src.com.pack.common.tests.CheckOutPageTest@481a15ff] output={null}]]]>
              </value>
            </param>
          </params>
          <reporter-output>
          </reporter-output>
        </test-method> <!-- afterMethod -->
        <test-method status="SKIP" signature="loggedinusersofort()[pri:6, instance:src.com.pack.common.tests.CheckOutPageTest@481a15ff]" name="loggedinusersofort" duration-ms="0" started-at="2018-04-23T15:01:05Z" description="Registered user checkout with Sofort Payment method" finished-at="2018-04-23T15:01:05Z">
          <exception class="org.testng.TestNGException">
            <message>
              <![CDATA[Parameter 'env' is required by BeforeClass on method initializeTestBaseSetup but has not been marked @Optional or definedin C:\Users\rajeev.singh\workspace\Selenium_39\checkout.xml]]>
            </message>
            <full-stacktrace>
              <![CDATA[org.testng.TestNGException: Parameter 'env' is required by BeforeClass on method initializeTestBaseSetup but has not been marked @Optional or definedin C:\Users\rajeev.singh\workspace\Selenium_39\checkout.xmlat org.testng.internal.Parameters.createParams(Parameters.java:290)at org.testng.internal.Parameters.createParametersForMethod(Parameters.java:359)at org.testng.internal.Parameters.createParameters(Parameters.java:620)at org.testng.internal.Parameters.createConfigurationParameters(Parameters.java:190)at org.testng.internal.Invoker.invokeConfigurations(Invoker.java:209)at org.testng.internal.Invoker.invokeConfigurations(Invoker.java:142)at org.testng.internal.TestMethodWorker.invokeBeforeClassMethods(TestMethodWorker.java:163)at org.testng.internal.TestMethodWorker.run(TestMethodWorker.java:105)at org.testng.TestRunner.privateRun(TestRunner.java:648)at org.testng.TestRunner.run(TestRunner.java:505)at org.testng.SuiteRunner.runTest(SuiteRunner.java:455)at org.testng.SuiteRunner.runSequentially(SuiteRunner.java:450)at org.testng.SuiteRunner.privateRun(SuiteRunner.java:415)at org.testng.SuiteRunner.run(SuiteRunner.java:364)at org.testng.SuiteRunnerWorker.runSuite(SuiteRunnerWorker.java:52)at org.testng.SuiteRunnerWorker.run(SuiteRunnerWorker.java:84)at org.testng.TestNG.runSuitesSequentially(TestNG.java:1187)at org.testng.TestNG.runSuitesSequentially(TestNG.java:1183)at org.testng.TestNG.runSuitesLocally(TestNG.java:1116)at org.testng.TestNG.runSuites(TestNG.java:1028)at org.testng.TestNG.run(TestNG.java:996)at org.testng.remote.AbstractRemoteTestNG.run(AbstractRemoteTestNG.java:114)at org.testng.remote.RemoteTestNG.initAndRun(RemoteTestNG.java:251)at org.testng.remote.RemoteTestNG.main(RemoteTestNG.java:77)]]>
            </full-stacktrace>
          </exception> <!-- org.testng.TestNGException -->
          <reporter-output>
          </reporter-output>
        </test-method> <!-- loggedinusersofort -->
        <test-method status="PASS" signature="afterMethod(org.testng.ITestResult)[pri:0, instance:src.com.pack.common.tests.CheckOutPageTest@481a15ff]" name="afterMethod" is-config="true" duration-ms="1000" started-at="2018-04-23T15:01:05Z" finished-at="2018-04-23T15:01:06Z">
          <params>
            <param index="0">
              <value>
                <![CDATA[[TestResult name={null} status=CREATED method=CheckOutPageTest.loggedinusersofort()[pri:6, instance:src.com.pack.common.tests.CheckOutPageTest@481a15ff] output={null}]]]>
              </value>
            </param>
          </params>
          <reporter-output>
          </reporter-output>
        </test-method> <!-- afterMethod -->
        <test-method status="SKIP" signature="tearDown()[pri:0, instance:src.com.pack.common.tests.CheckOutPageTest@481a15ff]" name="tearDown" is-config="true" duration-ms="0" started-at="2018-04-23T15:01:06Z" finished-at="2018-04-23T15:01:06Z">
          <reporter-output>
          </reporter-output>
        </test-method> <!-- tearDown -->
      </class> <!-- src.com.pack.common.tests.CheckOutPageTest -->
    </test> <!-- CP-Austria -->
  </suite> <!-- Checkout -->
  <suite name="PDA Bundling" duration-ms="8291" started-at="2018-04-23T09:31:06Z" finished-at="2018-04-23T09:31:15Z">
    <groups>
      <group name="Pickpack">
        <method signature="PDATest.PDAChecking()[pri:1, instance:src.com.pack.common.tests.PDATest@727803de]" name="PDAChecking" class="src.com.pack.common.tests.PDATest"/>
        <method signature="PDATest.PDAChecking()[pri:1, instance:src.com.pack.common.tests.PDATest@5c18298f]" name="PDAChecking" class="src.com.pack.common.tests.PDATest"/>
        <method signature="PDATest.PDAChecking()[pri:1, instance:src.com.pack.common.tests.PDATest@7a36aefa]" name="PDAChecking" class="src.com.pack.common.tests.PDATest"/>
        <method signature="PDATest.PDAChecking()[pri:1, instance:src.com.pack.common.tests.PDATest@5123a213]" name="PDAChecking" class="src.com.pack.common.tests.PDATest"/>
        <method signature="PDATest.PDAChecking()[pri:1, instance:src.com.pack.common.tests.PDATest@103f852]" name="PDAChecking" class="src.com.pack.common.tests.PDATest"/>
        <method signature="PDATest.PDAChecking()[pri:1, instance:src.com.pack.common.tests.PDATest@7e9a5fbe]" name="PDAChecking" class="src.com.pack.common.tests.PDATest"/>
        <method signature="PDATest.PDAChecking()[pri:1, instance:src.com.pack.common.tests.PDATest@134593bf]" name="PDAChecking" class="src.com.pack.common.tests.PDATest"/>
        <method signature="PDATest.PDAChecking()[pri:1, instance:src.com.pack.common.tests.PDATest@8b87145]" name="PDAChecking" class="src.com.pack.common.tests.PDATest"/>
      </group> <!-- Pickpack -->
    </groups>
    <test name="CP-Finland" duration-ms="999" started-at="2018-04-23T09:31:06Z" finished-at="2018-04-23T09:31:07Z">
      <class name="src.com.pack.common.tests.PDATest">
        <test-method status="FAIL" signature="initializeTestBaseSetup(java.lang.String, java.lang.String, java.lang.String, java.lang.String, java.lang.String)[pri:0, instance:src.com.pack.common.tests.PDATest@727803de]" name="initializeTestBaseSetup" is-config="true" duration-ms="0" started-at="2018-04-23T15:01:06Z" finished-at="2018-04-23T15:01:06Z">
          <exception class="org.testng.TestNGException">
            <message>
              <![CDATA[Parameter 'env' is required by BeforeClass on method initializeTestBaseSetup but has not been marked @Optional or definedin C:\Users\rajeev.singh\workspace\Selenium_39\PDA.xml]]>
            </message>
            <full-stacktrace>
              <![CDATA[org.testng.TestNGException: Parameter 'env' is required by BeforeClass on method initializeTestBaseSetup but has not been marked @Optional or definedin C:\Users\rajeev.singh\workspace\Selenium_39\PDA.xmlat org.testng.internal.Parameters.createParams(Parameters.java:290)at org.testng.internal.Parameters.createParametersForMethod(Parameters.java:359)at org.testng.internal.Parameters.createParameters(Parameters.java:620)at org.testng.internal.Parameters.createConfigurationParameters(Parameters.java:190)at org.testng.internal.Invoker.invokeConfigurations(Invoker.java:209)at org.testng.internal.Invoker.invokeConfigurations(Invoker.java:142)at org.testng.internal.TestMethodWorker.invokeBeforeClassMethods(TestMethodWorker.java:163)at org.testng.internal.TestMethodWorker.run(TestMethodWorker.java:105)at org.testng.TestRunner.privateRun(TestRunner.java:648)at org.testng.TestRunner.run(TestRunner.java:505)at org.testng.SuiteRunner.runTest(SuiteRunner.java:455)at org.testng.SuiteRunner.runSequentially(SuiteRunner.java:450)at org.testng.SuiteRunner.privateRun(SuiteRunner.java:415)at org.testng.SuiteRunner.run(SuiteRunner.java:364)at org.testng.SuiteRunnerWorker.runSuite(SuiteRunnerWorker.java:52)at org.testng.SuiteRunnerWorker.run(SuiteRunnerWorker.java:84)at org.testng.TestNG.runSuitesSequentially(TestNG.java:1187)at org.testng.TestNG.runSuitesSequentially(TestNG.java:1183)at org.testng.TestNG.runSuitesLocally(TestNG.java:1116)at org.testng.TestNG.runSuites(TestNG.java:1028)at org.testng.TestNG.run(TestNG.java:996)at org.testng.remote.AbstractRemoteTestNG.run(AbstractRemoteTestNG.java:114)at org.testng.remote.RemoteTestNG.initAndRun(RemoteTestNG.java:251)at org.testng.remote.RemoteTestNG.main(RemoteTestNG.java:77)]]>
            </full-stacktrace>
          </exception> <!-- org.testng.TestNGException -->
          <reporter-output>
          </reporter-output>
        </test-method> <!-- initializeTestBaseSetup -->
        <test-method status="SKIP" signature="setUp(org.testng.ITestContext)[pri:0, instance:src.com.pack.common.tests.PDATest@727803de]" name="setUp" is-config="true" duration-ms="0" started-at="2018-04-23T15:01:06Z" finished-at="2018-04-23T15:01:06Z">
          <reporter-output>
          </reporter-output>
        </test-method> <!-- setUp -->
        <test-method status="PASS" signature="afterMethod(org.testng.ITestResult)[pri:0, instance:src.com.pack.common.tests.PDATest@727803de]" name="afterMethod" is-config="true" duration-ms="993" started-at="2018-04-23T15:01:06Z" finished-at="2018-04-23T15:01:07Z">
          <params>
            <param index="0">
              <value>
                <![CDATA[[TestResult name={null} status=CREATED method=PDATest.PDAChecking()[pri:1, instance:src.com.pack.common.tests.PDATest@727803de] output={null}]]]>
              </value>
            </param>
          </params>
          <reporter-output>
          </reporter-output>
        </test-method> <!-- afterMethod -->
        <test-method status="SKIP" signature="PDAChecking()[pri:1, instance:src.com.pack.common.tests.PDATest@727803de]" name="PDAChecking" duration-ms="0" started-at="2018-04-23T15:01:06Z" description="Pick &amp; Pack" finished-at="2018-04-23T15:01:06Z">
          <exception class="org.testng.TestNGException">
            <message>
              <![CDATA[Parameter 'env' is required by BeforeClass on method initializeTestBaseSetup but has not been marked @Optional or definedin C:\Users\rajeev.singh\workspace\Selenium_39\PDA.xml]]>
            </message>
            <full-stacktrace>
              <![CDATA[org.testng.TestNGException: Parameter 'env' is required by BeforeClass on method initializeTestBaseSetup but has not been marked @Optional or definedin C:\Users\rajeev.singh\workspace\Selenium_39\PDA.xmlat org.testng.internal.Parameters.createParams(Parameters.java:290)at org.testng.internal.Parameters.createParametersForMethod(Parameters.java:359)at org.testng.internal.Parameters.createParameters(Parameters.java:620)at org.testng.internal.Parameters.createConfigurationParameters(Parameters.java:190)at org.testng.internal.Invoker.invokeConfigurations(Invoker.java:209)at org.testng.internal.Invoker.invokeConfigurations(Invoker.java:142)at org.testng.internal.TestMethodWorker.invokeBeforeClassMethods(TestMethodWorker.java:163)at org.testng.internal.TestMethodWorker.run(TestMethodWorker.java:105)at org.testng.TestRunner.privateRun(TestRunner.java:648)at org.testng.TestRunner.run(TestRunner.java:505)at org.testng.SuiteRunner.runTest(SuiteRunner.java:455)at org.testng.SuiteRunner.runSequentially(SuiteRunner.java:450)at org.testng.SuiteRunner.privateRun(SuiteRunner.java:415)at org.testng.SuiteRunner.run(SuiteRunner.java:364)at org.testng.SuiteRunnerWorker.runSuite(SuiteRunnerWorker.java:52)at org.testng.SuiteRunnerWorker.run(SuiteRunnerWorker.java:84)at org.testng.TestNG.runSuitesSequentially(TestNG.java:1187)at org.testng.TestNG.runSuitesSequentially(TestNG.java:1183)at org.testng.TestNG.runSuitesLocally(TestNG.java:1116)at org.testng.TestNG.runSuites(TestNG.java:1028)at org.testng.TestNG.run(TestNG.java:996)at org.testng.remote.AbstractRemoteTestNG.run(AbstractRemoteTestNG.java:114)at org.testng.remote.RemoteTestNG.initAndRun(RemoteTestNG.java:251)at org.testng.remote.RemoteTestNG.main(RemoteTestNG.java:77)]]>
            </full-stacktrace>
          </exception> <!-- org.testng.TestNGException -->
          <reporter-output>
          </reporter-output>
        </test-method> <!-- PDAChecking -->
        <test-method status="SKIP" signature="tearDown()[pri:0, instance:src.com.pack.common.tests.PDATest@727803de]" name="tearDown" is-config="true" duration-ms="0" started-at="2018-04-23T15:01:07Z" finished-at="2018-04-23T15:01:07Z">
          <reporter-output>
          </reporter-output>
        </test-method> <!-- tearDown -->
      </class> <!-- src.com.pack.common.tests.PDATest -->
    </test> <!-- CP-Finland -->
    <test name="CP-Sweden" duration-ms="982" started-at="2018-04-23T09:31:07Z" finished-at="2018-04-23T09:31:08Z">
      <class name="src.com.pack.common.tests.PDATest">
        <test-method status="FAIL" signature="initializeTestBaseSetup(java.lang.String, java.lang.String, java.lang.String, java.lang.String, java.lang.String)[pri:0, instance:src.com.pack.common.tests.PDATest@5c18298f]" name="initializeTestBaseSetup" is-config="true" duration-ms="0" started-at="2018-04-23T15:01:07Z" finished-at="2018-04-23T15:01:07Z">
          <exception class="org.testng.TestNGException">
            <message>
              <![CDATA[Parameter 'env' is required by BeforeClass on method initializeTestBaseSetup but has not been marked @Optional or definedin C:\Users\rajeev.singh\workspace\Selenium_39\PDA.xml]]>
            </message>
            <full-stacktrace>
              <![CDATA[org.testng.TestNGException: Parameter 'env' is required by BeforeClass on method initializeTestBaseSetup but has not been marked @Optional or definedin C:\Users\rajeev.singh\workspace\Selenium_39\PDA.xmlat org.testng.internal.Parameters.createParams(Parameters.java:290)at org.testng.internal.Parameters.createParametersForMethod(Parameters.java:359)at org.testng.internal.Parameters.createParameters(Parameters.java:620)at org.testng.internal.Parameters.createConfigurationParameters(Parameters.java:190)at org.testng.internal.Invoker.invokeConfigurations(Invoker.java:209)at org.testng.internal.Invoker.invokeConfigurations(Invoker.java:142)at org.testng.internal.TestMethodWorker.invokeBeforeClassMethods(TestMethodWorker.java:163)at org.testng.internal.TestMethodWorker.run(TestMethodWorker.java:105)at org.testng.TestRunner.privateRun(TestRunner.java:648)at org.testng.TestRunner.run(TestRunner.java:505)at org.testng.SuiteRunner.runTest(SuiteRunner.java:455)at org.testng.SuiteRunner.runSequentially(SuiteRunner.java:450)at org.testng.SuiteRunner.privateRun(SuiteRunner.java:415)at org.testng.SuiteRunner.run(SuiteRunner.java:364)at org.testng.SuiteRunnerWorker.runSuite(SuiteRunnerWorker.java:52)at org.testng.SuiteRunnerWorker.run(SuiteRunnerWorker.java:84)at org.testng.TestNG.runSuitesSequentially(TestNG.java:1187)at org.testng.TestNG.runSuitesSequentially(TestNG.java:1183)at org.testng.TestNG.runSuitesLocally(TestNG.java:1116)at org.testng.TestNG.runSuites(TestNG.java:1028)at org.testng.TestNG.run(TestNG.java:996)at org.testng.remote.AbstractRemoteTestNG.run(AbstractRemoteTestNG.java:114)at org.testng.remote.RemoteTestNG.initAndRun(RemoteTestNG.java:251)at org.testng.remote.RemoteTestNG.main(RemoteTestNG.java:77)]]>
            </full-stacktrace>
          </exception> <!-- org.testng.TestNGException -->
          <reporter-output>
          </reporter-output>
        </test-method> <!-- initializeTestBaseSetup -->
        <test-method status="SKIP" signature="setUp(org.testng.ITestContext)[pri:0, instance:src.com.pack.common.tests.PDATest@5c18298f]" name="setUp" is-config="true" duration-ms="0" started-at="2018-04-23T15:01:07Z" finished-at="2018-04-23T15:01:07Z">
          <reporter-output>
          </reporter-output>
        </test-method> <!-- setUp -->
        <test-method status="SKIP" signature="PDAChecking()[pri:1, instance:src.com.pack.common.tests.PDATest@5c18298f]" name="PDAChecking" duration-ms="0" started-at="2018-04-23T15:01:07Z" description="Pick &amp; Pack" finished-at="2018-04-23T15:01:07Z">
          <exception class="org.testng.TestNGException">
            <message>
              <![CDATA[Parameter 'env' is required by BeforeClass on method initializeTestBaseSetup but has not been marked @Optional or definedin C:\Users\rajeev.singh\workspace\Selenium_39\PDA.xml]]>
            </message>
            <full-stacktrace>
              <![CDATA[org.testng.TestNGException: Parameter 'env' is required by BeforeClass on method initializeTestBaseSetup but has not been marked @Optional or definedin C:\Users\rajeev.singh\workspace\Selenium_39\PDA.xmlat org.testng.internal.Parameters.createParams(Parameters.java:290)at org.testng.internal.Parameters.createParametersForMethod(Parameters.java:359)at org.testng.internal.Parameters.createParameters(Parameters.java:620)at org.testng.internal.Parameters.createConfigurationParameters(Parameters.java:190)at org.testng.internal.Invoker.invokeConfigurations(Invoker.java:209)at org.testng.internal.Invoker.invokeConfigurations(Invoker.java:142)at org.testng.internal.TestMethodWorker.invokeBeforeClassMethods(TestMethodWorker.java:163)at org.testng.internal.TestMethodWorker.run(TestMethodWorker.java:105)at org.testng.TestRunner.privateRun(TestRunner.java:648)at org.testng.TestRunner.run(TestRunner.java:505)at org.testng.SuiteRunner.runTest(SuiteRunner.java:455)at org.testng.SuiteRunner.runSequentially(SuiteRunner.java:450)at org.testng.SuiteRunner.privateRun(SuiteRunner.java:415)at org.testng.SuiteRunner.run(SuiteRunner.java:364)at org.testng.SuiteRunnerWorker.runSuite(SuiteRunnerWorker.java:52)at org.testng.SuiteRunnerWorker.run(SuiteRunnerWorker.java:84)at org.testng.TestNG.runSuitesSequentially(TestNG.java:1187)at org.testng.TestNG.runSuitesSequentially(TestNG.java:1183)at org.testng.TestNG.runSuitesLocally(TestNG.java:1116)at org.testng.TestNG.runSuites(TestNG.java:1028)at org.testng.TestNG.run(TestNG.java:996)at org.testng.remote.AbstractRemoteTestNG.run(AbstractRemoteTestNG.java:114)at org.testng.remote.RemoteTestNG.initAndRun(RemoteTestNG.java:251)at org.testng.remote.RemoteTestNG.main(RemoteTestNG.java:77)]]>
            </full-stacktrace>
          </exception> <!-- org.testng.TestNGException -->
          <reporter-output>
          </reporter-output>
        </test-method> <!-- PDAChecking -->
        <test-method status="PASS" signature="afterMethod(org.testng.ITestResult)[pri:0, instance:src.com.pack.common.tests.PDATest@5c18298f]" name="afterMethod" is-config="true" duration-ms="977" started-at="2018-04-23T15:01:07Z" finished-at="2018-04-23T15:01:08Z">
          <params>
            <param index="0">
              <value>
                <![CDATA[[TestResult name={null} status=CREATED method=PDATest.PDAChecking()[pri:1, instance:src.com.pack.common.tests.PDATest@5c18298f] output={null}]]]>
              </value>
            </param>
          </params>
          <reporter-output>
          </reporter-output>
        </test-method> <!-- afterMethod -->
        <test-method status="SKIP" signature="tearDown()[pri:0, instance:src.com.pack.common.tests.PDATest@5c18298f]" name="tearDown" is-config="true" duration-ms="0" started-at="2018-04-23T15:01:08Z" finished-at="2018-04-23T15:01:08Z">
          <reporter-output>
          </reporter-output>
        </test-method> <!-- tearDown -->
      </class> <!-- src.com.pack.common.tests.PDATest -->
    </test> <!-- CP-Sweden -->
    <test name="Brandsdal" duration-ms="997" started-at="2018-04-23T09:31:08Z" finished-at="2018-04-23T09:31:09Z">
      <class name="src.com.pack.common.tests.PDATest">
        <test-method status="FAIL" signature="initializeTestBaseSetup(java.lang.String, java.lang.String, java.lang.String, java.lang.String, java.lang.String)[pri:0, instance:src.com.pack.common.tests.PDATest@7a36aefa]" name="initializeTestBaseSetup" is-config="true" duration-ms="0" started-at="2018-04-23T15:01:08Z" finished-at="2018-04-23T15:01:08Z">
          <exception class="org.testng.TestNGException">
            <message>
              <![CDATA[Parameter 'env' is required by BeforeClass on method initializeTestBaseSetup but has not been marked @Optional or definedin C:\Users\rajeev.singh\workspace\Selenium_39\PDA.xml]]>
            </message>
            <full-stacktrace>
              <![CDATA[org.testng.TestNGException: Parameter 'env' is required by BeforeClass on method initializeTestBaseSetup but has not been marked @Optional or definedin C:\Users\rajeev.singh\workspace\Selenium_39\PDA.xmlat org.testng.internal.Parameters.createParams(Parameters.java:290)at org.testng.internal.Parameters.createParametersForMethod(Parameters.java:359)at org.testng.internal.Parameters.createParameters(Parameters.java:620)at org.testng.internal.Parameters.createConfigurationParameters(Parameters.java:190)at org.testng.internal.Invoker.invokeConfigurations(Invoker.java:209)at org.testng.internal.Invoker.invokeConfigurations(Invoker.java:142)at org.testng.internal.TestMethodWorker.invokeBeforeClassMethods(TestMethodWorker.java:163)at org.testng.internal.TestMethodWorker.run(TestMethodWorker.java:105)at org.testng.TestRunner.privateRun(TestRunner.java:648)at org.testng.TestRunner.run(TestRunner.java:505)at org.testng.SuiteRunner.runTest(SuiteRunner.java:455)at org.testng.SuiteRunner.runSequentially(SuiteRunner.java:450)at org.testng.SuiteRunner.privateRun(SuiteRunner.java:415)at org.testng.SuiteRunner.run(SuiteRunner.java:364)at org.testng.SuiteRunnerWorker.runSuite(SuiteRunnerWorker.java:52)at org.testng.SuiteRunnerWorker.run(SuiteRunnerWorker.java:84)at org.testng.TestNG.runSuitesSequentially(TestNG.java:1187)at org.testng.TestNG.runSuitesSequentially(TestNG.java:1183)at org.testng.TestNG.runSuitesLocally(TestNG.java:1116)at org.testng.TestNG.runSuites(TestNG.java:1028)at org.testng.TestNG.run(TestNG.java:996)at org.testng.remote.AbstractRemoteTestNG.run(AbstractRemoteTestNG.java:114)at org.testng.remote.RemoteTestNG.initAndRun(RemoteTestNG.java:251)at org.testng.remote.RemoteTestNG.main(RemoteTestNG.java:77)]]>
            </full-stacktrace>
          </exception> <!-- org.testng.TestNGException -->
          <reporter-output>
          </reporter-output>
        </test-method> <!-- initializeTestBaseSetup -->
        <test-method status="SKIP" signature="setUp(org.testng.ITestContext)[pri:0, instance:src.com.pack.common.tests.PDATest@7a36aefa]" name="setUp" is-config="true" duration-ms="0" started-at="2018-04-23T15:01:08Z" finished-at="2018-04-23T15:01:08Z">
          <reporter-output>
          </reporter-output>
        </test-method> <!-- setUp -->
        <test-method status="SKIP" signature="PDAChecking()[pri:1, instance:src.com.pack.common.tests.PDATest@7a36aefa]" name="PDAChecking" duration-ms="0" started-at="2018-04-23T15:01:08Z" description="Pick &amp; Pack" finished-at="2018-04-23T15:01:08Z">
          <exception class="org.testng.TestNGException">
            <message>
              <![CDATA[Parameter 'env' is required by BeforeClass on method initializeTestBaseSetup but has not been marked @Optional or definedin C:\Users\rajeev.singh\workspace\Selenium_39\PDA.xml]]>
            </message>
            <full-stacktrace>
              <![CDATA[org.testng.TestNGException: Parameter 'env' is required by BeforeClass on method initializeTestBaseSetup but has not been marked @Optional or definedin C:\Users\rajeev.singh\workspace\Selenium_39\PDA.xmlat org.testng.internal.Parameters.createParams(Parameters.java:290)at org.testng.internal.Parameters.createParametersForMethod(Parameters.java:359)at org.testng.internal.Parameters.createParameters(Parameters.java:620)at org.testng.internal.Parameters.createConfigurationParameters(Parameters.java:190)at org.testng.internal.Invoker.invokeConfigurations(Invoker.java:209)at org.testng.internal.Invoker.invokeConfigurations(Invoker.java:142)at org.testng.internal.TestMethodWorker.invokeBeforeClassMethods(TestMethodWorker.java:163)at org.testng.internal.TestMethodWorker.run(TestMethodWorker.java:105)at org.testng.TestRunner.privateRun(TestRunner.java:648)at org.testng.TestRunner.run(TestRunner.java:505)at org.testng.SuiteRunner.runTest(SuiteRunner.java:455)at org.testng.SuiteRunner.runSequentially(SuiteRunner.java:450)at org.testng.SuiteRunner.privateRun(SuiteRunner.java:415)at org.testng.SuiteRunner.run(SuiteRunner.java:364)at org.testng.SuiteRunnerWorker.runSuite(SuiteRunnerWorker.java:52)at org.testng.SuiteRunnerWorker.run(SuiteRunnerWorker.java:84)at org.testng.TestNG.runSuitesSequentially(TestNG.java:1187)at org.testng.TestNG.runSuitesSequentially(TestNG.java:1183)at org.testng.TestNG.runSuitesLocally(TestNG.java:1116)at org.testng.TestNG.runSuites(TestNG.java:1028)at org.testng.TestNG.run(TestNG.java:996)at org.testng.remote.AbstractRemoteTestNG.run(AbstractRemoteTestNG.java:114)at org.testng.remote.RemoteTestNG.initAndRun(RemoteTestNG.java:251)at org.testng.remote.RemoteTestNG.main(RemoteTestNG.java:77)]]>
            </full-stacktrace>
          </exception> <!-- org.testng.TestNGException -->
          <reporter-output>
          </reporter-output>
        </test-method> <!-- PDAChecking -->
        <test-method status="PASS" signature="afterMethod(org.testng.ITestResult)[pri:0, instance:src.com.pack.common.tests.PDATest@7a36aefa]" name="afterMethod" is-config="true" duration-ms="992" started-at="2018-04-23T15:01:08Z" finished-at="2018-04-23T15:01:09Z">
          <params>
            <param index="0">
              <value>
                <![CDATA[[TestResult name={null} status=CREATED method=PDATest.PDAChecking()[pri:1, instance:src.com.pack.common.tests.PDATest@7a36aefa] output={null}]]]>
              </value>
            </param>
          </params>
          <reporter-output>
          </reporter-output>
        </test-method> <!-- afterMethod -->
        <test-method status="SKIP" signature="tearDown()[pri:0, instance:src.com.pack.common.tests.PDATest@7a36aefa]" name="tearDown" is-config="true" duration-ms="0" started-at="2018-04-23T15:01:09Z" finished-at="2018-04-23T15:01:09Z">
          <reporter-output>
          </reporter-output>
        </test-method> <!-- tearDown -->
      </class> <!-- src.com.pack.common.tests.PDATest -->
    </test> <!-- Brandsdal -->
    <test name="BliVakker" duration-ms="1010" started-at="2018-04-23T09:31:09Z" finished-at="2018-04-23T09:31:10Z">
      <class name="src.com.pack.common.tests.PDATest">
        <test-method status="FAIL" signature="initializeTestBaseSetup(java.lang.String, java.lang.String, java.lang.String, java.lang.String, java.lang.String)[pri:0, instance:src.com.pack.common.tests.PDATest@5123a213]" name="initializeTestBaseSetup" is-config="true" duration-ms="0" started-at="2018-04-23T15:01:09Z" finished-at="2018-04-23T15:01:09Z">
          <exception class="org.testng.TestNGException">
            <message>
              <![CDATA[Parameter 'env' is required by BeforeClass on method initializeTestBaseSetup but has not been marked @Optional or definedin C:\Users\rajeev.singh\workspace\Selenium_39\PDA.xml]]>
            </message>
            <full-stacktrace>
              <![CDATA[org.testng.TestNGException: Parameter 'env' is required by BeforeClass on method initializeTestBaseSetup but has not been marked @Optional or definedin C:\Users\rajeev.singh\workspace\Selenium_39\PDA.xmlat org.testng.internal.Parameters.createParams(Parameters.java:290)at org.testng.internal.Parameters.createParametersForMethod(Parameters.java:359)at org.testng.internal.Parameters.createParameters(Parameters.java:620)at org.testng.internal.Parameters.createConfigurationParameters(Parameters.java:190)at org.testng.internal.Invoker.invokeConfigurations(Invoker.java:209)at org.testng.internal.Invoker.invokeConfigurations(Invoker.java:142)at org.testng.internal.TestMethodWorker.invokeBeforeClassMethods(TestMethodWorker.java:163)at org.testng.internal.TestMethodWorker.run(TestMethodWorker.java:105)at org.testng.TestRunner.privateRun(TestRunner.java:648)at org.testng.TestRunner.run(TestRunner.java:505)at org.testng.SuiteRunner.runTest(SuiteRunner.java:455)at org.testng.SuiteRunner.runSequentially(SuiteRunner.java:450)at org.testng.SuiteRunner.privateRun(SuiteRunner.java:415)at org.testng.SuiteRunner.run(SuiteRunner.java:364)at org.testng.SuiteRunnerWorker.runSuite(SuiteRunnerWorker.java:52)at org.testng.SuiteRunnerWorker.run(SuiteRunnerWorker.java:84)at org.testng.TestNG.runSuitesSequentially(TestNG.java:1187)at org.testng.TestNG.runSuitesSequentially(TestNG.java:1183)at org.testng.TestNG.runSuitesLocally(TestNG.java:1116)at org.testng.TestNG.runSuites(TestNG.java:1028)at org.testng.TestNG.run(TestNG.java:996)at org.testng.remote.AbstractRemoteTestNG.run(AbstractRemoteTestNG.java:114)at org.testng.remote.RemoteTestNG.initAndRun(RemoteTestNG.java:251)at org.testng.remote.RemoteTestNG.main(RemoteTestNG.java:77)]]>
            </full-stacktrace>
          </exception> <!-- org.testng.TestNGException -->
          <reporter-output>
          </reporter-output>
        </test-method> <!-- initializeTestBaseSetup -->
        <test-method status="SKIP" signature="setUp(org.testng.ITestContext)[pri:0, instance:src.com.pack.common.tests.PDATest@5123a213]" name="setUp" is-config="true" duration-ms="0" started-at="2018-04-23T15:01:09Z" finished-at="2018-04-23T15:01:09Z">
          <reporter-output>
          </reporter-output>
        </test-method> <!-- setUp -->
        <test-method status="SKIP" signature="PDAChecking()[pri:1, instance:src.com.pack.common.tests.PDATest@5123a213]" name="PDAChecking" duration-ms="0" started-at="2018-04-23T15:01:09Z" description="Pick &amp; Pack" finished-at="2018-04-23T15:01:09Z">
          <exception class="org.testng.TestNGException">
            <message>
              <![CDATA[Parameter 'env' is required by BeforeClass on method initializeTestBaseSetup but has not been marked @Optional or definedin C:\Users\rajeev.singh\workspace\Selenium_39\PDA.xml]]>
            </message>
            <full-stacktrace>
              <![CDATA[org.testng.TestNGException: Parameter 'env' is required by BeforeClass on method initializeTestBaseSetup but has not been marked @Optional or definedin C:\Users\rajeev.singh\workspace\Selenium_39\PDA.xmlat org.testng.internal.Parameters.createParams(Parameters.java:290)at org.testng.internal.Parameters.createParametersForMethod(Parameters.java:359)at org.testng.internal.Parameters.createParameters(Parameters.java:620)at org.testng.internal.Parameters.createConfigurationParameters(Parameters.java:190)at org.testng.internal.Invoker.invokeConfigurations(Invoker.java:209)at org.testng.internal.Invoker.invokeConfigurations(Invoker.java:142)at org.testng.internal.TestMethodWorker.invokeBeforeClassMethods(TestMethodWorker.java:163)at org.testng.internal.TestMethodWorker.run(TestMethodWorker.java:105)at org.testng.TestRunner.privateRun(TestRunner.java:648)at org.testng.TestRunner.run(TestRunner.java:505)at org.testng.SuiteRunner.runTest(SuiteRunner.java:455)at org.testng.SuiteRunner.runSequentially(SuiteRunner.java:450)at org.testng.SuiteRunner.privateRun(SuiteRunner.java:415)at org.testng.SuiteRunner.run(SuiteRunner.java:364)at org.testng.SuiteRunnerWorker.runSuite(SuiteRunnerWorker.java:52)at org.testng.SuiteRunnerWorker.run(SuiteRunnerWorker.java:84)at org.testng.TestNG.runSuitesSequentially(TestNG.java:1187)at org.testng.TestNG.runSuitesSequentially(TestNG.java:1183)at org.testng.TestNG.runSuitesLocally(TestNG.java:1116)at org.testng.TestNG.runSuites(TestNG.java:1028)at org.testng.TestNG.run(TestNG.java:996)at org.testng.remote.AbstractRemoteTestNG.run(AbstractRemoteTestNG.java:114)at org.testng.remote.RemoteTestNG.initAndRun(RemoteTestNG.java:251)at org.testng.remote.RemoteTestNG.main(RemoteTestNG.java:77)]]>
            </full-stacktrace>
          </exception> <!-- org.testng.TestNGException -->
          <reporter-output>
          </reporter-output>
        </test-method> <!-- PDAChecking -->
        <test-method status="PASS" signature="afterMethod(org.testng.ITestResult)[pri:0, instance:src.com.pack.common.tests.PDATest@5123a213]" name="afterMethod" is-config="true" duration-ms="997" started-at="2018-04-23T15:01:09Z" finished-at="2018-04-23T15:01:10Z">
          <params>
            <param index="0">
              <value>
                <![CDATA[[TestResult name={null} status=CREATED method=PDATest.PDAChecking()[pri:1, instance:src.com.pack.common.tests.PDATest@5123a213] output={null}]]]>
              </value>
            </param>
          </params>
          <reporter-output>
          </reporter-output>
        </test-method> <!-- afterMethod -->
        <test-method status="SKIP" signature="tearDown()[pri:0, instance:src.com.pack.common.tests.PDATest@5123a213]" name="tearDown" is-config="true" duration-ms="0" started-at="2018-04-23T15:01:10Z" finished-at="2018-04-23T15:01:10Z">
          <reporter-output>
          </reporter-output>
        </test-method> <!-- tearDown -->
      </class> <!-- src.com.pack.common.tests.PDATest -->
    </test> <!-- BliVakker -->
    <test name="CP-Austria" duration-ms="1004" started-at="2018-04-23T09:31:10Z" finished-at="2018-04-23T09:31:11Z">
      <class name="src.com.pack.common.tests.PDATest">
        <test-method status="FAIL" signature="initializeTestBaseSetup(java.lang.String, java.lang.String, java.lang.String, java.lang.String, java.lang.String)[pri:0, instance:src.com.pack.common.tests.PDATest@103f852]" name="initializeTestBaseSetup" is-config="true" duration-ms="0" started-at="2018-04-23T15:01:10Z" finished-at="2018-04-23T15:01:10Z">
          <exception class="org.testng.TestNGException">
            <message>
              <![CDATA[Parameter 'env' is required by BeforeClass on method initializeTestBaseSetup but has not been marked @Optional or definedin C:\Users\rajeev.singh\workspace\Selenium_39\PDA.xml]]>
            </message>
            <full-stacktrace>
              <![CDATA[org.testng.TestNGException: Parameter 'env' is required by BeforeClass on method initializeTestBaseSetup but has not been marked @Optional or definedin C:\Users\rajeev.singh\workspace\Selenium_39\PDA.xmlat org.testng.internal.Parameters.createParams(Parameters.java:290)at org.testng.internal.Parameters.createParametersForMethod(Parameters.java:359)at org.testng.internal.Parameters.createParameters(Parameters.java:620)at org.testng.internal.Parameters.createConfigurationParameters(Parameters.java:190)at org.testng.internal.Invoker.invokeConfigurations(Invoker.java:209)at org.testng.internal.Invoker.invokeConfigurations(Invoker.java:142)at org.testng.internal.TestMethodWorker.invokeBeforeClassMethods(TestMethodWorker.java:163)at org.testng.internal.TestMethodWorker.run(TestMethodWorker.java:105)at org.testng.TestRunner.privateRun(TestRunner.java:648)at org.testng.TestRunner.run(TestRunner.java:505)at org.testng.SuiteRunner.runTest(SuiteRunner.java:455)at org.testng.SuiteRunner.runSequentially(SuiteRunner.java:450)at org.testng.SuiteRunner.privateRun(SuiteRunner.java:415)at org.testng.SuiteRunner.run(SuiteRunner.java:364)at org.testng.SuiteRunnerWorker.runSuite(SuiteRunnerWorker.java:52)at org.testng.SuiteRunnerWorker.run(SuiteRunnerWorker.java:84)at org.testng.TestNG.runSuitesSequentially(TestNG.java:1187)at org.testng.TestNG.runSuitesSequentially(TestNG.java:1183)at org.testng.TestNG.runSuitesLocally(TestNG.java:1116)at org.testng.TestNG.runSuites(TestNG.java:1028)at org.testng.TestNG.run(TestNG.java:996)at org.testng.remote.AbstractRemoteTestNG.run(AbstractRemoteTestNG.java:114)at org.testng.remote.RemoteTestNG.initAndRun(RemoteTestNG.java:251)at org.testng.remote.RemoteTestNG.main(RemoteTestNG.java:77)]]>
            </full-stacktrace>
          </exception> <!-- org.testng.TestNGException -->
          <reporter-output>
          </reporter-output>
        </test-method> <!-- initializeTestBaseSetup -->
        <test-method status="SKIP" signature="setUp(org.testng.ITestContext)[pri:0, instance:src.com.pack.common.tests.PDATest@103f852]" name="setUp" is-config="true" duration-ms="0" started-at="2018-04-23T15:01:10Z" finished-at="2018-04-23T15:01:10Z">
          <reporter-output>
          </reporter-output>
        </test-method> <!-- setUp -->
        <test-method status="SKIP" signature="PDAChecking()[pri:1, instance:src.com.pack.common.tests.PDATest@103f852]" name="PDAChecking" duration-ms="0" started-at="2018-04-23T15:01:10Z" description="Pick &amp; Pack" finished-at="2018-04-23T15:01:10Z">
          <exception class="org.testng.TestNGException">
            <message>
              <![CDATA[Parameter 'env' is required by BeforeClass on method initializeTestBaseSetup but has not been marked @Optional or definedin C:\Users\rajeev.singh\workspace\Selenium_39\PDA.xml]]>
            </message>
            <full-stacktrace>
              <![CDATA[org.testng.TestNGException: Parameter 'env' is required by BeforeClass on method initializeTestBaseSetup but has not been marked @Optional or definedin C:\Users\rajeev.singh\workspace\Selenium_39\PDA.xmlat org.testng.internal.Parameters.createParams(Parameters.java:290)at org.testng.internal.Parameters.createParametersForMethod(Parameters.java:359)at org.testng.internal.Parameters.createParameters(Parameters.java:620)at org.testng.internal.Parameters.createConfigurationParameters(Parameters.java:190)at org.testng.internal.Invoker.invokeConfigurations(Invoker.java:209)at org.testng.internal.Invoker.invokeConfigurations(Invoker.java:142)at org.testng.internal.TestMethodWorker.invokeBeforeClassMethods(TestMethodWorker.java:163)at org.testng.internal.TestMethodWorker.run(TestMethodWorker.java:105)at org.testng.TestRunner.privateRun(TestRunner.java:648)at org.testng.TestRunner.run(TestRunner.java:505)at org.testng.SuiteRunner.runTest(SuiteRunner.java:455)at org.testng.SuiteRunner.runSequentially(SuiteRunner.java:450)at org.testng.SuiteRunner.privateRun(SuiteRunner.java:415)at org.testng.SuiteRunner.run(SuiteRunner.java:364)at org.testng.SuiteRunnerWorker.runSuite(SuiteRunnerWorker.java:52)at org.testng.SuiteRunnerWorker.run(SuiteRunnerWorker.java:84)at org.testng.TestNG.runSuitesSequentially(TestNG.java:1187)at org.testng.TestNG.runSuitesSequentially(TestNG.java:1183)at org.testng.TestNG.runSuitesLocally(TestNG.java:1116)at org.testng.TestNG.runSuites(TestNG.java:1028)at org.testng.TestNG.run(TestNG.java:996)at org.testng.remote.AbstractRemoteTestNG.run(AbstractRemoteTestNG.java:114)at org.testng.remote.RemoteTestNG.initAndRun(RemoteTestNG.java:251)at org.testng.remote.RemoteTestNG.main(RemoteTestNG.java:77)]]>
            </full-stacktrace>
          </exception> <!-- org.testng.TestNGException -->
          <reporter-output>
          </reporter-output>
        </test-method> <!-- PDAChecking -->
        <test-method status="PASS" signature="afterMethod(org.testng.ITestResult)[pri:0, instance:src.com.pack.common.tests.PDATest@103f852]" name="afterMethod" is-config="true" duration-ms="999" started-at="2018-04-23T15:01:10Z" finished-at="2018-04-23T15:01:11Z">
          <params>
            <param index="0">
              <value>
                <![CDATA[[TestResult name={null} status=CREATED method=PDATest.PDAChecking()[pri:1, instance:src.com.pack.common.tests.PDATest@103f852] output={null}]]]>
              </value>
            </param>
          </params>
          <reporter-output>
          </reporter-output>
        </test-method> <!-- afterMethod -->
        <test-method status="SKIP" signature="tearDown()[pri:0, instance:src.com.pack.common.tests.PDATest@103f852]" name="tearDown" is-config="true" duration-ms="0" started-at="2018-04-23T15:01:11Z" finished-at="2018-04-23T15:01:11Z">
          <reporter-output>
          </reporter-output>
        </test-method> <!-- tearDown -->
      </class> <!-- src.com.pack.common.tests.PDATest -->
    </test> <!-- CP-Austria -->
    <test name="CP-Germany" duration-ms="1006" started-at="2018-04-23T09:31:12Z" finished-at="2018-04-23T09:31:13Z">
      <class name="src.com.pack.common.tests.PDATest">
        <test-method status="FAIL" signature="initializeTestBaseSetup(java.lang.String, java.lang.String, java.lang.String, java.lang.String, java.lang.String)[pri:0, instance:src.com.pack.common.tests.PDATest@7e9a5fbe]" name="initializeTestBaseSetup" is-config="true" duration-ms="0" started-at="2018-04-23T15:01:12Z" finished-at="2018-04-23T15:01:12Z">
          <exception class="org.testng.TestNGException">
            <message>
              <![CDATA[Parameter 'env' is required by BeforeClass on method initializeTestBaseSetup but has not been marked @Optional or definedin C:\Users\rajeev.singh\workspace\Selenium_39\PDA.xml]]>
            </message>
            <full-stacktrace>
              <![CDATA[org.testng.TestNGException: Parameter 'env' is required by BeforeClass on method initializeTestBaseSetup but has not been marked @Optional or definedin C:\Users\rajeev.singh\workspace\Selenium_39\PDA.xmlat org.testng.internal.Parameters.createParams(Parameters.java:290)at org.testng.internal.Parameters.createParametersForMethod(Parameters.java:359)at org.testng.internal.Parameters.createParameters(Parameters.java:620)at org.testng.internal.Parameters.createConfigurationParameters(Parameters.java:190)at org.testng.internal.Invoker.invokeConfigurations(Invoker.java:209)at org.testng.internal.Invoker.invokeConfigurations(Invoker.java:142)at org.testng.internal.TestMethodWorker.invokeBeforeClassMethods(TestMethodWorker.java:163)at org.testng.internal.TestMethodWorker.run(TestMethodWorker.java:105)at org.testng.TestRunner.privateRun(TestRunner.java:648)at org.testng.TestRunner.run(TestRunner.java:505)at org.testng.SuiteRunner.runTest(SuiteRunner.java:455)at org.testng.SuiteRunner.runSequentially(SuiteRunner.java:450)at org.testng.SuiteRunner.privateRun(SuiteRunner.java:415)at org.testng.SuiteRunner.run(SuiteRunner.java:364)at org.testng.SuiteRunnerWorker.runSuite(SuiteRunnerWorker.java:52)at org.testng.SuiteRunnerWorker.run(SuiteRunnerWorker.java:84)at org.testng.TestNG.runSuitesSequentially(TestNG.java:1187)at org.testng.TestNG.runSuitesSequentially(TestNG.java:1183)at org.testng.TestNG.runSuitesLocally(TestNG.java:1116)at org.testng.TestNG.runSuites(TestNG.java:1028)at org.testng.TestNG.run(TestNG.java:996)at org.testng.remote.AbstractRemoteTestNG.run(AbstractRemoteTestNG.java:114)at org.testng.remote.RemoteTestNG.initAndRun(RemoteTestNG.java:251)at org.testng.remote.RemoteTestNG.main(RemoteTestNG.java:77)]]>
            </full-stacktrace>
          </exception> <!-- org.testng.TestNGException -->
          <reporter-output>
          </reporter-output>
        </test-method> <!-- initializeTestBaseSetup -->
        <test-method status="SKIP" signature="setUp(org.testng.ITestContext)[pri:0, instance:src.com.pack.common.tests.PDATest@7e9a5fbe]" name="setUp" is-config="true" duration-ms="0" started-at="2018-04-23T15:01:12Z" finished-at="2018-04-23T15:01:12Z">
          <reporter-output>
          </reporter-output>
        </test-method> <!-- setUp -->
        <test-method status="SKIP" signature="PDAChecking()[pri:1, instance:src.com.pack.common.tests.PDATest@7e9a5fbe]" name="PDAChecking" duration-ms="0" started-at="2018-04-23T15:01:12Z" description="Pick &amp; Pack" finished-at="2018-04-23T15:01:12Z">
          <exception class="org.testng.TestNGException">
            <message>
              <![CDATA[Parameter 'env' is required by BeforeClass on method initializeTestBaseSetup but has not been marked @Optional or definedin C:\Users\rajeev.singh\workspace\Selenium_39\PDA.xml]]>
            </message>
            <full-stacktrace>
              <![CDATA[org.testng.TestNGException: Parameter 'env' is required by BeforeClass on method initializeTestBaseSetup but has not been marked @Optional or definedin C:\Users\rajeev.singh\workspace\Selenium_39\PDA.xmlat org.testng.internal.Parameters.createParams(Parameters.java:290)at org.testng.internal.Parameters.createParametersForMethod(Parameters.java:359)at org.testng.internal.Parameters.createParameters(Parameters.java:620)at org.testng.internal.Parameters.createConfigurationParameters(Parameters.java:190)at org.testng.internal.Invoker.invokeConfigurations(Invoker.java:209)at org.testng.internal.Invoker.invokeConfigurations(Invoker.java:142)at org.testng.internal.TestMethodWorker.invokeBeforeClassMethods(TestMethodWorker.java:163)at org.testng.internal.TestMethodWorker.run(TestMethodWorker.java:105)at org.testng.TestRunner.privateRun(TestRunner.java:648)at org.testng.TestRunner.run(TestRunner.java:505)at org.testng.SuiteRunner.runTest(SuiteRunner.java:455)at org.testng.SuiteRunner.runSequentially(SuiteRunner.java:450)at org.testng.SuiteRunner.privateRun(SuiteRunner.java:415)at org.testng.SuiteRunner.run(SuiteRunner.java:364)at org.testng.SuiteRunnerWorker.runSuite(SuiteRunnerWorker.java:52)at org.testng.SuiteRunnerWorker.run(SuiteRunnerWorker.java:84)at org.testng.TestNG.runSuitesSequentially(TestNG.java:1187)at org.testng.TestNG.runSuitesSequentially(TestNG.java:1183)at org.testng.TestNG.runSuitesLocally(TestNG.java:1116)at org.testng.TestNG.runSuites(TestNG.java:1028)at org.testng.TestNG.run(TestNG.java:996)at org.testng.remote.AbstractRemoteTestNG.run(AbstractRemoteTestNG.java:114)at org.testng.remote.RemoteTestNG.initAndRun(RemoteTestNG.java:251)at org.testng.remote.RemoteTestNG.main(RemoteTestNG.java:77)]]>
            </full-stacktrace>
          </exception> <!-- org.testng.TestNGException -->
          <reporter-output>
          </reporter-output>
        </test-method> <!-- PDAChecking -->
        <test-method status="PASS" signature="afterMethod(org.testng.ITestResult)[pri:0, instance:src.com.pack.common.tests.PDATest@7e9a5fbe]" name="afterMethod" is-config="true" duration-ms="1001" started-at="2018-04-23T15:01:12Z" finished-at="2018-04-23T15:01:13Z">
          <params>
            <param index="0">
              <value>
                <![CDATA[[TestResult name={null} status=CREATED method=PDATest.PDAChecking()[pri:1, instance:src.com.pack.common.tests.PDATest@7e9a5fbe] output={null}]]]>
              </value>
            </param>
          </params>
          <reporter-output>
          </reporter-output>
        </test-method> <!-- afterMethod -->
        <test-method status="SKIP" signature="tearDown()[pri:0, instance:src.com.pack.common.tests.PDATest@7e9a5fbe]" name="tearDown" is-config="true" duration-ms="0" started-at="2018-04-23T15:01:13Z" finished-at="2018-04-23T15:01:13Z">
          <reporter-output>
          </reporter-output>
        </test-method> <!-- tearDown -->
      </class> <!-- src.com.pack.common.tests.PDATest -->
    </test> <!-- CP-Germany -->
    <test name="CP-Denmark" duration-ms="1005" started-at="2018-04-23T09:31:13Z" finished-at="2018-04-23T09:31:14Z">
      <class name="src.com.pack.common.tests.PDATest">
        <test-method status="FAIL" signature="initializeTestBaseSetup(java.lang.String, java.lang.String, java.lang.String, java.lang.String, java.lang.String)[pri:0, instance:src.com.pack.common.tests.PDATest@134593bf]" name="initializeTestBaseSetup" is-config="true" duration-ms="0" started-at="2018-04-23T15:01:13Z" finished-at="2018-04-23T15:01:13Z">
          <exception class="org.testng.TestNGException">
            <message>
              <![CDATA[Parameter 'env' is required by BeforeClass on method initializeTestBaseSetup but has not been marked @Optional or definedin C:\Users\rajeev.singh\workspace\Selenium_39\PDA.xml]]>
            </message>
            <full-stacktrace>
              <![CDATA[org.testng.TestNGException: Parameter 'env' is required by BeforeClass on method initializeTestBaseSetup but has not been marked @Optional or definedin C:\Users\rajeev.singh\workspace\Selenium_39\PDA.xmlat org.testng.internal.Parameters.createParams(Parameters.java:290)at org.testng.internal.Parameters.createParametersForMethod(Parameters.java:359)at org.testng.internal.Parameters.createParameters(Parameters.java:620)at org.testng.internal.Parameters.createConfigurationParameters(Parameters.java:190)at org.testng.internal.Invoker.invokeConfigurations(Invoker.java:209)at org.testng.internal.Invoker.invokeConfigurations(Invoker.java:142)at org.testng.internal.TestMethodWorker.invokeBeforeClassMethods(TestMethodWorker.java:163)at org.testng.internal.TestMethodWorker.run(TestMethodWorker.java:105)at org.testng.TestRunner.privateRun(TestRunner.java:648)at org.testng.TestRunner.run(TestRunner.java:505)at org.testng.SuiteRunner.runTest(SuiteRunner.java:455)at org.testng.SuiteRunner.runSequentially(SuiteRunner.java:450)at org.testng.SuiteRunner.privateRun(SuiteRunner.java:415)at org.testng.SuiteRunner.run(SuiteRunner.java:364)at org.testng.SuiteRunnerWorker.runSuite(SuiteRunnerWorker.java:52)at org.testng.SuiteRunnerWorker.run(SuiteRunnerWorker.java:84)at org.testng.TestNG.runSuitesSequentially(TestNG.java:1187)at org.testng.TestNG.runSuitesSequentially(TestNG.java:1183)at org.testng.TestNG.runSuitesLocally(TestNG.java:1116)at org.testng.TestNG.runSuites(TestNG.java:1028)at org.testng.TestNG.run(TestNG.java:996)at org.testng.remote.AbstractRemoteTestNG.run(AbstractRemoteTestNG.java:114)at org.testng.remote.RemoteTestNG.initAndRun(RemoteTestNG.java:251)at org.testng.remote.RemoteTestNG.main(RemoteTestNG.java:77)]]>
            </full-stacktrace>
          </exception> <!-- org.testng.TestNGException -->
          <reporter-output>
          </reporter-output>
        </test-method> <!-- initializeTestBaseSetup -->
        <test-method status="SKIP" signature="setUp(org.testng.ITestContext)[pri:0, instance:src.com.pack.common.tests.PDATest@134593bf]" name="setUp" is-config="true" duration-ms="0" started-at="2018-04-23T15:01:13Z" finished-at="2018-04-23T15:01:13Z">
          <reporter-output>
          </reporter-output>
        </test-method> <!-- setUp -->
        <test-method status="SKIP" signature="PDAChecking()[pri:1, instance:src.com.pack.common.tests.PDATest@134593bf]" name="PDAChecking" duration-ms="0" started-at="2018-04-23T15:01:13Z" description="Pick &amp; Pack" finished-at="2018-04-23T15:01:13Z">
          <exception class="org.testng.TestNGException">
            <message>
              <![CDATA[Parameter 'env' is required by BeforeClass on method initializeTestBaseSetup but has not been marked @Optional or definedin C:\Users\rajeev.singh\workspace\Selenium_39\PDA.xml]]>
            </message>
            <full-stacktrace>
              <![CDATA[org.testng.TestNGException: Parameter 'env' is required by BeforeClass on method initializeTestBaseSetup but has not been marked @Optional or definedin C:\Users\rajeev.singh\workspace\Selenium_39\PDA.xmlat org.testng.internal.Parameters.createParams(Parameters.java:290)at org.testng.internal.Parameters.createParametersForMethod(Parameters.java:359)at org.testng.internal.Parameters.createParameters(Parameters.java:620)at org.testng.internal.Parameters.createConfigurationParameters(Parameters.java:190)at org.testng.internal.Invoker.invokeConfigurations(Invoker.java:209)at org.testng.internal.Invoker.invokeConfigurations(Invoker.java:142)at org.testng.internal.TestMethodWorker.invokeBeforeClassMethods(TestMethodWorker.java:163)at org.testng.internal.TestMethodWorker.run(TestMethodWorker.java:105)at org.testng.TestRunner.privateRun(TestRunner.java:648)at org.testng.TestRunner.run(TestRunner.java:505)at org.testng.SuiteRunner.runTest(SuiteRunner.java:455)at org.testng.SuiteRunner.runSequentially(SuiteRunner.java:450)at org.testng.SuiteRunner.privateRun(SuiteRunner.java:415)at org.testng.SuiteRunner.run(SuiteRunner.java:364)at org.testng.SuiteRunnerWorker.runSuite(SuiteRunnerWorker.java:52)at org.testng.SuiteRunnerWorker.run(SuiteRunnerWorker.java:84)at org.testng.TestNG.runSuitesSequentially(TestNG.java:1187)at org.testng.TestNG.runSuitesSequentially(TestNG.java:1183)at org.testng.TestNG.runSuitesLocally(TestNG.java:1116)at org.testng.TestNG.runSuites(TestNG.java:1028)at org.testng.TestNG.run(TestNG.java:996)at org.testng.remote.AbstractRemoteTestNG.run(AbstractRemoteTestNG.java:114)at org.testng.remote.RemoteTestNG.initAndRun(RemoteTestNG.java:251)at org.testng.remote.RemoteTestNG.main(RemoteTestNG.java:77)]]>
            </full-stacktrace>
          </exception> <!-- org.testng.TestNGException -->
          <reporter-output>
          </reporter-output>
        </test-method> <!-- PDAChecking -->
        <test-method status="PASS" signature="afterMethod(org.testng.ITestResult)[pri:0, instance:src.com.pack.common.tests.PDATest@134593bf]" name="afterMethod" is-config="true" duration-ms="999" started-at="2018-04-23T15:01:13Z" finished-at="2018-04-23T15:01:14Z">
          <params>
            <param index="0">
              <value>
                <![CDATA[[TestResult name={null} status=CREATED method=PDATest.PDAChecking()[pri:1, instance:src.com.pack.common.tests.PDATest@134593bf] output={null}]]]>
              </value>
            </param>
          </params>
          <reporter-output>
          </reporter-output>
        </test-method> <!-- afterMethod -->
        <test-method status="SKIP" signature="tearDown()[pri:0, instance:src.com.pack.common.tests.PDATest@134593bf]" name="tearDown" is-config="true" duration-ms="0" started-at="2018-04-23T15:01:14Z" finished-at="2018-04-23T15:01:14Z">
          <reporter-output>
          </reporter-output>
        </test-method> <!-- tearDown -->
      </class> <!-- src.com.pack.common.tests.PDATest -->
    </test> <!-- CP-Denmark -->
    <test name="Netthandelen" duration-ms="1003" started-at="2018-04-23T09:31:14Z" finished-at="2018-04-23T09:31:15Z">
      <class name="src.com.pack.common.tests.PDATest">
        <test-method status="FAIL" signature="initializeTestBaseSetup(java.lang.String, java.lang.String, java.lang.String, java.lang.String, java.lang.String)[pri:0, instance:src.com.pack.common.tests.PDATest@8b87145]" name="initializeTestBaseSetup" is-config="true" duration-ms="0" started-at="2018-04-23T15:01:14Z" finished-at="2018-04-23T15:01:14Z">
          <exception class="org.testng.TestNGException">
            <message>
              <![CDATA[Parameter 'env' is required by BeforeClass on method initializeTestBaseSetup but has not been marked @Optional or definedin C:\Users\rajeev.singh\workspace\Selenium_39\PDA.xml]]>
            </message>
            <full-stacktrace>
              <![CDATA[org.testng.TestNGException: Parameter 'env' is required by BeforeClass on method initializeTestBaseSetup but has not been marked @Optional or definedin C:\Users\rajeev.singh\workspace\Selenium_39\PDA.xmlat org.testng.internal.Parameters.createParams(Parameters.java:290)at org.testng.internal.Parameters.createParametersForMethod(Parameters.java:359)at org.testng.internal.Parameters.createParameters(Parameters.java:620)at org.testng.internal.Parameters.createConfigurationParameters(Parameters.java:190)at org.testng.internal.Invoker.invokeConfigurations(Invoker.java:209)at org.testng.internal.Invoker.invokeConfigurations(Invoker.java:142)at org.testng.internal.TestMethodWorker.invokeBeforeClassMethods(TestMethodWorker.java:163)at org.testng.internal.TestMethodWorker.run(TestMethodWorker.java:105)at org.testng.TestRunner.privateRun(TestRunner.java:648)at org.testng.TestRunner.run(TestRunner.java:505)at org.testng.SuiteRunner.runTest(SuiteRunner.java:455)at org.testng.SuiteRunner.runSequentially(SuiteRunner.java:450)at org.testng.SuiteRunner.privateRun(SuiteRunner.java:415)at org.testng.SuiteRunner.run(SuiteRunner.java:364)at org.testng.SuiteRunnerWorker.runSuite(SuiteRunnerWorker.java:52)at org.testng.SuiteRunnerWorker.run(SuiteRunnerWorker.java:84)at org.testng.TestNG.runSuitesSequentially(TestNG.java:1187)at org.testng.TestNG.runSuitesSequentially(TestNG.java:1183)at org.testng.TestNG.runSuitesLocally(TestNG.java:1116)at org.testng.TestNG.runSuites(TestNG.java:1028)at org.testng.TestNG.run(TestNG.java:996)at org.testng.remote.AbstractRemoteTestNG.run(AbstractRemoteTestNG.java:114)at org.testng.remote.RemoteTestNG.initAndRun(RemoteTestNG.java:251)at org.testng.remote.RemoteTestNG.main(RemoteTestNG.java:77)]]>
            </full-stacktrace>
          </exception> <!-- org.testng.TestNGException -->
          <reporter-output>
          </reporter-output>
        </test-method> <!-- initializeTestBaseSetup -->
        <test-method status="SKIP" signature="setUp(org.testng.ITestContext)[pri:0, instance:src.com.pack.common.tests.PDATest@8b87145]" name="setUp" is-config="true" duration-ms="0" started-at="2018-04-23T15:01:14Z" finished-at="2018-04-23T15:01:14Z">
          <reporter-output>
          </reporter-output>
        </test-method> <!-- setUp -->
        <test-method status="PASS" signature="afterMethod(org.testng.ITestResult)[pri:0, instance:src.com.pack.common.tests.PDATest@8b87145]" name="afterMethod" is-config="true" duration-ms="1000" started-at="2018-04-23T15:01:14Z" finished-at="2018-04-23T15:01:15Z">
          <params>
            <param index="0">
              <value>
                <![CDATA[[TestResult name={null} status=CREATED method=PDATest.PDAChecking()[pri:1, instance:src.com.pack.common.tests.PDATest@8b87145] output={null}]]]>
              </value>
            </param>
          </params>
          <reporter-output>
          </reporter-output>
        </test-method> <!-- afterMethod -->
        <test-method status="SKIP" signature="PDAChecking()[pri:1, instance:src.com.pack.common.tests.PDATest@8b87145]" name="PDAChecking" duration-ms="0" started-at="2018-04-23T15:01:14Z" description="Pick &amp; Pack" finished-at="2018-04-23T15:01:14Z">
          <exception class="org.testng.TestNGException">
            <message>
              <![CDATA[Parameter 'env' is required by BeforeClass on method initializeTestBaseSetup but has not been marked @Optional or definedin C:\Users\rajeev.singh\workspace\Selenium_39\PDA.xml]]>
            </message>
            <full-stacktrace>
              <![CDATA[org.testng.TestNGException: Parameter 'env' is required by BeforeClass on method initializeTestBaseSetup but has not been marked @Optional or definedin C:\Users\rajeev.singh\workspace\Selenium_39\PDA.xmlat org.testng.internal.Parameters.createParams(Parameters.java:290)at org.testng.internal.Parameters.createParametersForMethod(Parameters.java:359)at org.testng.internal.Parameters.createParameters(Parameters.java:620)at org.testng.internal.Parameters.createConfigurationParameters(Parameters.java:190)at org.testng.internal.Invoker.invokeConfigurations(Invoker.java:209)at org.testng.internal.Invoker.invokeConfigurations(Invoker.java:142)at org.testng.internal.TestMethodWorker.invokeBeforeClassMethods(TestMethodWorker.java:163)at org.testng.internal.TestMethodWorker.run(TestMethodWorker.java:105)at org.testng.TestRunner.privateRun(TestRunner.java:648)at org.testng.TestRunner.run(TestRunner.java:505)at org.testng.SuiteRunner.runTest(SuiteRunner.java:455)at org.testng.SuiteRunner.runSequentially(SuiteRunner.java:450)at org.testng.SuiteRunner.privateRun(SuiteRunner.java:415)at org.testng.SuiteRunner.run(SuiteRunner.java:364)at org.testng.SuiteRunnerWorker.runSuite(SuiteRunnerWorker.java:52)at org.testng.SuiteRunnerWorker.run(SuiteRunnerWorker.java:84)at org.testng.TestNG.runSuitesSequentially(TestNG.java:1187)at org.testng.TestNG.runSuitesSequentially(TestNG.java:1183)at org.testng.TestNG.runSuitesLocally(TestNG.java:1116)at org.testng.TestNG.runSuites(TestNG.java:1028)at org.testng.TestNG.run(TestNG.java:996)at org.testng.remote.AbstractRemoteTestNG.run(AbstractRemoteTestNG.java:114)at org.testng.remote.RemoteTestNG.initAndRun(RemoteTestNG.java:251)at org.testng.remote.RemoteTestNG.main(RemoteTestNG.java:77)]]>
            </full-stacktrace>
          </exception> <!-- org.testng.TestNGException -->
          <reporter-output>
          </reporter-output>
        </test-method> <!-- PDAChecking -->
        <test-method status="SKIP" signature="tearDown()[pri:0, instance:src.com.pack.common.tests.PDATest@8b87145]" name="tearDown" is-config="true" duration-ms="0" started-at="2018-04-23T15:01:15Z" finished-at="2018-04-23T15:01:15Z">
          <reporter-output>
          </reporter-output>
        </test-method> <!-- tearDown -->
      </class> <!-- src.com.pack.common.tests.PDATest -->
    </test> <!-- Netthandelen -->
  </suite> <!-- PDA Bundling -->
  <suite name="Fixed Price Test Suite" duration-ms="0" started-at="2018-04-23T09:31:16Z" finished-at="2018-04-23T09:31:16Z">
    <groups>
    </groups>
  </suite> <!-- Fixed Price Test Suite -->
</testng-results>
