<?xml version="1.0" encoding="UTF-8"?>
<!-- Generated by org.testng.reporters.JUnitReportReporter -->
<testsuite skipped="0" hostname="DPCD-D6M98R1" name="src.com.pack.common.tests.LiveTest" tests="56" failures="0" timestamp="23 Apr 2018 06:20:22 GMT" time="1030.549" errors="1">
  <testcase name="HomepageTest" time="6.153" classname="src.com.pack.common.tests.LiveTest"/>
  <testcase name="HomepageTest" time="5.600" classname="src.com.pack.common.tests.LiveTest"/>
  <testcase name="HomepageTest" time="5.816" classname="src.com.pack.common.tests.LiveTest"/>
  <testcase name="HomepageTest" time="5.156" classname="src.com.pack.common.tests.LiveTest"/>
  <testcase name="HomepageTest" time="4.673" classname="src.com.pack.common.tests.LiveTest"/>
  <testcase name="HomepageTest" time="5.284" classname="src.com.pack.common.tests.LiveTest"/>
  <testcase name="HomepageTest" time="5.439" classname="src.com.pack.common.tests.LiveTest"/>
  <testcase name="SearchFunctionality" time="24.032" classname="src.com.pack.common.tests.LiveTest"/>
  <testcase name="SearchFunctionality" time="21.981" classname="src.com.pack.common.tests.LiveTest"/>
  <testcase name="SearchFunctionality" time="20.723" classname="src.com.pack.common.tests.LiveTest"/>
  <testcase name="SearchFunctionality" time="22.581" classname="src.com.pack.common.tests.LiveTest"/>
  <testcase name="SearchFunctionality" time="23.332" classname="src.com.pack.common.tests.LiveTest"/>
  <testcase name="SearchFunctionality" time="21.150" classname="src.com.pack.common.tests.LiveTest"/>
  <testcase name="SearchFunctionality" time="20.265" classname="src.com.pack.common.tests.LiveTest"/>
  <testcase name="register" time="3.922" classname="src.com.pack.common.tests.LiveTest"/>
  <testcase name="register" time="13.870" classname="src.com.pack.common.tests.LiveTest"/>
  <testcase name="register" time="14.013" classname="src.com.pack.common.tests.LiveTest"/>
  <testcase name="register" time="4.213" classname="src.com.pack.common.tests.LiveTest"/>
  <testcase name="register" time="15.342" classname="src.com.pack.common.tests.LiveTest"/>
  <testcase name="register" time="4.805" classname="src.com.pack.common.tests.LiveTest"/>
  <testcase name="register" time="3.884" classname="src.com.pack.common.tests.LiveTest"/>
  <testcase name="productList" time="32.230" classname="src.com.pack.common.tests.LiveTest"/>
  <testcase name="productList" time="26.869" classname="src.com.pack.common.tests.LiveTest"/>
  <testcase name="productList" time="32.019" classname="src.com.pack.common.tests.LiveTest"/>
  <testcase name="productList" time="31.514" classname="src.com.pack.common.tests.LiveTest"/>
  <testcase name="productList" time="32.398" classname="src.com.pack.common.tests.LiveTest"/>
  <testcase name="productList" time="30.036" classname="src.com.pack.common.tests.LiveTest"/>
  <testcase name="productList" time="28.979" classname="src.com.pack.common.tests.LiveTest"/>
  <testcase name="wishlist" time="29.135" classname="src.com.pack.common.tests.LiveTest"/>
  <testcase name="wishlist" time="28.251" classname="src.com.pack.common.tests.LiveTest"/>
  <testcase name="wishlist" time="26.955" classname="src.com.pack.common.tests.LiveTest"/>
  <testcase name="wishlist" time="27.184" classname="src.com.pack.common.tests.LiveTest"/>
  <testcase name="wishlist" time="25.997" classname="src.com.pack.common.tests.LiveTest"/>
  <testcase name="wishlist" time="26.097" classname="src.com.pack.common.tests.LiveTest"/>
  <testcase name="wishlist" time="26.644" classname="src.com.pack.common.tests.LiveTest"/>
  <testcase name="productdetail" time="0.373" classname="src.com.pack.common.tests.LiveTest"/>
  <testcase name="productdetail" time="0.420" classname="src.com.pack.common.tests.LiveTest"/>
  <testcase name="productdetail" time="0.388" classname="src.com.pack.common.tests.LiveTest"/>
  <testcase name="productdetail" time="0.377" classname="src.com.pack.common.tests.LiveTest"/>
  <testcase name="productdetail" time="0.424" classname="src.com.pack.common.tests.LiveTest"/>
  <testcase name="productdetail" time="0.394" classname="src.com.pack.common.tests.LiveTest"/>
  <testcase name="productdetail" time="0.453" classname="src.com.pack.common.tests.LiveTest"/>
  <testcase name="cartpage" time="30.488" classname="src.com.pack.common.tests.LiveTest"/>
  <testcase name="cartpage" time="33.300" classname="src.com.pack.common.tests.LiveTest"/>
  <testcase name="cartpage" time="23.989" classname="src.com.pack.common.tests.LiveTest"/>
  <testcase name="cartpage" time="155.585" classname="src.com.pack.common.tests.LiveTest"/>
  <testcase name="cartpage" time="23.864" classname="src.com.pack.common.tests.LiveTest"/>
  <testcase name="cartpage" time="22.306" classname="src.com.pack.common.tests.LiveTest"/>
  <testcase name="cartpage" time="29.647" classname="src.com.pack.common.tests.LiveTest"/>
  <testcase name="checkout" time="9.076" classname="src.com.pack.common.tests.LiveTest"/>
  <testcase name="checkout" time="7.935" classname="src.com.pack.common.tests.LiveTest"/>
  <testcase name="checkout" time="0.561" classname="src.com.pack.common.tests.LiveTest">
    <error type="org.openqa.selenium.StaleElementReferenceException" message="stale element reference: element is not attached to the page document
  (Session info: chrome=65.0.3325.181)
  (Driver info: chromedriver=2.36.540470 (e522d04694c7ebea4ba8821272dbef4f9b818c91),platform=Windows NT 6.1.7601 SP1 x86_64) (WARNING: The server did not provide any stacktrace information)
Command duration or timeout: 0 milliseconds
For documentation on this error, please visit: http://seleniumhq.org/exceptions/stale_element_reference.html
Build info: version: &#039;3.10.0&#039;, revision: &#039;176b4a9&#039;, time: &#039;2018-03-02T19:11:12.151Z&#039;
System info: host: &#039;DPCD-D6M98R1&#039;, ip: &#039;10.11.16.104&#039;, os.name: &#039;Windows 7&#039;, os.arch: &#039;amd64&#039;, os.version: &#039;6.1&#039;, java.version: &#039;1.8.0_151&#039;
Driver info: org.openqa.selenium.chrome.ChromeDriver
Capabilities {acceptInsecureCerts: false, acceptSslCerts: false, applicationCacheEnabled: false, browserConnectionEnabled: false, browserName: chrome, chrome: {chromedriverVersion: 2.36.540470 (e522d04694c7eb..., userDataDir: C:\Users\RAJEEV~1.SIN\AppDa...}, cssSelectorsEnabled: true, databaseEnabled: false, handlesAlerts: true, hasTouchScreen: false, javascriptEnabled: true, locationContextEnabled: true, mobileEmulationEnabled: false, nativeEvents: true, networkConnectionEnabled: false, pageLoadStrategy: normal, platform: XP, platformName: XP, rotatable: false, setWindowRect: true, takesHeapSnapshot: true, takesScreenshot: true, unexpectedAlertBehaviour: , unhandledPromptBehavior: , version: 65.0.3325.181, webStorageEnabled: true}
Session ID: 795da22701220f59b896f6314f9799c2">
      <![CDATA[org.openqa.selenium.StaleElementReferenceException: stale element reference: element is not attached to the page document  (Session info: chrome=65.0.3325.181)  (Driver info: chromedriver=2.36.540470 (e522d04694c7ebea4ba8821272dbef4f9b818c91),platform=Windows NT 6.1.7601 SP1 x86_64) (WARNING: The server did not provide any stacktrace information)Command duration or timeout: 0 millisecondsFor documentation on this error, please visit: http://seleniumhq.org/exceptions/stale_element_reference.htmlBuild info: version: '3.10.0', revision: '176b4a9', time: '2018-03-02T19:11:12.151Z'System info: host: 'DPCD-D6M98R1', ip: '10.11.16.104', os.name: 'Windows 7', os.arch: 'amd64', os.version: '6.1', java.version: '1.8.0_151'Driver info: org.openqa.selenium.chrome.ChromeDriverCapabilities {acceptInsecureCerts: false, acceptSslCerts: false, applicationCacheEnabled: false, browserConnectionEnabled: false, browserName: chrome, chrome: {chromedriverVersion: 2.36.540470 (e522d04694c7eb..., userDataDir: C:\Users\RAJEEV~1.SIN\AppDa...}, cssSelectorsEnabled: true, databaseEnabled: false, handlesAlerts: true, hasTouchScreen: false, javascriptEnabled: true, locationContextEnabled: true, mobileEmulationEnabled: false, nativeEvents: true, networkConnectionEnabled: false, pageLoadStrategy: normal, platform: XP, platformName: XP, rotatable: false, setWindowRect: true, takesHeapSnapshot: true, takesScreenshot: true, unexpectedAlertBehaviour: , unhandledPromptBehavior: , version: 65.0.3325.181, webStorageEnabled: true}Session ID: 795da22701220f59b896f6314f9799c2at sun.reflect.NativeConstructorAccessorImpl.newInstance0(Native Method)at sun.reflect.NativeConstructorAccessorImpl.newInstance(Unknown Source)at sun.reflect.DelegatingConstructorAccessorImpl.newInstance(Unknown Source)at java.lang.reflect.Constructor.newInstance(Unknown Source)at org.openqa.selenium.remote.ErrorHandler.createThrowable(ErrorHandler.java:214)at org.openqa.selenium.remote.ErrorHandler.throwIfResponseFailed(ErrorHandler.java:166)at org.openqa.selenium.remote.http.JsonHttpResponseCodec.reconstructValue(JsonHttpResponseCodec.java:40)at org.openqa.selenium.remote.http.AbstractHttpResponseCodec.decode(AbstractHttpResponseCodec.java:80)at org.openqa.selenium.remote.http.AbstractHttpResponseCodec.decode(AbstractHttpResponseCodec.java:44)at org.openqa.selenium.remote.HttpCommandExecutor.execute(HttpCommandExecutor.java:160)at org.openqa.selenium.remote.service.DriverCommandExecutor.execute(DriverCommandExecutor.java:83)at org.openqa.selenium.remote.RemoteWebDriver.execute(RemoteWebDriver.java:601)at org.openqa.selenium.remote.RemoteWebElement.execute(RemoteWebElement.java:279)at org.openqa.selenium.remote.RemoteWebElement.getText(RemoteWebElement.java:160)at src.com.pack.common.pageobjects.LivePage.checkpaymentmethod(LivePage.java:165)at src.com.pack.common.tests.LiveTest.checkout(LiveTest.java:255)at sun.reflect.NativeMethodAccessorImpl.invoke0(Native Method)at sun.reflect.NativeMethodAccessorImpl.invoke(Unknown Source)at sun.reflect.DelegatingMethodAccessorImpl.invoke(Unknown Source)at java.lang.reflect.Method.invoke(Unknown Source)at org.testng.internal.MethodInvocationHelper.invokeMethod(MethodInvocationHelper.java:124)at org.testng.internal.Invoker.invokeMethod(Invoker.java:571)at org.testng.internal.Invoker.invokeTestMethod(Invoker.java:707)at org.testng.internal.Invoker.invokeTestMethods(Invoker.java:979)at org.testng.internal.TestMethodWorker.invokeTestMethods(TestMethodWorker.java:125)at org.testng.internal.TestMethodWorker.run(TestMethodWorker.java:109)at org.testng.TestRunner.privateRun(TestRunner.java:648)at org.testng.TestRunner.run(TestRunner.java:505)at org.testng.SuiteRunner.runTest(SuiteRunner.java:455)at org.testng.SuiteRunner.runSequentially(SuiteRunner.java:450)at org.testng.SuiteRunner.privateRun(SuiteRunner.java:415)at org.testng.SuiteRunner.run(SuiteRunner.java:364)at org.testng.SuiteRunnerWorker.runSuite(SuiteRunnerWorker.java:52)at org.testng.SuiteRunnerWorker.run(SuiteRunnerWorker.java:84)at org.testng.TestNG.runSuitesSequentially(TestNG.java:1187)at org.testng.TestNG.runSuitesSequentially(TestNG.java:1183)at org.testng.TestNG.runSuitesLocally(TestNG.java:1116)at org.testng.TestNG.runSuites(TestNG.java:1028)at org.testng.TestNG.run(TestNG.java:996)at org.testng.remote.AbstractRemoteTestNG.run(AbstractRemoteTestNG.java:114)at org.testng.remote.RemoteTestNG.initAndRun(RemoteTestNG.java:251)at org.testng.remote.RemoteTestNG.main(RemoteTestNG.java:77)]]>
    </error>
  </testcase> <!-- checkout -->
  <testcase name="checkout" time="8.449" classname="src.com.pack.common.tests.LiveTest"/>
  <testcase name="checkout" time="8.421" classname="src.com.pack.common.tests.LiveTest"/>
  <testcase name="checkout" time="8.291" classname="src.com.pack.common.tests.LiveTest"/>
  <testcase name="checkout" time="9.266" classname="src.com.pack.common.tests.LiveTest"/>
</testsuite> <!-- src.com.pack.common.tests.LiveTest -->
