<?xml version="1.0" encoding="UTF-8"?>
<!-- Generated by org.testng.reporters.JUnitReportReporter -->
<testsuite skipped="37" hostname="DPCD-D6M98R1" name="src.com.pack.common.tests.CheckOutPageTest" tests="45" failures="0" timestamp="23 Apr 2018 09:31:17 GMT" time="37.011" errors="8">
  <testcase name="initializeTestBaseSetup" time="1.000" classname="src.com.pack.common.tests.CheckOutPageTest">
    <error type="org.testng.TestNGException" message="
Parameter &#039;env&#039; is required by BeforeClass on method initializeTestBaseSetup but has not been marked @Optional or defined
in C:\Users\rajeev.singh\workspace\Selenium_39\checkout.xml">
      <![CDATA[org.testng.TestNGException: Parameter 'env' is required by BeforeClass on method initializeTestBaseSetup but has not been marked @Optional or definedin C:\Users\rajeev.singh\workspace\Selenium_39\checkout.xmlat org.testng.internal.Parameters.createParams(Parameters.java:290)at org.testng.internal.Parameters.createParametersForMethod(Parameters.java:359)at org.testng.internal.Parameters.createParameters(Parameters.java:620)at org.testng.internal.Parameters.createConfigurationParameters(Parameters.java:190)at org.testng.internal.Invoker.invokeConfigurations(Invoker.java:209)at org.testng.internal.Invoker.invokeConfigurations(Invoker.java:142)at org.testng.internal.TestMethodWorker.invokeBeforeClassMethods(TestMethodWorker.java:163)at org.testng.internal.TestMethodWorker.run(TestMethodWorker.java:105)at org.testng.TestRunner.privateRun(TestRunner.java:648)at org.testng.TestRunner.run(TestRunner.java:505)at org.testng.SuiteRunner.runTest(SuiteRunner.java:455)at org.testng.SuiteRunner.runSequentially(SuiteRunner.java:450)at org.testng.SuiteRunner.privateRun(SuiteRunner.java:415)at org.testng.SuiteRunner.run(SuiteRunner.java:364)at org.testng.SuiteRunnerWorker.runSuite(SuiteRunnerWorker.java:52)at org.testng.SuiteRunnerWorker.run(SuiteRunnerWorker.java:84)at org.testng.TestNG.runSuitesSequentially(TestNG.java:1187)at org.testng.TestNG.runSuitesSequentially(TestNG.java:1183)at org.testng.TestNG.runSuitesLocally(TestNG.java:1116)at org.testng.TestNG.runSuites(TestNG.java:1028)at org.testng.TestNG.run(TestNG.java:996)at org.testng.remote.AbstractRemoteTestNG.run(AbstractRemoteTestNG.java:114)at org.testng.remote.RemoteTestNG.initAndRun(RemoteTestNG.java:251)at org.testng.remote.RemoteTestNG.main(RemoteTestNG.java:77)]]>
    </error>
  </testcase> <!-- initializeTestBaseSetup -->
  <testcase name="initializeTestBaseSetup" time="1.000" classname="src.com.pack.common.tests.CheckOutPageTest">
    <error type="org.testng.TestNGException" message="
Parameter &#039;env&#039; is required by BeforeClass on method initializeTestBaseSetup but has not been marked @Optional or defined
in C:\Users\rajeev.singh\workspace\Selenium_39\checkout.xml">
      <![CDATA[org.testng.TestNGException: Parameter 'env' is required by BeforeClass on method initializeTestBaseSetup but has not been marked @Optional or definedin C:\Users\rajeev.singh\workspace\Selenium_39\checkout.xmlat org.testng.internal.Parameters.createParams(Parameters.java:290)at org.testng.internal.Parameters.createParametersForMethod(Parameters.java:359)at org.testng.internal.Parameters.createParameters(Parameters.java:620)at org.testng.internal.Parameters.createConfigurationParameters(Parameters.java:190)at org.testng.internal.Invoker.invokeConfigurations(Invoker.java:209)at org.testng.internal.Invoker.invokeConfigurations(Invoker.java:142)at org.testng.internal.TestMethodWorker.invokeBeforeClassMethods(TestMethodWorker.java:163)at org.testng.internal.TestMethodWorker.run(TestMethodWorker.java:105)at org.testng.TestRunner.privateRun(TestRunner.java:648)at org.testng.TestRunner.run(TestRunner.java:505)at org.testng.SuiteRunner.runTest(SuiteRunner.java:455)at org.testng.SuiteRunner.runSequentially(SuiteRunner.java:450)at org.testng.SuiteRunner.privateRun(SuiteRunner.java:415)at org.testng.SuiteRunner.run(SuiteRunner.java:364)at org.testng.SuiteRunnerWorker.runSuite(SuiteRunnerWorker.java:52)at org.testng.SuiteRunnerWorker.run(SuiteRunnerWorker.java:84)at org.testng.TestNG.runSuitesSequentially(TestNG.java:1187)at org.testng.TestNG.runSuitesSequentially(TestNG.java:1183)at org.testng.TestNG.runSuitesLocally(TestNG.java:1116)at org.testng.TestNG.runSuites(TestNG.java:1028)at org.testng.TestNG.run(TestNG.java:996)at org.testng.remote.AbstractRemoteTestNG.run(AbstractRemoteTestNG.java:114)at org.testng.remote.RemoteTestNG.initAndRun(RemoteTestNG.java:251)at org.testng.remote.RemoteTestNG.main(RemoteTestNG.java:77)]]>
    </error>
  </testcase> <!-- initializeTestBaseSetup -->
  <testcase name="initializeTestBaseSetup" time="1.000" classname="src.com.pack.common.tests.CheckOutPageTest">
    <error type="org.testng.TestNGException" message="
Parameter &#039;env&#039; is required by BeforeClass on method initializeTestBaseSetup but has not been marked @Optional or defined
in C:\Users\rajeev.singh\workspace\Selenium_39\checkout.xml">
      <![CDATA[org.testng.TestNGException: Parameter 'env' is required by BeforeClass on method initializeTestBaseSetup but has not been marked @Optional or definedin C:\Users\rajeev.singh\workspace\Selenium_39\checkout.xmlat org.testng.internal.Parameters.createParams(Parameters.java:290)at org.testng.internal.Parameters.createParametersForMethod(Parameters.java:359)at org.testng.internal.Parameters.createParameters(Parameters.java:620)at org.testng.internal.Parameters.createConfigurationParameters(Parameters.java:190)at org.testng.internal.Invoker.invokeConfigurations(Invoker.java:209)at org.testng.internal.Invoker.invokeConfigurations(Invoker.java:142)at org.testng.internal.TestMethodWorker.invokeBeforeClassMethods(TestMethodWorker.java:163)at org.testng.internal.TestMethodWorker.run(TestMethodWorker.java:105)at org.testng.TestRunner.privateRun(TestRunner.java:648)at org.testng.TestRunner.run(TestRunner.java:505)at org.testng.SuiteRunner.runTest(SuiteRunner.java:455)at org.testng.SuiteRunner.runSequentially(SuiteRunner.java:450)at org.testng.SuiteRunner.privateRun(SuiteRunner.java:415)at org.testng.SuiteRunner.run(SuiteRunner.java:364)at org.testng.SuiteRunnerWorker.runSuite(SuiteRunnerWorker.java:52)at org.testng.SuiteRunnerWorker.run(SuiteRunnerWorker.java:84)at org.testng.TestNG.runSuitesSequentially(TestNG.java:1187)at org.testng.TestNG.runSuitesSequentially(TestNG.java:1183)at org.testng.TestNG.runSuitesLocally(TestNG.java:1116)at org.testng.TestNG.runSuites(TestNG.java:1028)at org.testng.TestNG.run(TestNG.java:996)at org.testng.remote.AbstractRemoteTestNG.run(AbstractRemoteTestNG.java:114)at org.testng.remote.RemoteTestNG.initAndRun(RemoteTestNG.java:251)at org.testng.remote.RemoteTestNG.main(RemoteTestNG.java:77)]]>
    </error>
  </testcase> <!-- initializeTestBaseSetup -->
  <testcase name="initializeTestBaseSetup" time="1.000" classname="src.com.pack.common.tests.CheckOutPageTest">
    <error type="org.testng.TestNGException" message="
Parameter &#039;env&#039; is required by BeforeClass on method initializeTestBaseSetup but has not been marked @Optional or defined
in C:\Users\rajeev.singh\workspace\Selenium_39\checkout.xml">
      <![CDATA[org.testng.TestNGException: Parameter 'env' is required by BeforeClass on method initializeTestBaseSetup but has not been marked @Optional or definedin C:\Users\rajeev.singh\workspace\Selenium_39\checkout.xmlat org.testng.internal.Parameters.createParams(Parameters.java:290)at org.testng.internal.Parameters.createParametersForMethod(Parameters.java:359)at org.testng.internal.Parameters.createParameters(Parameters.java:620)at org.testng.internal.Parameters.createConfigurationParameters(Parameters.java:190)at org.testng.internal.Invoker.invokeConfigurations(Invoker.java:209)at org.testng.internal.Invoker.invokeConfigurations(Invoker.java:142)at org.testng.internal.TestMethodWorker.invokeBeforeClassMethods(TestMethodWorker.java:163)at org.testng.internal.TestMethodWorker.run(TestMethodWorker.java:105)at org.testng.TestRunner.privateRun(TestRunner.java:648)at org.testng.TestRunner.run(TestRunner.java:505)at org.testng.SuiteRunner.runTest(SuiteRunner.java:455)at org.testng.SuiteRunner.runSequentially(SuiteRunner.java:450)at org.testng.SuiteRunner.privateRun(SuiteRunner.java:415)at org.testng.SuiteRunner.run(SuiteRunner.java:364)at org.testng.SuiteRunnerWorker.runSuite(SuiteRunnerWorker.java:52)at org.testng.SuiteRunnerWorker.run(SuiteRunnerWorker.java:84)at org.testng.TestNG.runSuitesSequentially(TestNG.java:1187)at org.testng.TestNG.runSuitesSequentially(TestNG.java:1183)at org.testng.TestNG.runSuitesLocally(TestNG.java:1116)at org.testng.TestNG.runSuites(TestNG.java:1028)at org.testng.TestNG.run(TestNG.java:996)at org.testng.remote.AbstractRemoteTestNG.run(AbstractRemoteTestNG.java:114)at org.testng.remote.RemoteTestNG.initAndRun(RemoteTestNG.java:251)at org.testng.remote.RemoteTestNG.main(RemoteTestNG.java:77)]]>
    </error>
  </testcase> <!-- initializeTestBaseSetup -->
  <testcase name="initializeTestBaseSetup" time="1.000" classname="src.com.pack.common.tests.CheckOutPageTest">
    <error type="org.testng.TestNGException" message="
Parameter &#039;env&#039; is required by BeforeClass on method initializeTestBaseSetup but has not been marked @Optional or defined
in C:\Users\rajeev.singh\workspace\Selenium_39\checkout.xml">
      <![CDATA[org.testng.TestNGException: Parameter 'env' is required by BeforeClass on method initializeTestBaseSetup but has not been marked @Optional or definedin C:\Users\rajeev.singh\workspace\Selenium_39\checkout.xmlat org.testng.internal.Parameters.createParams(Parameters.java:290)at org.testng.internal.Parameters.createParametersForMethod(Parameters.java:359)at org.testng.internal.Parameters.createParameters(Parameters.java:620)at org.testng.internal.Parameters.createConfigurationParameters(Parameters.java:190)at org.testng.internal.Invoker.invokeConfigurations(Invoker.java:209)at org.testng.internal.Invoker.invokeConfigurations(Invoker.java:142)at org.testng.internal.TestMethodWorker.invokeBeforeClassMethods(TestMethodWorker.java:163)at org.testng.internal.TestMethodWorker.run(TestMethodWorker.java:105)at org.testng.TestRunner.privateRun(TestRunner.java:648)at org.testng.TestRunner.run(TestRunner.java:505)at org.testng.SuiteRunner.runTest(SuiteRunner.java:455)at org.testng.SuiteRunner.runSequentially(SuiteRunner.java:450)at org.testng.SuiteRunner.privateRun(SuiteRunner.java:415)at org.testng.SuiteRunner.run(SuiteRunner.java:364)at org.testng.SuiteRunnerWorker.runSuite(SuiteRunnerWorker.java:52)at org.testng.SuiteRunnerWorker.run(SuiteRunnerWorker.java:84)at org.testng.TestNG.runSuitesSequentially(TestNG.java:1187)at org.testng.TestNG.runSuitesSequentially(TestNG.java:1183)at org.testng.TestNG.runSuitesLocally(TestNG.java:1116)at org.testng.TestNG.runSuites(TestNG.java:1028)at org.testng.TestNG.run(TestNG.java:996)at org.testng.remote.AbstractRemoteTestNG.run(AbstractRemoteTestNG.java:114)at org.testng.remote.RemoteTestNG.initAndRun(RemoteTestNG.java:251)at org.testng.remote.RemoteTestNG.main(RemoteTestNG.java:77)]]>
    </error>
  </testcase> <!-- initializeTestBaseSetup -->
  <testcase name="initializeTestBaseSetup" time="1.000" classname="src.com.pack.common.tests.CheckOutPageTest">
    <error type="org.testng.TestNGException" message="
Parameter &#039;env&#039; is required by BeforeClass on method initializeTestBaseSetup but has not been marked @Optional or defined
in C:\Users\rajeev.singh\workspace\Selenium_39\checkout.xml">
      <![CDATA[org.testng.TestNGException: Parameter 'env' is required by BeforeClass on method initializeTestBaseSetup but has not been marked @Optional or definedin C:\Users\rajeev.singh\workspace\Selenium_39\checkout.xmlat org.testng.internal.Parameters.createParams(Parameters.java:290)at org.testng.internal.Parameters.createParametersForMethod(Parameters.java:359)at org.testng.internal.Parameters.createParameters(Parameters.java:620)at org.testng.internal.Parameters.createConfigurationParameters(Parameters.java:190)at org.testng.internal.Invoker.invokeConfigurations(Invoker.java:209)at org.testng.internal.Invoker.invokeConfigurations(Invoker.java:142)at org.testng.internal.TestMethodWorker.invokeBeforeClassMethods(TestMethodWorker.java:163)at org.testng.internal.TestMethodWorker.run(TestMethodWorker.java:105)at org.testng.TestRunner.privateRun(TestRunner.java:648)at org.testng.TestRunner.run(TestRunner.java:505)at org.testng.SuiteRunner.runTest(SuiteRunner.java:455)at org.testng.SuiteRunner.runSequentially(SuiteRunner.java:450)at org.testng.SuiteRunner.privateRun(SuiteRunner.java:415)at org.testng.SuiteRunner.run(SuiteRunner.java:364)at org.testng.SuiteRunnerWorker.runSuite(SuiteRunnerWorker.java:52)at org.testng.SuiteRunnerWorker.run(SuiteRunnerWorker.java:84)at org.testng.TestNG.runSuitesSequentially(TestNG.java:1187)at org.testng.TestNG.runSuitesSequentially(TestNG.java:1183)at org.testng.TestNG.runSuitesLocally(TestNG.java:1116)at org.testng.TestNG.runSuites(TestNG.java:1028)at org.testng.TestNG.run(TestNG.java:996)at org.testng.remote.AbstractRemoteTestNG.run(AbstractRemoteTestNG.java:114)at org.testng.remote.RemoteTestNG.initAndRun(RemoteTestNG.java:251)at org.testng.remote.RemoteTestNG.main(RemoteTestNG.java:77)]]>
    </error>
  </testcase> <!-- initializeTestBaseSetup -->
  <testcase name="initializeTestBaseSetup" time="1.000" classname="src.com.pack.common.tests.CheckOutPageTest">
    <error type="org.testng.TestNGException" message="
Parameter &#039;env&#039; is required by BeforeClass on method initializeTestBaseSetup but has not been marked @Optional or defined
in C:\Users\rajeev.singh\workspace\Selenium_39\checkout.xml">
      <![CDATA[org.testng.TestNGException: Parameter 'env' is required by BeforeClass on method initializeTestBaseSetup but has not been marked @Optional or definedin C:\Users\rajeev.singh\workspace\Selenium_39\checkout.xmlat org.testng.internal.Parameters.createParams(Parameters.java:290)at org.testng.internal.Parameters.createParametersForMethod(Parameters.java:359)at org.testng.internal.Parameters.createParameters(Parameters.java:620)at org.testng.internal.Parameters.createConfigurationParameters(Parameters.java:190)at org.testng.internal.Invoker.invokeConfigurations(Invoker.java:209)at org.testng.internal.Invoker.invokeConfigurations(Invoker.java:142)at org.testng.internal.TestMethodWorker.invokeBeforeClassMethods(TestMethodWorker.java:163)at org.testng.internal.TestMethodWorker.run(TestMethodWorker.java:105)at org.testng.TestRunner.privateRun(TestRunner.java:648)at org.testng.TestRunner.run(TestRunner.java:505)at org.testng.SuiteRunner.runTest(SuiteRunner.java:455)at org.testng.SuiteRunner.runSequentially(SuiteRunner.java:450)at org.testng.SuiteRunner.privateRun(SuiteRunner.java:415)at org.testng.SuiteRunner.run(SuiteRunner.java:364)at org.testng.SuiteRunnerWorker.runSuite(SuiteRunnerWorker.java:52)at org.testng.SuiteRunnerWorker.run(SuiteRunnerWorker.java:84)at org.testng.TestNG.runSuitesSequentially(TestNG.java:1187)at org.testng.TestNG.runSuitesSequentially(TestNG.java:1183)at org.testng.TestNG.runSuitesLocally(TestNG.java:1116)at org.testng.TestNG.runSuites(TestNG.java:1028)at org.testng.TestNG.run(TestNG.java:996)at org.testng.remote.AbstractRemoteTestNG.run(AbstractRemoteTestNG.java:114)at org.testng.remote.RemoteTestNG.initAndRun(RemoteTestNG.java:251)at org.testng.remote.RemoteTestNG.main(RemoteTestNG.java:77)]]>
    </error>
  </testcase> <!-- initializeTestBaseSetup -->
  <testcase name="initializeTestBaseSetup" time="1.000" classname="src.com.pack.common.tests.CheckOutPageTest">
    <error type="org.testng.TestNGException" message="
Parameter &#039;env&#039; is required by BeforeClass on method initializeTestBaseSetup but has not been marked @Optional or defined
in C:\Users\rajeev.singh\workspace\Selenium_39\checkout.xml">
      <![CDATA[org.testng.TestNGException: Parameter 'env' is required by BeforeClass on method initializeTestBaseSetup but has not been marked @Optional or definedin C:\Users\rajeev.singh\workspace\Selenium_39\checkout.xmlat org.testng.internal.Parameters.createParams(Parameters.java:290)at org.testng.internal.Parameters.createParametersForMethod(Parameters.java:359)at org.testng.internal.Parameters.createParameters(Parameters.java:620)at org.testng.internal.Parameters.createConfigurationParameters(Parameters.java:190)at org.testng.internal.Invoker.invokeConfigurations(Invoker.java:209)at org.testng.internal.Invoker.invokeConfigurations(Invoker.java:142)at org.testng.internal.TestMethodWorker.invokeBeforeClassMethods(TestMethodWorker.java:163)at org.testng.internal.TestMethodWorker.run(TestMethodWorker.java:105)at org.testng.TestRunner.privateRun(TestRunner.java:648)at org.testng.TestRunner.run(TestRunner.java:505)at org.testng.SuiteRunner.runTest(SuiteRunner.java:455)at org.testng.SuiteRunner.runSequentially(SuiteRunner.java:450)at org.testng.SuiteRunner.privateRun(SuiteRunner.java:415)at org.testng.SuiteRunner.run(SuiteRunner.java:364)at org.testng.SuiteRunnerWorker.runSuite(SuiteRunnerWorker.java:52)at org.testng.SuiteRunnerWorker.run(SuiteRunnerWorker.java:84)at org.testng.TestNG.runSuitesSequentially(TestNG.java:1187)at org.testng.TestNG.runSuitesSequentially(TestNG.java:1183)at org.testng.TestNG.runSuitesLocally(TestNG.java:1116)at org.testng.TestNG.runSuites(TestNG.java:1028)at org.testng.TestNG.run(TestNG.java:996)at org.testng.remote.AbstractRemoteTestNG.run(AbstractRemoteTestNG.java:114)at org.testng.remote.RemoteTestNG.initAndRun(RemoteTestNG.java:251)at org.testng.remote.RemoteTestNG.main(RemoteTestNG.java:77)]]>
    </error>
  </testcase> <!-- initializeTestBaseSetup -->
  <testcase name="guestPrepayment" time="1.000" classname="src.com.pack.common.tests.CheckOutPageTest">
    <skipped/>
  </testcase> <!-- guestPrepayment -->
  <testcase name="guestPrepayment" time="1.000" classname="src.com.pack.common.tests.CheckOutPageTest">
    <skipped/>
  </testcase> <!-- guestPrepayment -->
  <testcase name="guestBankaxess" time="1.001" classname="src.com.pack.common.tests.CheckOutPageTest">
    <skipped/>
  </testcase> <!-- guestBankaxess -->
  <testcase name="guestCheckout" time="1.001" classname="src.com.pack.common.tests.CheckOutPageTest">
    <skipped/>
  </testcase> <!-- guestCheckout -->
  <testcase name="guestCheckout" time="1.000" classname="src.com.pack.common.tests.CheckOutPageTest">
    <skipped/>
  </testcase> <!-- guestCheckout -->
  <testcase name="guestCheckout" time="1.000" classname="src.com.pack.common.tests.CheckOutPageTest">
    <skipped/>
  </testcase> <!-- guestCheckout -->
  <testcase name="guestCheckout" time="1.000" classname="src.com.pack.common.tests.CheckOutPageTest">
    <skipped/>
  </testcase> <!-- guestCheckout -->
  <testcase name="guestCheckout" time="1.000" classname="src.com.pack.common.tests.CheckOutPageTest">
    <skipped/>
  </testcase> <!-- guestCheckout -->
  <testcase name="guestCheckout" time="1.001" classname="src.com.pack.common.tests.CheckOutPageTest">
    <skipped/>
  </testcase> <!-- guestCheckout -->
  <testcase name="guestCheckout" time="1.000" classname="src.com.pack.common.tests.CheckOutPageTest">
    <skipped/>
  </testcase> <!-- guestCheckout -->
  <testcase name="mastercguest" time="1.000" classname="src.com.pack.common.tests.CheckOutPageTest">
    <skipped/>
  </testcase> <!-- mastercguest -->
  <testcase name="mastercguest" time="1.000" classname="src.com.pack.common.tests.CheckOutPageTest">
    <skipped/>
  </testcase> <!-- mastercguest -->
  <testcase name="mastercguest" time="1.000" classname="src.com.pack.common.tests.CheckOutPageTest">
    <skipped/>
  </testcase> <!-- mastercguest -->
  <testcase name="mastercguest" time="1.000" classname="src.com.pack.common.tests.CheckOutPageTest">
    <skipped/>
  </testcase> <!-- mastercguest -->
  <testcase name="mastercguest" time="1.000" classname="src.com.pack.common.tests.CheckOutPageTest">
    <skipped/>
  </testcase> <!-- mastercguest -->
  <testcase name="mastercguest" time="1.000" classname="src.com.pack.common.tests.CheckOutPageTest">
    <skipped/>
  </testcase> <!-- mastercguest -->
  <testcase name="mastercguest" time="1.001" classname="src.com.pack.common.tests.CheckOutPageTest">
    <skipped/>
  </testcase> <!-- mastercguest -->
  <testcase name="loggedinuserCheckout" time="1.001" classname="src.com.pack.common.tests.CheckOutPageTest">
    <skipped/>
  </testcase> <!-- loggedinuserCheckout -->
  <testcase name="loggedinuserCheckout" time="1.000" classname="src.com.pack.common.tests.CheckOutPageTest">
    <skipped/>
  </testcase> <!-- loggedinuserCheckout -->
  <testcase name="loggedinuserCheckout" time="1.000" classname="src.com.pack.common.tests.CheckOutPageTest">
    <skipped/>
  </testcase> <!-- loggedinuserCheckout -->
  <testcase name="loggedinuserCheckout" time="1.002" classname="src.com.pack.common.tests.CheckOutPageTest">
    <skipped/>
  </testcase> <!-- loggedinuserCheckout -->
  <testcase name="loggedinuserCheckout" time="1.000" classname="src.com.pack.common.tests.CheckOutPageTest">
    <skipped/>
  </testcase> <!-- loggedinuserCheckout -->
  <testcase name="loggedinuserCheckout" time="1.002" classname="src.com.pack.common.tests.CheckOutPageTest">
    <skipped/>
  </testcase> <!-- loggedinuserCheckout -->
  <testcase name="loggedinuserCheckout" time="1.000" classname="src.com.pack.common.tests.CheckOutPageTest">
    <skipped/>
  </testcase> <!-- loggedinuserCheckout -->
  <testcase name="loggedinuserCheckout" time="1.001" classname="src.com.pack.common.tests.CheckOutPageTest">
    <skipped/>
  </testcase> <!-- loggedinuserCheckout -->
  <testcase name="loggedinusersofort" time="0.000" classname="src.com.pack.common.tests.CheckOutPageTest">
    <skipped/>
  </testcase> <!-- loggedinusersofort -->
  <testcase name="loggedinusersofort" time="1.001" classname="src.com.pack.common.tests.CheckOutPageTest">
    <skipped/>
  </testcase> <!-- loggedinusersofort -->
  <testcase name="loggedinuserpaypal" time="1.000" classname="src.com.pack.common.tests.CheckOutPageTest">
    <skipped/>
  </testcase> <!-- loggedinuserpaypal -->
  <testcase name="loggedinuserCollector" time="0.000" classname="src.com.pack.common.tests.CheckOutPageTest">
    <skipped/>
  </testcase> <!-- loggedinuserCollector -->
  <testcase name="loggedinuserCollector" time="1.000" classname="src.com.pack.common.tests.CheckOutPageTest">
    <skipped/>
  </testcase> <!-- loggedinuserCollector -->
  <testcase name="loggedinuserCollector" time="0.000" classname="src.com.pack.common.tests.CheckOutPageTest">
    <skipped/>
  </testcase> <!-- loggedinuserCollector -->
  <testcase name="loggedinuserCollector" time="1.000" classname="src.com.pack.common.tests.CheckOutPageTest">
    <skipped/>
  </testcase> <!-- loggedinuserCollector -->
  <testcase name="loggedinuserCollector" time="0.000" classname="src.com.pack.common.tests.CheckOutPageTest">
    <skipped/>
  </testcase> <!-- loggedinuserCollector -->
  <testcase name="loggedinuserCollector" time="0.000" classname="src.com.pack.common.tests.CheckOutPageTest">
    <skipped/>
  </testcase> <!-- loggedinuserCollector -->
  <testcase name="loggedinuserDankort" time="0.000" classname="src.com.pack.common.tests.CheckOutPageTest">
    <skipped/>
  </testcase> <!-- loggedinuserDankort -->
  <testcase name="loggedinuserTrustly" time="0.000" classname="src.com.pack.common.tests.CheckOutPageTest">
    <skipped/>
  </testcase> <!-- loggedinuserTrustly -->
  <testcase name="loggedinuserTrustly" time="0.000" classname="src.com.pack.common.tests.CheckOutPageTest">
    <skipped/>
  </testcase> <!-- loggedinuserTrustly -->
</testsuite> <!-- src.com.pack.common.tests.CheckOutPageTest -->
